CRITICAL - 2022-05-17 14:01:04 --> Invalid file: head.php
#0 C:\xampp\htdocs\RamirezAlfredo-P1\system\View\View.php(198): CodeIgniter\Exceptions\FrameworkException::forInvalidFile('head.php')
#1 C:\xampp\htdocs\RamirezAlfredo-P1\system\Common.php(1089): CodeIgniter\View\View->render('head', Array, true)
#2 C:\xampp\htdocs\RamirezAlfredo-P1\app\Controllers\UsuarioController.php(16): view('head', Array)
#3 C:\xampp\htdocs\RamirezAlfredo-P1\system\CodeIgniter.php(832): App\Controllers\UsuarioController->create()
#4 C:\xampp\htdocs\RamirezAlfredo-P1\system\CodeIgniter.php(419): CodeIgniter\CodeIgniter->runController(Object(App\Controllers\UsuarioController))
#5 C:\xampp\htdocs\RamirezAlfredo-P1\system\CodeIgniter.php(326): CodeIgniter\CodeIgniter->handleRequest(NULL, Object(Config\Cache), false)
#6 C:\xampp\htdocs\RamirezAlfredo-P1\index.php(37): CodeIgniter\CodeIgniter->run()
#7 {main}
CRITICAL - 2022-05-17 14:03:29 --> Invalid file: head.php
#0 C:\xampp\htdocs\RamirezAlfredo-P1\system\View\View.php(198): CodeIgniter\Exceptions\FrameworkException::forInvalidFile('head.php')
#1 C:\xampp\htdocs\RamirezAlfredo-P1\system\Common.php(1089): CodeIgniter\View\View->render('head', Array, true)
#2 C:\xampp\htdocs\RamirezAlfredo-P1\app\Controllers\UsuarioController.php(16): view('head', Array)
#3 C:\xampp\htdocs\RamirezAlfredo-P1\system\CodeIgniter.php(832): App\Controllers\UsuarioController->create()
#4 C:\xampp\htdocs\RamirezAlfredo-P1\system\CodeIgniter.php(419): CodeIgniter\CodeIgniter->runController(Object(App\Controllers\UsuarioController))
#5 C:\xampp\htdocs\RamirezAlfredo-P1\system\CodeIgniter.php(326): CodeIgniter\CodeIgniter->handleRequest(NULL, Object(Config\Cache), false)
#6 C:\xampp\htdocs\RamirezAlfredo-P1\index.php(37): CodeIgniter\CodeIgniter->run()
#7 {main}
CRITICAL - 2022-05-17 14:05:06 --> Invalid file: head.php
#0 C:\xampp\htdocs\RamirezAlfredo-P1\system\View\View.php(198): CodeIgniter\Exceptions\FrameworkException::forInvalidFile('head.php')
#1 C:\xampp\htdocs\RamirezAlfredo-P1\system\Common.php(1089): CodeIgniter\View\View->render('head', Array, true)
#2 C:\xampp\htdocs\RamirezAlfredo-P1\app\Controllers\UsuarioController.php(16): view('head', Array)
#3 C:\xampp\htdocs\RamirezAlfredo-P1\system\CodeIgniter.php(832): App\Controllers\UsuarioController->create()
#4 C:\xampp\htdocs\RamirezAlfredo-P1\system\CodeIgniter.php(419): CodeIgniter\CodeIgniter->runController(Object(App\Controllers\UsuarioController))
#5 C:\xampp\htdocs\RamirezAlfredo-P1\system\CodeIgniter.php(326): CodeIgniter\CodeIgniter->handleRequest(NULL, Object(Config\Cache), false)
#6 C:\xampp\htdocs\RamirezAlfredo-P1\index.php(37): CodeIgniter\CodeIgniter->run()
#7 {main}
CRITICAL - 2022-05-17 14:05:16 --> Invalid file: head.php
#0 C:\xampp\htdocs\RamirezAlfredo-P1\system\View\View.php(198): CodeIgniter\Exceptions\FrameworkException::forInvalidFile('head.php')
#1 C:\xampp\htdocs\RamirezAlfredo-P1\system\Common.php(1089): CodeIgniter\View\View->render('head', Array, true)
#2 C:\xampp\htdocs\RamirezAlfredo-P1\app\Controllers\UsuarioController.php(16): view('head', Array)
#3 C:\xampp\htdocs\RamirezAlfredo-P1\system\CodeIgniter.php(832): App\Controllers\UsuarioController->create()
#4 C:\xampp\htdocs\RamirezAlfredo-P1\system\CodeIgniter.php(419): CodeIgniter\CodeIgniter->runController(Object(App\Controllers\UsuarioController))
#5 C:\xampp\htdocs\RamirezAlfredo-P1\system\CodeIgniter.php(326): CodeIgniter\CodeIgniter->handleRequest(NULL, Object(Config\Cache), false)
#6 C:\xampp\htdocs\RamirezAlfredo-P1\index.php(37): CodeIgniter\CodeIgniter->run()
#7 {main}
CRITICAL - 2022-05-17 14:14:24 --> Invalid file: head.php
#0 C:\xampp\htdocs\RamirezAlfredo-P1\system\View\View.php(198): CodeIgniter\Exceptions\FrameworkException::forInvalidFile('head.php')
#1 C:\xampp\htdocs\RamirezAlfredo-P1\system\Common.php(1089): CodeIgniter\View\View->render('head', Array, true)
#2 C:\xampp\htdocs\RamirezAlfredo-P1\app\Controllers\UsuarioController.php(16): view('head', Array)
#3 C:\xampp\htdocs\RamirezAlfredo-P1\system\CodeIgniter.php(832): App\Controllers\UsuarioController->create()
#4 C:\xampp\htdocs\RamirezAlfredo-P1\system\CodeIgniter.php(419): CodeIgniter\CodeIgniter->runController(Object(App\Controllers\UsuarioController))
#5 C:\xampp\htdocs\RamirezAlfredo-P1\system\CodeIgniter.php(326): CodeIgniter\CodeIgniter->handleRequest(NULL, Object(Config\Cache), false)
#6 C:\xampp\htdocs\RamirezAlfredo-P1\index.php(37): CodeIgniter\CodeIgniter->run()
#7 {main}
CRITICAL - 2022-05-17 14:16:25 --> Invalid file: head.php
#0 C:\xampp\htdocs\RamirezAlfredo-P1\system\View\View.php(198): CodeIgniter\Exceptions\FrameworkException::forInvalidFile('head.php')
#1 C:\xampp\htdocs\RamirezAlfredo-P1\system\Common.php(1089): CodeIgniter\View\View->render('head', Array, true)
#2 C:\xampp\htdocs\RamirezAlfredo-P1\app\Controllers\UsuarioController.php(16): view('head', Array)
#3 C:\xampp\htdocs\RamirezAlfredo-P1\system\CodeIgniter.php(832): App\Controllers\UsuarioController->create()
#4 C:\xampp\htdocs\RamirezAlfredo-P1\system\CodeIgniter.php(419): CodeIgniter\CodeIgniter->runController(Object(App\Controllers\UsuarioController))
#5 C:\xampp\htdocs\RamirezAlfredo-P1\system\CodeIgniter.php(326): CodeIgniter\CodeIgniter->handleRequest(NULL, Object(Config\Cache), false)
#6 C:\xampp\htdocs\RamirezAlfredo-P1\index.php(37): CodeIgniter\CodeIgniter->run()
#7 {main}
ERROR - 2022-05-17 14:17:43 --> Error connecting to the database: Access denied for user ''@'localhost' (using password: NO)
CRITICAL - 2022-05-17 14:17:43 --> Unable to connect to the database.
Main connection [MySQLi]: Access denied for user ''@'localhost' (using password: NO)
#0 C:\xampp\htdocs\RamirezAlfredo-P1\system\Database\BaseConnection.php(577): CodeIgniter\Database\BaseConnection->initialize()
#1 C:\xampp\htdocs\RamirezAlfredo-P1\system\Database\BaseBuilder.php(1455): CodeIgniter\Database\BaseConnection->query('SELECT 1\nFROM `...', Array, false)
#2 C:\xampp\htdocs\RamirezAlfredo-P1\system\Validation\Rules.php(142): CodeIgniter\Database\BaseBuilder->get()
#3 C:\xampp\htdocs\RamirezAlfredo-P1\system\Validation\Validation.php(292): CodeIgniter\Validation\Rules->is_unique('ramirezalfredoa...', 'email', Array, NULL)
#4 C:\xampp\htdocs\RamirezAlfredo-P1\system\Validation\Validation.php(157): CodeIgniter\Validation\Validation->processRules('email', 'email', 'ramirezalfredoa...', Array, Array)
#5 C:\xampp\htdocs\RamirezAlfredo-P1\system\Controller.php(160): CodeIgniter\Validation\Validation->run()
#6 C:\xampp\htdocs\RamirezAlfredo-P1\app\Controllers\UsuarioController.php(27): CodeIgniter\Controller->validate(Array)
#7 C:\xampp\htdocs\RamirezAlfredo-P1\system\CodeIgniter.php(832): App\Controllers\UsuarioController->formValidation()
#8 C:\xampp\htdocs\RamirezAlfredo-P1\system\CodeIgniter.php(419): CodeIgniter\CodeIgniter->runController(Object(App\Controllers\UsuarioController))
#9 C:\xampp\htdocs\RamirezAlfredo-P1\system\CodeIgniter.php(326): CodeIgniter\CodeIgniter->handleRequest(NULL, Object(Config\Cache), false)
#10 C:\xampp\htdocs\RamirezAlfredo-P1\index.php(37): CodeIgniter\CodeIgniter->run()
#11 {main}
ERROR - 2022-05-17 14:19:31 --> Error connecting to the database: Access denied for user ''@'localhost' (using password: NO)
CRITICAL - 2022-05-17 14:19:31 --> Unable to connect to the database.
Main connection [MySQLi]: Access denied for user ''@'localhost' (using password: NO)
#0 C:\xampp\htdocs\RamirezAlfredo-P1\system\Database\BaseConnection.php(577): CodeIgniter\Database\BaseConnection->initialize()
#1 C:\xampp\htdocs\RamirezAlfredo-P1\system\Database\BaseBuilder.php(1455): CodeIgniter\Database\BaseConnection->query('SELECT 1\nFROM `...', Array, false)
#2 C:\xampp\htdocs\RamirezAlfredo-P1\system\Validation\Rules.php(142): CodeIgniter\Database\BaseBuilder->get()
#3 C:\xampp\htdocs\RamirezAlfredo-P1\system\Validation\Validation.php(292): CodeIgniter\Validation\Rules->is_unique('ramirezalfredoa...', 'email', Array, NULL)
#4 C:\xampp\htdocs\RamirezAlfredo-P1\system\Validation\Validation.php(157): CodeIgniter\Validation\Validation->processRules('email', 'email', 'ramirezalfredoa...', Array, Array)
#5 C:\xampp\htdocs\RamirezAlfredo-P1\system\Controller.php(160): CodeIgniter\Validation\Validation->run()
#6 C:\xampp\htdocs\RamirezAlfredo-P1\app\Controllers\UsuarioController.php(27): CodeIgniter\Controller->validate(Array)
#7 C:\xampp\htdocs\RamirezAlfredo-P1\system\CodeIgniter.php(832): App\Controllers\UsuarioController->formValidation()
#8 C:\xampp\htdocs\RamirezAlfredo-P1\system\CodeIgniter.php(419): CodeIgniter\CodeIgniter->runController(Object(App\Controllers\UsuarioController))
#9 C:\xampp\htdocs\RamirezAlfredo-P1\system\CodeIgniter.php(326): CodeIgniter\CodeIgniter->handleRequest(NULL, Object(Config\Cache), false)
#10 C:\xampp\htdocs\RamirezAlfredo-P1\index.php(37): CodeIgniter\CodeIgniter->run()
#11 {main}
ERROR - 2022-05-17 14:23:09 --> Error connecting to the database: Access denied for user ''@'localhost' (using password: NO)
CRITICAL - 2022-05-17 14:23:09 --> Unable to connect to the database.
Main connection [MySQLi]: Access denied for user ''@'localhost' (using password: NO)
#0 C:\xampp\htdocs\RamirezAlfredo-P1\system\Database\BaseConnection.php(577): CodeIgniter\Database\BaseConnection->initialize()
#1 C:\xampp\htdocs\RamirezAlfredo-P1\system\Database\BaseBuilder.php(1455): CodeIgniter\Database\BaseConnection->query('SELECT 1\nFROM `...', Array, false)
#2 C:\xampp\htdocs\RamirezAlfredo-P1\system\Validation\Rules.php(142): CodeIgniter\Database\BaseBuilder->get()
#3 C:\xampp\htdocs\RamirezAlfredo-P1\system\Validation\Validation.php(292): CodeIgniter\Validation\Rules->is_unique('ramirezalfredoa...', 'email', Array, NULL)
#4 C:\xampp\htdocs\RamirezAlfredo-P1\system\Validation\Validation.php(157): CodeIgniter\Validation\Validation->processRules('email', 'email', 'ramirezalfredoa...', Array, Array)
#5 C:\xampp\htdocs\RamirezAlfredo-P1\system\Controller.php(160): CodeIgniter\Validation\Validation->run()
#6 C:\xampp\htdocs\RamirezAlfredo-P1\app\Controllers\UsuarioController.php(27): CodeIgniter\Controller->validate(Array)
#7 C:\xampp\htdocs\RamirezAlfredo-P1\system\CodeIgniter.php(832): App\Controllers\UsuarioController->formValidation()
#8 C:\xampp\htdocs\RamirezAlfredo-P1\system\CodeIgniter.php(419): CodeIgniter\CodeIgniter->runController(Object(App\Controllers\UsuarioController))
#9 C:\xampp\htdocs\RamirezAlfredo-P1\system\CodeIgniter.php(326): CodeIgniter\CodeIgniter->handleRequest(NULL, Object(Config\Cache), false)
#10 C:\xampp\htdocs\RamirezAlfredo-P1\index.php(37): CodeIgniter\CodeIgniter->run()
#11 {main}
CRITICAL - 2022-05-17 14:40:24 --> noauth filter must have a matching alias defined.
#0 C:\xampp\htdocs\RamirezAlfredo-P1\system\Filters\Filters.php(340): CodeIgniter\Filters\Exceptions\FilterException::forNoAlias('noauth')
#1 C:\xampp\htdocs\RamirezAlfredo-P1\system\CodeIgniter.php(384): CodeIgniter\Filters\Filters->enableFilter('noauth', 'before')
#2 C:\xampp\htdocs\RamirezAlfredo-P1\system\CodeIgniter.php(326): CodeIgniter\CodeIgniter->handleRequest(NULL, Object(Config\Cache), false)
#3 C:\xampp\htdocs\RamirezAlfredo-P1\index.php(37): CodeIgniter\CodeIgniter->run()
#4 {main}
CRITICAL - 2022-05-17 14:44:39 --> Class 'App\Filters\UsersCheck' not found
#0 C:\xampp\htdocs\RamirezAlfredo-P1\system\CodeIgniter.php(393): CodeIgniter\Filters\Filters->run('registrar', 'before')
#1 C:\xampp\htdocs\RamirezAlfredo-P1\system\CodeIgniter.php(326): CodeIgniter\CodeIgniter->handleRequest(NULL, Object(Config\Cache), false)
#2 C:\xampp\htdocs\RamirezAlfredo-P1\index.php(37): CodeIgniter\CodeIgniter->run()
#3 {main}
CRITICAL - 2022-05-17 14:44:41 --> Class 'App\Filters\UsersCheck' not found
#0 C:\xampp\htdocs\RamirezAlfredo-P1\system\CodeIgniter.php(393): CodeIgniter\Filters\Filters->run('/', 'before')
#1 C:\xampp\htdocs\RamirezAlfredo-P1\system\CodeIgniter.php(326): CodeIgniter\CodeIgniter->handleRequest(NULL, Object(Config\Cache), false)
#2 C:\xampp\htdocs\RamirezAlfredo-P1\index.php(37): CodeIgniter\CodeIgniter->run()
#3 {main}
CRITICAL - 2022-05-17 14:44:59 --> Class 'App\Filters\UsersCheck' not found
#0 C:\xampp\htdocs\RamirezAlfredo-P1\system\CodeIgniter.php(393): CodeIgniter\Filters\Filters->run('registrar', 'before')
#1 C:\xampp\htdocs\RamirezAlfredo-P1\system\CodeIgniter.php(326): CodeIgniter\CodeIgniter->handleRequest(NULL, Object(Config\Cache), false)
#2 C:\xampp\htdocs\RamirezAlfredo-P1\index.php(37): CodeIgniter\CodeIgniter->run()
#3 {main}
CRITICAL - 2022-05-17 14:45:04 --> Class 'App\Filters\UsersCheck' not found
#0 C:\xampp\htdocs\RamirezAlfredo-P1\system\CodeIgniter.php(393): CodeIgniter\Filters\Filters->run('/', 'before')
#1 C:\xampp\htdocs\RamirezAlfredo-P1\system\CodeIgniter.php(326): CodeIgniter\CodeIgniter->handleRequest(NULL, Object(Config\Cache), false)
#2 C:\xampp\htdocs\RamirezAlfredo-P1\index.php(37): CodeIgniter\CodeIgniter->run()
#3 {main}
CRITICAL - 2022-05-17 14:47:05 --> Noauth filter must have a matching alias defined.
#0 C:\xampp\htdocs\RamirezAlfredo-P1\system\Filters\Filters.php(340): CodeIgniter\Filters\Exceptions\FilterException::forNoAlias('Noauth')
#1 C:\xampp\htdocs\RamirezAlfredo-P1\system\CodeIgniter.php(384): CodeIgniter\Filters\Filters->enableFilter('Noauth', 'before')
#2 C:\xampp\htdocs\RamirezAlfredo-P1\system\CodeIgniter.php(326): CodeIgniter\CodeIgniter->handleRequest(NULL, Object(Config\Cache), false)
#3 C:\xampp\htdocs\RamirezAlfredo-P1\index.php(37): CodeIgniter\CodeIgniter->run()
#4 {main}
CRITICAL - 2022-05-17 14:48:12 --> Noauth filter must have a matching alias defined.
#0 C:\xampp\htdocs\RamirezAlfredo-P1\system\Filters\Filters.php(340): CodeIgniter\Filters\Exceptions\FilterException::forNoAlias('Noauth')
#1 C:\xampp\htdocs\RamirezAlfredo-P1\system\CodeIgniter.php(384): CodeIgniter\Filters\Filters->enableFilter('Noauth', 'before')
#2 C:\xampp\htdocs\RamirezAlfredo-P1\system\CodeIgniter.php(326): CodeIgniter\CodeIgniter->handleRequest(NULL, Object(Config\Cache), false)
#3 C:\xampp\htdocs\RamirezAlfredo-P1\index.php(37): CodeIgniter\CodeIgniter->run()
#4 {main}
CRITICAL - 2022-05-17 14:48:44 --> Undefined variable: titulo
#0 C:\xampp\htdocs\RamirezAlfredo-P1\app\Views\front\header.php(14): CodeIgniter\Debug\Exceptions->errorHandler(8, 'Undefined varia...', 'C:\\xampp\\htdocs...', 14, Array)
#1 C:\xampp\htdocs\RamirezAlfredo-P1\system\View\View.php(210): include('C:\\xampp\\htdocs...')
#2 C:\xampp\htdocs\RamirezAlfredo-P1\system\View\View.php(213): CodeIgniter\View\View->CodeIgniter\View\{closure}()
#3 C:\xampp\htdocs\RamirezAlfredo-P1\system\Common.php(1089): CodeIgniter\View\View->render('front/header', Array, true)
#4 C:\xampp\htdocs\RamirezAlfredo-P1\app\Controllers\LoginController.php(69): view('front/header', Array)
#5 C:\xampp\htdocs\RamirezAlfredo-P1\system\CodeIgniter.php(832): App\Controllers\LoginController->login()
#6 C:\xampp\htdocs\RamirezAlfredo-P1\system\CodeIgniter.php(419): CodeIgniter\CodeIgniter->runController(Object(App\Controllers\LoginController))
#7 C:\xampp\htdocs\RamirezAlfredo-P1\system\CodeIgniter.php(326): CodeIgniter\CodeIgniter->handleRequest(NULL, Object(Config\Cache), false)
#8 C:\xampp\htdocs\RamirezAlfredo-P1\index.php(37): CodeIgniter\CodeIgniter->run()
#9 {main}
CRITICAL - 2022-05-17 14:49:33 --> Undefined variable: titulo
#0 C:\xampp\htdocs\RamirezAlfredo-P1\app\Views\front\header.php(14): CodeIgniter\Debug\Exceptions->errorHandler(8, 'Undefined varia...', 'C:\\xampp\\htdocs...', 14, Array)
#1 C:\xampp\htdocs\RamirezAlfredo-P1\system\View\View.php(210): include('C:\\xampp\\htdocs...')
#2 C:\xampp\htdocs\RamirezAlfredo-P1\system\View\View.php(213): CodeIgniter\View\View->CodeIgniter\View\{closure}()
#3 C:\xampp\htdocs\RamirezAlfredo-P1\system\Common.php(1089): CodeIgniter\View\View->render('front/header', Array, true)
#4 C:\xampp\htdocs\RamirezAlfredo-P1\app\Controllers\LoginController.php(69): view('front/header', Array)
#5 C:\xampp\htdocs\RamirezAlfredo-P1\system\CodeIgniter.php(832): App\Controllers\LoginController->login()
#6 C:\xampp\htdocs\RamirezAlfredo-P1\system\CodeIgniter.php(419): CodeIgniter\CodeIgniter->runController(Object(App\Controllers\LoginController))
#7 C:\xampp\htdocs\RamirezAlfredo-P1\system\CodeIgniter.php(326): CodeIgniter\CodeIgniter->handleRequest(NULL, Object(Config\Cache), false)
#8 C:\xampp\htdocs\RamirezAlfredo-P1\index.php(37): CodeIgniter\CodeIgniter->run()
#9 {main}
CRITICAL - 2022-05-17 14:50:07 --> validateUser is not a valid rule.
#0 C:\xampp\htdocs\RamirezAlfredo-P1\system\Validation\Validation.php(300): CodeIgniter\Validation\Exceptions\ValidationException::forRuleNotFound('validateUser')
#1 C:\xampp\htdocs\RamirezAlfredo-P1\system\Validation\Validation.php(157): CodeIgniter\Validation\Validation->processRules('password', 'password', 'rewrwerew', Array, Array)
#2 C:\xampp\htdocs\RamirezAlfredo-P1\system\Controller.php(160): CodeIgniter\Validation\Validation->run()
#3 C:\xampp\htdocs\RamirezAlfredo-P1\app\Controllers\LoginController.php(59): CodeIgniter\Controller->validate(Array, Array)
#4 C:\xampp\htdocs\RamirezAlfredo-P1\system\CodeIgniter.php(832): App\Controllers\LoginController->login()
#5 C:\xampp\htdocs\RamirezAlfredo-P1\system\CodeIgniter.php(419): CodeIgniter\CodeIgniter->runController(Object(App\Controllers\LoginController))
#6 C:\xampp\htdocs\RamirezAlfredo-P1\system\CodeIgniter.php(326): CodeIgniter\CodeIgniter->handleRequest(NULL, Object(Config\Cache), false)
#7 C:\xampp\htdocs\RamirezAlfredo-P1\index.php(37): CodeIgniter\CodeIgniter->run()
#8 {main}
CRITICAL - 2022-05-17 14:50:50 --> validateUser is not a valid rule.
#0 C:\xampp\htdocs\RamirezAlfredo-P1\system\Validation\Validation.php(300): CodeIgniter\Validation\Exceptions\ValidationException::forRuleNotFound('validateUser')
#1 C:\xampp\htdocs\RamirezAlfredo-P1\system\Validation\Validation.php(157): CodeIgniter\Validation\Validation->processRules('password', 'password', 'rewrwerew', Array, Array)
#2 C:\xampp\htdocs\RamirezAlfredo-P1\system\Controller.php(160): CodeIgniter\Validation\Validation->run()
#3 C:\xampp\htdocs\RamirezAlfredo-P1\app\Controllers\LoginController.php(59): CodeIgniter\Controller->validate(Array, Array)
#4 C:\xampp\htdocs\RamirezAlfredo-P1\system\CodeIgniter.php(832): App\Controllers\LoginController->login()
#5 C:\xampp\htdocs\RamirezAlfredo-P1\system\CodeIgniter.php(419): CodeIgniter\CodeIgniter->runController(Object(App\Controllers\LoginController))
#6 C:\xampp\htdocs\RamirezAlfredo-P1\system\CodeIgniter.php(326): CodeIgniter\CodeIgniter->handleRequest(NULL, Object(Config\Cache), false)
#7 C:\xampp\htdocs\RamirezAlfredo-P1\index.php(37): CodeIgniter\CodeIgniter->run()
#8 {main}
CRITICAL - 2022-05-17 16:14:32 --> validateUser is not a valid rule.
#0 C:\xampp\htdocs\RamirezAlfredo-P1\system\Validation\Validation.php(300): CodeIgniter\Validation\Exceptions\ValidationException::forRuleNotFound('validateUser')
#1 C:\xampp\htdocs\RamirezAlfredo-P1\system\Validation\Validation.php(157): CodeIgniter\Validation\Validation->processRules('password', 'password', 'rewrwerew', Array, Array)
#2 C:\xampp\htdocs\RamirezAlfredo-P1\system\Controller.php(160): CodeIgniter\Validation\Validation->run()
#3 C:\xampp\htdocs\RamirezAlfredo-P1\app\Controllers\LoginController.php(59): CodeIgniter\Controller->validate(Array, Array)
#4 C:\xampp\htdocs\RamirezAlfredo-P1\system\CodeIgniter.php(832): App\Controllers\LoginController->login()
#5 C:\xampp\htdocs\RamirezAlfredo-P1\system\CodeIgniter.php(419): CodeIgniter\CodeIgniter->runController(Object(App\Controllers\LoginController))
#6 C:\xampp\htdocs\RamirezAlfredo-P1\system\CodeIgniter.php(326): CodeIgniter\CodeIgniter->handleRequest(NULL, Object(Config\Cache), false)
#7 C:\xampp\htdocs\RamirezAlfredo-P1\index.php(37): CodeIgniter\CodeIgniter->run()
#8 {main}
CRITICAL - 2022-05-17 16:17:00 --> validateUser is not a valid rule.
#0 C:\xampp\htdocs\RamirezAlfredo-P1\system\Validation\Validation.php(300): CodeIgniter\Validation\Exceptions\ValidationException::forRuleNotFound('validateUser')
#1 C:\xampp\htdocs\RamirezAlfredo-P1\system\Validation\Validation.php(157): CodeIgniter\Validation\Validation->processRules('password', 'password', 'rewrwerew', Array, Array)
#2 C:\xampp\htdocs\RamirezAlfredo-P1\system\Controller.php(160): CodeIgniter\Validation\Validation->run()
#3 C:\xampp\htdocs\RamirezAlfredo-P1\app\Controllers\LoginController.php(59): CodeIgniter\Controller->validate(Array, Array)
#4 C:\xampp\htdocs\RamirezAlfredo-P1\system\CodeIgniter.php(832): App\Controllers\LoginController->login()
#5 C:\xampp\htdocs\RamirezAlfredo-P1\system\CodeIgniter.php(419): CodeIgniter\CodeIgniter->runController(Object(App\Controllers\LoginController))
#6 C:\xampp\htdocs\RamirezAlfredo-P1\system\CodeIgniter.php(326): CodeIgniter\CodeIgniter->handleRequest(NULL, Object(Config\Cache), false)
#7 C:\xampp\htdocs\RamirezAlfredo-P1\index.php(37): CodeIgniter\CodeIgniter->run()
#8 {main}
ERROR - 2022-05-17 16:18:09 --> Unknown column 'usuarios.deleted_at' in 'where clause'
CRITICAL - 2022-05-17 16:18:09 --> Unknown column 'usuarios.deleted_at' in 'where clause'
#0 C:\xampp\htdocs\RamirezAlfredo-P1\system\Database\MySQLi\Connection.php(292): mysqli->query('SELECT *\nFROM `...', 0)
#1 C:\xampp\htdocs\RamirezAlfredo-P1\system\Database\BaseConnection.php(670): CodeIgniter\Database\MySQLi\Connection->execute('SELECT *\nFROM `...')
#2 C:\xampp\htdocs\RamirezAlfredo-P1\system\Database\BaseConnection.php(598): CodeIgniter\Database\BaseConnection->simpleQuery('SELECT *\nFROM `...')
#3 C:\xampp\htdocs\RamirezAlfredo-P1\system\Database\BaseBuilder.php(1455): CodeIgniter\Database\BaseConnection->query('SELECT *\nFROM `...', Array, false)
#4 C:\xampp\htdocs\RamirezAlfredo-P1\system\Model.php(210): CodeIgniter\Database\BaseBuilder->get()
#5 C:\xampp\htdocs\RamirezAlfredo-P1\system\BaseModel.php(622): CodeIgniter\Model->doFirst()
#6 C:\xampp\htdocs\RamirezAlfredo-P1\app\validation\UserRules.php(10): CodeIgniter\BaseModel->first()
#7 C:\xampp\htdocs\RamirezAlfredo-P1\system\Validation\Validation.php(292): App\Validation\UserRules->validateUser('rewrwerew', 'email,password', Array, NULL)
#8 C:\xampp\htdocs\RamirezAlfredo-P1\system\Validation\Validation.php(157): CodeIgniter\Validation\Validation->processRules('password', 'password', 'rewrwerew', Array, Array)
#9 C:\xampp\htdocs\RamirezAlfredo-P1\system\Controller.php(160): CodeIgniter\Validation\Validation->run()
#10 C:\xampp\htdocs\RamirezAlfredo-P1\app\Controllers\LoginController.php(59): CodeIgniter\Controller->validate(Array, Array)
#11 C:\xampp\htdocs\RamirezAlfredo-P1\system\CodeIgniter.php(832): App\Controllers\LoginController->login()
#12 C:\xampp\htdocs\RamirezAlfredo-P1\system\CodeIgniter.php(419): CodeIgniter\CodeIgniter->runController(Object(App\Controllers\LoginController))
#13 C:\xampp\htdocs\RamirezAlfredo-P1\system\CodeIgniter.php(326): CodeIgniter\CodeIgniter->handleRequest(NULL, Object(Config\Cache), false)
#14 C:\xampp\htdocs\RamirezAlfredo-P1\index.php(37): CodeIgniter\CodeIgniter->run()
#15 {main}
ERROR - 2022-05-17 16:21:15 --> Unknown column 'usuarios.deleted_at' in 'where clause'
CRITICAL - 2022-05-17 16:21:15 --> Unknown column 'usuarios.deleted_at' in 'where clause'
#0 C:\xampp\htdocs\RamirezAlfredo-P1\system\Database\MySQLi\Connection.php(292): mysqli->query('SELECT *\nFROM `...', 0)
#1 C:\xampp\htdocs\RamirezAlfredo-P1\system\Database\BaseConnection.php(670): CodeIgniter\Database\MySQLi\Connection->execute('SELECT *\nFROM `...')
#2 C:\xampp\htdocs\RamirezAlfredo-P1\system\Database\BaseConnection.php(598): CodeIgniter\Database\BaseConnection->simpleQuery('SELECT *\nFROM `...')
#3 C:\xampp\htdocs\RamirezAlfredo-P1\system\Database\BaseBuilder.php(1455): CodeIgniter\Database\BaseConnection->query('SELECT *\nFROM `...', Array, false)
#4 C:\xampp\htdocs\RamirezAlfredo-P1\system\Model.php(210): CodeIgniter\Database\BaseBuilder->get()
#5 C:\xampp\htdocs\RamirezAlfredo-P1\system\BaseModel.php(622): CodeIgniter\Model->doFirst()
#6 C:\xampp\htdocs\RamirezAlfredo-P1\app\validation\UserRules.php(10): CodeIgniter\BaseModel->first()
#7 C:\xampp\htdocs\RamirezAlfredo-P1\system\Validation\Validation.php(292): App\Validation\UserRules->validateUser('rewrwerew', 'email,password', Array, NULL)
#8 C:\xampp\htdocs\RamirezAlfredo-P1\system\Validation\Validation.php(157): CodeIgniter\Validation\Validation->processRules('password', 'password', 'rewrwerew', Array, Array)
#9 C:\xampp\htdocs\RamirezAlfredo-P1\system\Controller.php(160): CodeIgniter\Validation\Validation->run()
#10 C:\xampp\htdocs\RamirezAlfredo-P1\app\Controllers\LoginController.php(59): CodeIgniter\Controller->validate(Array, Array)
#11 C:\xampp\htdocs\RamirezAlfredo-P1\system\CodeIgniter.php(832): App\Controllers\LoginController->login()
#12 C:\xampp\htdocs\RamirezAlfredo-P1\system\CodeIgniter.php(419): CodeIgniter\CodeIgniter->runController(Object(App\Controllers\LoginController))
#13 C:\xampp\htdocs\RamirezAlfredo-P1\system\CodeIgniter.php(326): CodeIgniter\CodeIgniter->handleRequest(NULL, Object(Config\Cache), false)
#14 C:\xampp\htdocs\RamirezAlfredo-P1\index.php(37): CodeIgniter\CodeIgniter->run()
#15 {main}
ERROR - 2022-05-17 16:25:08 --> Unknown column 'usuarios.deleted_at' in 'where clause'
CRITICAL - 2022-05-17 16:25:08 --> Unknown column 'usuarios.deleted_at' in 'where clause'
#0 C:\xampp\htdocs\RamirezAlfredo-P1\system\Database\MySQLi\Connection.php(292): mysqli->query('SELECT *\nFROM `...', 0)
#1 C:\xampp\htdocs\RamirezAlfredo-P1\system\Database\BaseConnection.php(670): CodeIgniter\Database\MySQLi\Connection->execute('SELECT *\nFROM `...')
#2 C:\xampp\htdocs\RamirezAlfredo-P1\system\Database\BaseConnection.php(598): CodeIgniter\Database\BaseConnection->simpleQuery('SELECT *\nFROM `...')
#3 C:\xampp\htdocs\RamirezAlfredo-P1\system\Database\BaseBuilder.php(1455): CodeIgniter\Database\BaseConnection->query('SELECT *\nFROM `...', Array, false)
#4 C:\xampp\htdocs\RamirezAlfredo-P1\system\Model.php(210): CodeIgniter\Database\BaseBuilder->get()
#5 C:\xampp\htdocs\RamirezAlfredo-P1\system\BaseModel.php(622): CodeIgniter\Model->doFirst()
#6 C:\xampp\htdocs\RamirezAlfredo-P1\app\validation\UserRules.php(10): CodeIgniter\BaseModel->first()
#7 C:\xampp\htdocs\RamirezAlfredo-P1\system\Validation\Validation.php(292): App\Validation\UserRules->validateUser('rewrwerew', 'email,password', Array, NULL)
#8 C:\xampp\htdocs\RamirezAlfredo-P1\system\Validation\Validation.php(157): CodeIgniter\Validation\Validation->processRules('password', 'password', 'rewrwerew', Array, Array)
#9 C:\xampp\htdocs\RamirezAlfredo-P1\system\Controller.php(160): CodeIgniter\Validation\Validation->run()
#10 C:\xampp\htdocs\RamirezAlfredo-P1\app\Controllers\LoginController.php(59): CodeIgniter\Controller->validate(Array, Array)
#11 C:\xampp\htdocs\RamirezAlfredo-P1\system\CodeIgniter.php(832): App\Controllers\LoginController->login()
#12 C:\xampp\htdocs\RamirezAlfredo-P1\system\CodeIgniter.php(419): CodeIgniter\CodeIgniter->runController(Object(App\Controllers\LoginController))
#13 C:\xampp\htdocs\RamirezAlfredo-P1\system\CodeIgniter.php(326): CodeIgniter\CodeIgniter->handleRequest(NULL, Object(Config\Cache), false)
#14 C:\xampp\htdocs\RamirezAlfredo-P1\index.php(37): CodeIgniter\CodeIgniter->run()
#15 {main}
CRITICAL - 2022-05-17 16:32:58 --> syntax error, unexpected 'if' (T_IF)
#0 C:\xampp\htdocs\RamirezAlfredo-P1\system\CodeIgniter.php(368): CodeIgniter\CodeIgniter->tryToRouteIt(NULL)
#1 C:\xampp\htdocs\RamirezAlfredo-P1\system\CodeIgniter.php(326): CodeIgniter\CodeIgniter->handleRequest(NULL, Object(Config\Cache), false)
#2 C:\xampp\htdocs\RamirezAlfredo-P1\index.php(37): CodeIgniter\CodeIgniter->run()
#3 {main}
CRITICAL - 2022-05-17 16:33:00 --> syntax error, unexpected 'if' (T_IF)
#0 C:\xampp\htdocs\RamirezAlfredo-P1\system\CodeIgniter.php(368): CodeIgniter\CodeIgniter->tryToRouteIt(NULL)
#1 C:\xampp\htdocs\RamirezAlfredo-P1\system\CodeIgniter.php(326): CodeIgniter\CodeIgniter->handleRequest(NULL, Object(Config\Cache), false)
#2 C:\xampp\htdocs\RamirezAlfredo-P1\index.php(37): CodeIgniter\CodeIgniter->run()
#3 {main}
CRITICAL - 2022-05-17 16:33:03 --> syntax error, unexpected 'if' (T_IF)
#0 C:\xampp\htdocs\RamirezAlfredo-P1\system\CodeIgniter.php(368): CodeIgniter\CodeIgniter->tryToRouteIt(NULL)
#1 C:\xampp\htdocs\RamirezAlfredo-P1\system\CodeIgniter.php(326): CodeIgniter\CodeIgniter->handleRequest(NULL, Object(Config\Cache), false)
#2 C:\xampp\htdocs\RamirezAlfredo-P1\index.php(37): CodeIgniter\CodeIgniter->run()
#3 {main}
ERROR - 2022-05-17 16:34:39 --> Unknown column 'usuarios.deleted_at' in 'where clause'
CRITICAL - 2022-05-17 16:34:39 --> Unknown column 'usuarios.deleted_at' in 'where clause'
#0 C:\xampp\htdocs\RamirezAlfredo-P1\system\Database\MySQLi\Connection.php(292): mysqli->query('SELECT *\nFROM `...', 0)
#1 C:\xampp\htdocs\RamirezAlfredo-P1\system\Database\BaseConnection.php(670): CodeIgniter\Database\MySQLi\Connection->execute('SELECT *\nFROM `...')
#2 C:\xampp\htdocs\RamirezAlfredo-P1\system\Database\BaseConnection.php(598): CodeIgniter\Database\BaseConnection->simpleQuery('SELECT *\nFROM `...')
#3 C:\xampp\htdocs\RamirezAlfredo-P1\system\Database\BaseBuilder.php(1455): CodeIgniter\Database\BaseConnection->query('SELECT *\nFROM `...', Array, false)
#4 C:\xampp\htdocs\RamirezAlfredo-P1\system\Model.php(210): CodeIgniter\Database\BaseBuilder->get()
#5 C:\xampp\htdocs\RamirezAlfredo-P1\system\BaseModel.php(622): CodeIgniter\Model->doFirst()
#6 C:\xampp\htdocs\RamirezAlfredo-P1\app\validation\UserRules.php(10): CodeIgniter\BaseModel->first()
#7 C:\xampp\htdocs\RamirezAlfredo-P1\system\Validation\Validation.php(292): App\Validation\UserRules->validateUser('rewrwerew', 'email,password', Array, NULL)
#8 C:\xampp\htdocs\RamirezAlfredo-P1\system\Validation\Validation.php(157): CodeIgniter\Validation\Validation->processRules('password', 'password', 'rewrwerew', Array, Array)
#9 C:\xampp\htdocs\RamirezAlfredo-P1\system\Controller.php(160): CodeIgniter\Validation\Validation->run()
#10 C:\xampp\htdocs\RamirezAlfredo-P1\app\Controllers\LoginController.php(60): CodeIgniter\Controller->validate(Array, Array)
#11 C:\xampp\htdocs\RamirezAlfredo-P1\system\CodeIgniter.php(832): App\Controllers\LoginController->login()
#12 C:\xampp\htdocs\RamirezAlfredo-P1\system\CodeIgniter.php(419): CodeIgniter\CodeIgniter->runController(Object(App\Controllers\LoginController))
#13 C:\xampp\htdocs\RamirezAlfredo-P1\system\CodeIgniter.php(326): CodeIgniter\CodeIgniter->handleRequest(NULL, Object(Config\Cache), false)
#14 C:\xampp\htdocs\RamirezAlfredo-P1\index.php(37): CodeIgniter\CodeIgniter->run()
#15 {main}
ERROR - 2022-05-17 16:38:50 --> Unknown column 'usuarios.deleted_at' in 'where clause'
CRITICAL - 2022-05-17 16:38:50 --> Unknown column 'usuarios.deleted_at' in 'where clause'
#0 C:\xampp\htdocs\RamirezAlfredo-P1\system\Database\MySQLi\Connection.php(292): mysqli->query('SELECT *\nFROM `...', 0)
#1 C:\xampp\htdocs\RamirezAlfredo-P1\system\Database\BaseConnection.php(670): CodeIgniter\Database\MySQLi\Connection->execute('SELECT *\nFROM `...')
#2 C:\xampp\htdocs\RamirezAlfredo-P1\system\Database\BaseConnection.php(598): CodeIgniter\Database\BaseConnection->simpleQuery('SELECT *\nFROM `...')
#3 C:\xampp\htdocs\RamirezAlfredo-P1\system\Database\BaseBuilder.php(1455): CodeIgniter\Database\BaseConnection->query('SELECT *\nFROM `...', Array, false)
#4 C:\xampp\htdocs\RamirezAlfredo-P1\system\Model.php(210): CodeIgniter\Database\BaseBuilder->get()
#5 C:\xampp\htdocs\RamirezAlfredo-P1\system\BaseModel.php(622): CodeIgniter\Model->doFirst()
#6 C:\xampp\htdocs\RamirezAlfredo-P1\app\validation\UserRules.php(10): CodeIgniter\BaseModel->first()
#7 C:\xampp\htdocs\RamirezAlfredo-P1\system\Validation\Validation.php(292): App\Validation\UserRules->validateUser('rewrwerew', 'email,password', Array, NULL)
#8 C:\xampp\htdocs\RamirezAlfredo-P1\system\Validation\Validation.php(157): CodeIgniter\Validation\Validation->processRules('password', 'password', 'rewrwerew', Array, Array)
#9 C:\xampp\htdocs\RamirezAlfredo-P1\system\Controller.php(160): CodeIgniter\Validation\Validation->run()
#10 C:\xampp\htdocs\RamirezAlfredo-P1\app\Controllers\LoginController.php(60): CodeIgniter\Controller->validate(Array, Array)
#11 C:\xampp\htdocs\RamirezAlfredo-P1\system\CodeIgniter.php(832): App\Controllers\LoginController->login()
#12 C:\xampp\htdocs\RamirezAlfredo-P1\system\CodeIgniter.php(419): CodeIgniter\CodeIgniter->runController(Object(App\Controllers\LoginController))
#13 C:\xampp\htdocs\RamirezAlfredo-P1\system\CodeIgniter.php(326): CodeIgniter\CodeIgniter->handleRequest(NULL, Object(Config\Cache), false)
#14 C:\xampp\htdocs\RamirezAlfredo-P1\index.php(37): CodeIgniter\CodeIgniter->run()
#15 {main}
CRITICAL - 2022-05-17 17:06:53 --> validateUser is not a valid rule.
#0 C:\xampp\htdocs\RamirezAlfredo-P1\system\Validation\Validation.php(300): CodeIgniter\Validation\Exceptions\ValidationException::forRuleNotFound('validateUser')
#1 C:\xampp\htdocs\RamirezAlfredo-P1\system\Validation\Validation.php(157): CodeIgniter\Validation\Validation->processRules('password', 'password', 'rewrwerew', Array, Array)
#2 C:\xampp\htdocs\RamirezAlfredo-P1\system\Controller.php(160): CodeIgniter\Validation\Validation->run()
#3 C:\xampp\htdocs\RamirezAlfredo-P1\app\Controllers\LoginController.php(60): CodeIgniter\Controller->validate(Array, Array)
#4 C:\xampp\htdocs\RamirezAlfredo-P1\system\CodeIgniter.php(832): App\Controllers\LoginController->login()
#5 C:\xampp\htdocs\RamirezAlfredo-P1\system\CodeIgniter.php(419): CodeIgniter\CodeIgniter->runController(Object(App\Controllers\LoginController))
#6 C:\xampp\htdocs\RamirezAlfredo-P1\system\CodeIgniter.php(326): CodeIgniter\CodeIgniter->handleRequest(NULL, Object(Config\Cache), false)
#7 C:\xampp\htdocs\RamirezAlfredo-P1\index.php(37): CodeIgniter\CodeIgniter->run()
#8 {main}
CRITICAL - 2022-05-17 17:08:06 --> Noauth filter must have a matching alias defined.
#0 C:\xampp\htdocs\RamirezAlfredo-P1\system\Filters\Filters.php(340): CodeIgniter\Filters\Exceptions\FilterException::forNoAlias('Noauth')
#1 C:\xampp\htdocs\RamirezAlfredo-P1\system\CodeIgniter.php(384): CodeIgniter\Filters\Filters->enableFilter('Noauth', 'before')
#2 C:\xampp\htdocs\RamirezAlfredo-P1\system\CodeIgniter.php(326): CodeIgniter\CodeIgniter->handleRequest(NULL, Object(Config\Cache), false)
#3 C:\xampp\htdocs\RamirezAlfredo-P1\index.php(37): CodeIgniter\CodeIgniter->run()
#4 {main}
CRITICAL - 2022-05-17 17:08:08 --> Noauth filter must have a matching alias defined.
#0 C:\xampp\htdocs\RamirezAlfredo-P1\system\Filters\Filters.php(340): CodeIgniter\Filters\Exceptions\FilterException::forNoAlias('Noauth')
#1 C:\xampp\htdocs\RamirezAlfredo-P1\system\CodeIgniter.php(384): CodeIgniter\Filters\Filters->enableFilter('Noauth', 'before')
#2 C:\xampp\htdocs\RamirezAlfredo-P1\system\CodeIgniter.php(326): CodeIgniter\CodeIgniter->handleRequest(NULL, Object(Config\Cache), false)
#3 C:\xampp\htdocs\RamirezAlfredo-P1\index.php(37): CodeIgniter\CodeIgniter->run()
#4 {main}
CRITICAL - 2022-05-17 17:10:30 --> validateUser is not a valid rule.
#0 C:\xampp\htdocs\RamirezAlfredo-P1\system\Validation\Validation.php(300): CodeIgniter\Validation\Exceptions\ValidationException::forRuleNotFound('validateUser')
#1 C:\xampp\htdocs\RamirezAlfredo-P1\system\Validation\Validation.php(157): CodeIgniter\Validation\Validation->processRules('password', 'password', 'rewrwerew', Array, Array)
#2 C:\xampp\htdocs\RamirezAlfredo-P1\system\Controller.php(160): CodeIgniter\Validation\Validation->run()
#3 C:\xampp\htdocs\RamirezAlfredo-P1\app\Controllers\LoginController.php(60): CodeIgniter\Controller->validate(Array, Array)
#4 C:\xampp\htdocs\RamirezAlfredo-P1\system\CodeIgniter.php(832): App\Controllers\LoginController->login()
#5 C:\xampp\htdocs\RamirezAlfredo-P1\system\CodeIgniter.php(419): CodeIgniter\CodeIgniter->runController(Object(App\Controllers\LoginController))
#6 C:\xampp\htdocs\RamirezAlfredo-P1\system\CodeIgniter.php(326): CodeIgniter\CodeIgniter->handleRequest(NULL, Object(Config\Cache), false)
#7 C:\xampp\htdocs\RamirezAlfredo-P1\index.php(37): CodeIgniter\CodeIgniter->run()
#8 {main}
CRITICAL - 2022-05-17 17:11:59 --> validateUser is not a valid rule.
#0 C:\xampp\htdocs\RamirezAlfredo-P1\system\Validation\Validation.php(300): CodeIgniter\Validation\Exceptions\ValidationException::forRuleNotFound('validateUser')
#1 C:\xampp\htdocs\RamirezAlfredo-P1\system\Validation\Validation.php(157): CodeIgniter\Validation\Validation->processRules('password', 'password', 'rewrwerew', Array, Array)
#2 C:\xampp\htdocs\RamirezAlfredo-P1\system\Controller.php(160): CodeIgniter\Validation\Validation->run()
#3 C:\xampp\htdocs\RamirezAlfredo-P1\app\Controllers\LoginController.php(60): CodeIgniter\Controller->validate(Array, Array)
#4 C:\xampp\htdocs\RamirezAlfredo-P1\system\CodeIgniter.php(832): App\Controllers\LoginController->login()
#5 C:\xampp\htdocs\RamirezAlfredo-P1\system\CodeIgniter.php(419): CodeIgniter\CodeIgniter->runController(Object(App\Controllers\LoginController))
#6 C:\xampp\htdocs\RamirezAlfredo-P1\system\CodeIgniter.php(326): CodeIgniter\CodeIgniter->handleRequest(NULL, Object(Config\Cache), false)
#7 C:\xampp\htdocs\RamirezAlfredo-P1\index.php(37): CodeIgniter\CodeIgniter->run()
#8 {main}
CRITICAL - 2022-05-17 17:12:40 --> validateUser is not a valid rule.
#0 C:\xampp\htdocs\RamirezAlfredo-P1\system\Validation\Validation.php(300): CodeIgniter\Validation\Exceptions\ValidationException::forRuleNotFound('validateUser')
#1 C:\xampp\htdocs\RamirezAlfredo-P1\system\Validation\Validation.php(157): CodeIgniter\Validation\Validation->processRules('password', 'password', 'rewrwerew', Array, Array)
#2 C:\xampp\htdocs\RamirezAlfredo-P1\system\Controller.php(160): CodeIgniter\Validation\Validation->run()
#3 C:\xampp\htdocs\RamirezAlfredo-P1\app\Controllers\LoginController.php(60): CodeIgniter\Controller->validate(Array, Array)
#4 C:\xampp\htdocs\RamirezAlfredo-P1\system\CodeIgniter.php(832): App\Controllers\LoginController->login()
#5 C:\xampp\htdocs\RamirezAlfredo-P1\system\CodeIgniter.php(419): CodeIgniter\CodeIgniter->runController(Object(App\Controllers\LoginController))
#6 C:\xampp\htdocs\RamirezAlfredo-P1\system\CodeIgniter.php(326): CodeIgniter\CodeIgniter->handleRequest(NULL, Object(Config\Cache), false)
#7 C:\xampp\htdocs\RamirezAlfredo-P1\index.php(37): CodeIgniter\CodeIgniter->run()
#8 {main}
CRITICAL - 2022-05-17 17:13:36 --> validation is not a valid rule.
#0 C:\xampp\htdocs\RamirezAlfredo-P1\system\Validation\Validation.php(300): CodeIgniter\Validation\Exceptions\ValidationException::forRuleNotFound('validation')
#1 C:\xampp\htdocs\RamirezAlfredo-P1\system\Validation\Validation.php(157): CodeIgniter\Validation\Validation->processRules('password', 'password', 'rewrwerew', Array, Array)
#2 C:\xampp\htdocs\RamirezAlfredo-P1\system\Controller.php(160): CodeIgniter\Validation\Validation->run()
#3 C:\xampp\htdocs\RamirezAlfredo-P1\app\Controllers\LoginController.php(60): CodeIgniter\Controller->validate(Array, Array)
#4 C:\xampp\htdocs\RamirezAlfredo-P1\system\CodeIgniter.php(832): App\Controllers\LoginController->login()
#5 C:\xampp\htdocs\RamirezAlfredo-P1\system\CodeIgniter.php(419): CodeIgniter\CodeIgniter->runController(Object(App\Controllers\LoginController))
#6 C:\xampp\htdocs\RamirezAlfredo-P1\system\CodeIgniter.php(326): CodeIgniter\CodeIgniter->handleRequest(NULL, Object(Config\Cache), false)
#7 C:\xampp\htdocs\RamirezAlfredo-P1\index.php(37): CodeIgniter\CodeIgniter->run()
#8 {main}
CRITICAL - 2022-05-17 17:15:17 --> Class 'App\Validation\UserRules' not found
#0 C:\xampp\htdocs\RamirezAlfredo-P1\system\Validation\Validation.php(115): CodeIgniter\Validation\Validation->loadRuleSets()
#1 C:\xampp\htdocs\RamirezAlfredo-P1\system\Controller.php(160): CodeIgniter\Validation\Validation->run()
#2 C:\xampp\htdocs\RamirezAlfredo-P1\app\Controllers\LoginController.php(60): CodeIgniter\Controller->validate(Array, Array)
#3 C:\xampp\htdocs\RamirezAlfredo-P1\system\CodeIgniter.php(832): App\Controllers\LoginController->login()
#4 C:\xampp\htdocs\RamirezAlfredo-P1\system\CodeIgniter.php(419): CodeIgniter\CodeIgniter->runController(Object(App\Controllers\LoginController))
#5 C:\xampp\htdocs\RamirezAlfredo-P1\system\CodeIgniter.php(326): CodeIgniter\CodeIgniter->handleRequest(NULL, Object(Config\Cache), false)
#6 C:\xampp\htdocs\RamirezAlfredo-P1\index.php(37): CodeIgniter\CodeIgniter->run()
#7 {main}
ERROR - 2022-05-17 17:17:33 --> Unknown column 'usuarios.deleted_at' in 'where clause'
CRITICAL - 2022-05-17 17:17:33 --> Unknown column 'usuarios.deleted_at' in 'where clause'
#0 C:\xampp\htdocs\RamirezAlfredo-P1\system\Database\MySQLi\Connection.php(292): mysqli->query('SELECT *\nFROM `...', 0)
#1 C:\xampp\htdocs\RamirezAlfredo-P1\system\Database\BaseConnection.php(670): CodeIgniter\Database\MySQLi\Connection->execute('SELECT *\nFROM `...')
#2 C:\xampp\htdocs\RamirezAlfredo-P1\system\Database\BaseConnection.php(598): CodeIgniter\Database\BaseConnection->simpleQuery('SELECT *\nFROM `...')
#3 C:\xampp\htdocs\RamirezAlfredo-P1\system\Database\BaseBuilder.php(1455): CodeIgniter\Database\BaseConnection->query('SELECT *\nFROM `...', Array, false)
#4 C:\xampp\htdocs\RamirezAlfredo-P1\system\Model.php(210): CodeIgniter\Database\BaseBuilder->get()
#5 C:\xampp\htdocs\RamirezAlfredo-P1\system\BaseModel.php(622): CodeIgniter\Model->doFirst()
#6 C:\xampp\htdocs\RamirezAlfredo-P1\app\validation\UserRules.php(10): CodeIgniter\BaseModel->first()
#7 C:\xampp\htdocs\RamirezAlfredo-P1\system\Validation\Validation.php(292): App\Validation\UserRules->validateUser('rewrwerew', 'email,password', Array, NULL)
#8 C:\xampp\htdocs\RamirezAlfredo-P1\system\Validation\Validation.php(157): CodeIgniter\Validation\Validation->processRules('password', 'password', 'rewrwerew', Array, Array)
#9 C:\xampp\htdocs\RamirezAlfredo-P1\system\Controller.php(160): CodeIgniter\Validation\Validation->run()
#10 C:\xampp\htdocs\RamirezAlfredo-P1\app\Controllers\LoginController.php(60): CodeIgniter\Controller->validate(Array, Array)
#11 C:\xampp\htdocs\RamirezAlfredo-P1\system\CodeIgniter.php(832): App\Controllers\LoginController->login()
#12 C:\xampp\htdocs\RamirezAlfredo-P1\system\CodeIgniter.php(419): CodeIgniter\CodeIgniter->runController(Object(App\Controllers\LoginController))
#13 C:\xampp\htdocs\RamirezAlfredo-P1\system\CodeIgniter.php(326): CodeIgniter\CodeIgniter->handleRequest(NULL, Object(Config\Cache), false)
#14 C:\xampp\htdocs\RamirezAlfredo-P1\index.php(37): CodeIgniter\CodeIgniter->run()
#15 {main}
CRITICAL - 2022-05-17 17:19:47 --> validateUser is not a valid rule.
#0 C:\xampp\htdocs\RamirezAlfredo-P1\system\Validation\Validation.php(300): CodeIgniter\Validation\Exceptions\ValidationException::forRuleNotFound('validateUser')
#1 C:\xampp\htdocs\RamirezAlfredo-P1\system\Validation\Validation.php(157): CodeIgniter\Validation\Validation->processRules('password', 'password', 'rewrwerew', Array, Array)
#2 C:\xampp\htdocs\RamirezAlfredo-P1\system\Controller.php(160): CodeIgniter\Validation\Validation->run()
#3 C:\xampp\htdocs\RamirezAlfredo-P1\app\Controllers\LoginController.php(60): CodeIgniter\Controller->validate(Array, Array)
#4 C:\xampp\htdocs\RamirezAlfredo-P1\system\CodeIgniter.php(832): App\Controllers\LoginController->login()
#5 C:\xampp\htdocs\RamirezAlfredo-P1\system\CodeIgniter.php(419): CodeIgniter\CodeIgniter->runController(Object(App\Controllers\LoginController))
#6 C:\xampp\htdocs\RamirezAlfredo-P1\system\CodeIgniter.php(326): CodeIgniter\CodeIgniter->handleRequest(NULL, Object(Config\Cache), false)
#7 C:\xampp\htdocs\RamirezAlfredo-P1\index.php(37): CodeIgniter\CodeIgniter->run()
#8 {main}
CRITICAL - 2022-05-17 17:25:16 --> Invalid file: /login.php
#0 C:\xampp\htdocs\RamirezAlfredo-P1\system\View\View.php(198): CodeIgniter\Exceptions\FrameworkException::forInvalidFile('/login.php')
#1 C:\xampp\htdocs\RamirezAlfredo-P1\system\Common.php(1089): CodeIgniter\View\View->render('/login', Array, true)
#2 C:\xampp\htdocs\RamirezAlfredo-P1\app\Controllers\LoginController.php(14): view('/login', Array)
#3 C:\xampp\htdocs\RamirezAlfredo-P1\system\CodeIgniter.php(832): App\Controllers\LoginController->index()
#4 C:\xampp\htdocs\RamirezAlfredo-P1\system\CodeIgniter.php(419): CodeIgniter\CodeIgniter->runController(Object(App\Controllers\LoginController))
#5 C:\xampp\htdocs\RamirezAlfredo-P1\system\CodeIgniter.php(326): CodeIgniter\CodeIgniter->handleRequest(NULL, Object(Config\Cache), false)
#6 C:\xampp\htdocs\RamirezAlfredo-P1\index.php(37): CodeIgniter\CodeIgniter->run()
#7 {main}
CRITICAL - 2022-05-17 17:25:17 --> Invalid file: /login.php
#0 C:\xampp\htdocs\RamirezAlfredo-P1\system\View\View.php(198): CodeIgniter\Exceptions\FrameworkException::forInvalidFile('/login.php')
#1 C:\xampp\htdocs\RamirezAlfredo-P1\system\Common.php(1089): CodeIgniter\View\View->render('/login', Array, true)
#2 C:\xampp\htdocs\RamirezAlfredo-P1\app\Controllers\LoginController.php(14): view('/login', Array)
#3 C:\xampp\htdocs\RamirezAlfredo-P1\system\CodeIgniter.php(832): App\Controllers\LoginController->index()
#4 C:\xampp\htdocs\RamirezAlfredo-P1\system\CodeIgniter.php(419): CodeIgniter\CodeIgniter->runController(Object(App\Controllers\LoginController))
#5 C:\xampp\htdocs\RamirezAlfredo-P1\system\CodeIgniter.php(326): CodeIgniter\CodeIgniter->handleRequest(NULL, Object(Config\Cache), false)
#6 C:\xampp\htdocs\RamirezAlfredo-P1\index.php(37): CodeIgniter\CodeIgniter->run()
#7 {main}
CRITICAL - 2022-05-17 18:33:19 --> Class 'App\Filters\UsersCheck' not found
#0 C:\xampp\htdocs\RamirezAlfredo-P1\system\CodeIgniter.php(393): CodeIgniter\Filters\Filters->run('/', 'before')
#1 C:\xampp\htdocs\RamirezAlfredo-P1\system\CodeIgniter.php(326): CodeIgniter\CodeIgniter->handleRequest(NULL, Object(Config\Cache), false)
#2 C:\xampp\htdocs\RamirezAlfredo-P1\index.php(37): CodeIgniter\CodeIgniter->run()
#3 {main}
CRITICAL - 2022-05-17 18:34:38 --> Class 'App\Filters\UsersCheck' not found
#0 C:\xampp\htdocs\RamirezAlfredo-P1\system\CodeIgniter.php(393): CodeIgniter\Filters\Filters->run('registrar', 'before')
#1 C:\xampp\htdocs\RamirezAlfredo-P1\system\CodeIgniter.php(326): CodeIgniter\CodeIgniter->handleRequest(NULL, Object(Config\Cache), false)
#2 C:\xampp\htdocs\RamirezAlfredo-P1\index.php(37): CodeIgniter\CodeIgniter->run()
#3 {main}
CRITICAL - 2022-05-17 18:34:40 --> Class 'App\Filters\UsersCheck' not found
#0 C:\xampp\htdocs\RamirezAlfredo-P1\system\CodeIgniter.php(393): CodeIgniter\Filters\Filters->run('registrar', 'before')
#1 C:\xampp\htdocs\RamirezAlfredo-P1\system\CodeIgniter.php(326): CodeIgniter\CodeIgniter->handleRequest(NULL, Object(Config\Cache), false)
#2 C:\xampp\htdocs\RamirezAlfredo-P1\index.php(37): CodeIgniter\CodeIgniter->run()
#3 {main}
CRITICAL - 2022-05-17 18:34:44 --> Class 'App\Filters\UsersCheck' not found
#0 C:\xampp\htdocs\RamirezAlfredo-P1\system\CodeIgniter.php(393): CodeIgniter\Filters\Filters->run('/', 'before')
#1 C:\xampp\htdocs\RamirezAlfredo-P1\system\CodeIgniter.php(326): CodeIgniter\CodeIgniter->handleRequest(NULL, Object(Config\Cache), false)
#2 C:\xampp\htdocs\RamirezAlfredo-P1\index.php(37): CodeIgniter\CodeIgniter->run()
#3 {main}
CRITICAL - 2022-05-17 18:37:00 --> Class 'App\Filters\UsersCheck' not found
#0 C:\xampp\htdocs\RamirezAlfredo-P1\system\CodeIgniter.php(393): CodeIgniter\Filters\Filters->run('/', 'before')
#1 C:\xampp\htdocs\RamirezAlfredo-P1\system\CodeIgniter.php(326): CodeIgniter\CodeIgniter->handleRequest(NULL, Object(Config\Cache), false)
#2 C:\xampp\htdocs\RamirezAlfredo-P1\index.php(37): CodeIgniter\CodeIgniter->run()
#3 {main}
CRITICAL - 2022-05-17 18:38:09 --> Class 'App\Filters\UsersCheck' not found
#0 C:\xampp\htdocs\RamirezAlfredo-P1\system\CodeIgniter.php(393): CodeIgniter\Filters\Filters->run('/', 'before')
#1 C:\xampp\htdocs\RamirezAlfredo-P1\system\CodeIgniter.php(326): CodeIgniter\CodeIgniter->handleRequest(NULL, Object(Config\Cache), false)
#2 C:\xampp\htdocs\RamirezAlfredo-P1\index.php(37): CodeIgniter\CodeIgniter->run()
#3 {main}
CRITICAL - 2022-05-17 18:38:12 --> Class 'App\Filters\UsersCheck' not found
#0 C:\xampp\htdocs\RamirezAlfredo-P1\system\CodeIgniter.php(393): CodeIgniter\Filters\Filters->run('/', 'before')
#1 C:\xampp\htdocs\RamirezAlfredo-P1\system\CodeIgniter.php(326): CodeIgniter\CodeIgniter->handleRequest(NULL, Object(Config\Cache), false)
#2 C:\xampp\htdocs\RamirezAlfredo-P1\index.php(37): CodeIgniter\CodeIgniter->run()
#3 {main}
CRITICAL - 2022-05-17 18:41:57 --> Invalid file: inicio.php
#0 C:\xampp\htdocs\RamirezAlfredo-P1\system\View\View.php(198): CodeIgniter\Exceptions\FrameworkException::forInvalidFile('inicio.php')
#1 C:\xampp\htdocs\RamirezAlfredo-P1\system\Common.php(1089): CodeIgniter\View\View->render('inicio', Array, true)
#2 C:\xampp\htdocs\RamirezAlfredo-P1\app\Controllers\LoginController.php(15): view('inicio')
#3 C:\xampp\htdocs\RamirezAlfredo-P1\system\CodeIgniter.php(832): App\Controllers\LoginController->inicio()
#4 C:\xampp\htdocs\RamirezAlfredo-P1\system\CodeIgniter.php(419): CodeIgniter\CodeIgniter->runController(Object(App\Controllers\LoginController))
#5 C:\xampp\htdocs\RamirezAlfredo-P1\system\CodeIgniter.php(326): CodeIgniter\CodeIgniter->handleRequest(NULL, Object(Config\Cache), false)
#6 C:\xampp\htdocs\RamirezAlfredo-P1\index.php(37): CodeIgniter\CodeIgniter->run()
#7 {main}
CRITICAL - 2022-05-17 18:45:15 --> Invalid file: login.php
#0 C:\xampp\htdocs\RamirezAlfredo-P1\system\View\View.php(198): CodeIgniter\Exceptions\FrameworkException::forInvalidFile('login.php')
#1 C:\xampp\htdocs\RamirezAlfredo-P1\system\Common.php(1089): CodeIgniter\View\View->render('login', Array, true)
#2 C:\xampp\htdocs\RamirezAlfredo-P1\app\Controllers\LoginController.php(15): view('login')
#3 C:\xampp\htdocs\RamirezAlfredo-P1\system\CodeIgniter.php(832): App\Controllers\LoginController->inicio()
#4 C:\xampp\htdocs\RamirezAlfredo-P1\system\CodeIgniter.php(419): CodeIgniter\CodeIgniter->runController(Object(App\Controllers\LoginController))
#5 C:\xampp\htdocs\RamirezAlfredo-P1\system\CodeIgniter.php(326): CodeIgniter\CodeIgniter->handleRequest(NULL, Object(Config\Cache), false)
#6 C:\xampp\htdocs\RamirezAlfredo-P1\index.php(37): CodeIgniter\CodeIgniter->run()
#7 {main}
CRITICAL - 2022-05-17 18:49:32 --> Call to undefined function set_value()
#0 C:\xampp\htdocs\RamirezAlfredo-P1\system\View\View.php(210): include()
#1 C:\xampp\htdocs\RamirezAlfredo-P1\system\View\View.php(213): CodeIgniter\View\View->CodeIgniter\View\{closure}()
#2 C:\xampp\htdocs\RamirezAlfredo-P1\system\Common.php(1089): CodeIgniter\View\View->render('usuario/login', Array, true)
#3 C:\xampp\htdocs\RamirezAlfredo-P1\app\Controllers\LoginController.php(18): view('usuario/login')
#4 C:\xampp\htdocs\RamirezAlfredo-P1\system\CodeIgniter.php(832): App\Controllers\LoginController->inicio()
#5 C:\xampp\htdocs\RamirezAlfredo-P1\system\CodeIgniter.php(419): CodeIgniter\CodeIgniter->runController(Object(App\Controllers\LoginController))
#6 C:\xampp\htdocs\RamirezAlfredo-P1\system\CodeIgniter.php(326): CodeIgniter\CodeIgniter->handleRequest(NULL, Object(Config\Cache), false)
#7 C:\xampp\htdocs\RamirezAlfredo-P1\index.php(37): CodeIgniter\CodeIgniter->run()
#8 {main}
