CRITICAL - 2022-05-20 10:38:15 --> Invalid file: usuario/menu.php
#0 C:\xampp\htdocs\RamirezAlfredo-P1\system\View\View.php(198): CodeIgniter\Exceptions\FrameworkException::forInvalidFile('usuario/menu.ph...')
#1 C:\xampp\htdocs\RamirezAlfredo-P1\system\Common.php(1089): CodeIgniter\View\View->render('usuario/menu', Array, true)
#2 C:\xampp\htdocs\RamirezAlfredo-P1\app\Controllers\Home.php(51): view('usuario/menu')
#3 C:\xampp\htdocs\RamirezAlfredo-P1\system\CodeIgniter.php(832): App\Controllers\Home->dashboard()
#4 C:\xampp\htdocs\RamirezAlfredo-P1\system\CodeIgniter.php(419): CodeIgniter\CodeIgniter->runController(Object(App\Controllers\Home))
#5 C:\xampp\htdocs\RamirezAlfredo-P1\system\CodeIgniter.php(326): CodeIgniter\CodeIgniter->handleRequest(NULL, Object(Config\Cache), false)
#6 C:\xampp\htdocs\RamirezAlfredo-P1\index.php(37): CodeIgniter\CodeIgniter->run()
#7 {main}
CRITICAL - 2022-05-20 10:56:07 --> Invalid file: /login.php
#0 C:\xampp\htdocs\RamirezAlfredo-P1\system\View\View.php(198): CodeIgniter\Exceptions\FrameworkException::forInvalidFile('/login.php')
#1 C:\xampp\htdocs\RamirezAlfredo-P1\system\Common.php(1089): CodeIgniter\View\View->render('/login', Array, true)
#2 C:\xampp\htdocs\RamirezAlfredo-P1\app\Controllers\LoginController.php(51): view('/login', Array)
#3 C:\xampp\htdocs\RamirezAlfredo-P1\system\CodeIgniter.php(832): App\Controllers\LoginController->login()
#4 C:\xampp\htdocs\RamirezAlfredo-P1\system\CodeIgniter.php(419): CodeIgniter\CodeIgniter->runController(Object(App\Controllers\LoginController))
#5 C:\xampp\htdocs\RamirezAlfredo-P1\system\CodeIgniter.php(326): CodeIgniter\CodeIgniter->handleRequest(NULL, Object(Config\Cache), false)
#6 C:\xampp\htdocs\RamirezAlfredo-P1\index.php(37): CodeIgniter\CodeIgniter->run()
#7 {main}
CRITICAL - 2022-05-20 10:56:17 --> Trying to access array offset on value of type null
#0 C:\xampp\htdocs\RamirezAlfredo-P1\app\Controllers\LoginController.php(64): CodeIgniter\Debug\Exceptions->errorHandler(8, 'Trying to acces...', 'C:\\xampp\\htdocs...', 64, Array)
#1 C:\xampp\htdocs\RamirezAlfredo-P1\system\CodeIgniter.php(832): App\Controllers\LoginController->login()
#2 C:\xampp\htdocs\RamirezAlfredo-P1\system\CodeIgniter.php(419): CodeIgniter\CodeIgniter->runController(Object(App\Controllers\LoginController))
#3 C:\xampp\htdocs\RamirezAlfredo-P1\system\CodeIgniter.php(326): CodeIgniter\CodeIgniter->handleRequest(NULL, Object(Config\Cache), false)
#4 C:\xampp\htdocs\RamirezAlfredo-P1\index.php(37): CodeIgniter\CodeIgniter->run()
#5 {main}
CRITICAL - 2022-05-20 12:32:23 --> Call to undefined method App\Models\UsuarioModel::second
#0 C:\xampp\htdocs\RamirezAlfredo-P1\app\Controllers\LoginController.php(28): CodeIgniter\Model->__call('second', Array)
#1 C:\xampp\htdocs\RamirezAlfredo-P1\system\CodeIgniter.php(832): App\Controllers\LoginController->login()
#2 C:\xampp\htdocs\RamirezAlfredo-P1\system\CodeIgniter.php(419): CodeIgniter\CodeIgniter->runController(Object(App\Controllers\LoginController))
#3 C:\xampp\htdocs\RamirezAlfredo-P1\system\CodeIgniter.php(326): CodeIgniter\CodeIgniter->handleRequest(NULL, Object(Config\Cache), false)
#4 C:\xampp\htdocs\RamirezAlfredo-P1\index.php(37): CodeIgniter\CodeIgniter->run()
#5 {main}
