CRITICAL - 2022-06-04 08:05:45 --> Could not move file php7CFA.tmp to C:\xampp\htdocs\RamirezAlfredo-P1\/ ()
#0 C:\xampp\htdocs\RamirezAlfredo-P1\system\HTTP\Files\UploadedFile.php(149): CodeIgniter\HTTP\Exceptions\HTTPException::forMoveFailed('php7CFA.tmp', 'C:\\xampp\\htdocs...', '')
#1 C:\xampp\htdocs\RamirezAlfredo-P1\app\Controllers\ProductoController.php(50): CodeIgniter\HTTP\Files\UploadedFile->move('C:\\xampp\\htdocs...', 'uploads', true)
#2 C:\xampp\htdocs\RamirezAlfredo-P1\system\CodeIgniter.php(832): App\Controllers\ProductoController->store()
#3 C:\xampp\htdocs\RamirezAlfredo-P1\system\CodeIgniter.php(419): CodeIgniter\CodeIgniter->runController(Object(App\Controllers\ProductoController))
#4 C:\xampp\htdocs\RamirezAlfredo-P1\system\CodeIgniter.php(326): CodeIgniter\CodeIgniter->handleRequest(NULL, Object(Config\Cache), false)
#5 C:\xampp\htdocs\RamirezAlfredo-P1\index.php(37): CodeIgniter\CodeIgniter->run()
#6 {main}
CRITICAL - 2022-06-04 08:17:43 --> Could not move file php714E.tmp to C:\xampp\htdocs\RamirezAlfredo-P1\/ ()
#0 C:\xampp\htdocs\RamirezAlfredo-P1\system\HTTP\Files\UploadedFile.php(149): CodeIgniter\HTTP\Exceptions\HTTPException::forMoveFailed('php714E.tmp', 'C:\\xampp\\htdocs...', '')
#1 C:\xampp\htdocs\RamirezAlfredo-P1\app\Controllers\ProductoController.php(50): CodeIgniter\HTTP\Files\UploadedFile->move('C:\\xampp\\htdocs...', 'public/assets/u...', true)
#2 C:\xampp\htdocs\RamirezAlfredo-P1\system\CodeIgniter.php(832): App\Controllers\ProductoController->store()
#3 C:\xampp\htdocs\RamirezAlfredo-P1\system\CodeIgniter.php(419): CodeIgniter\CodeIgniter->runController(Object(App\Controllers\ProductoController))
#4 C:\xampp\htdocs\RamirezAlfredo-P1\system\CodeIgniter.php(326): CodeIgniter\CodeIgniter->handleRequest(NULL, Object(Config\Cache), false)
#5 C:\xampp\htdocs\RamirezAlfredo-P1\index.php(37): CodeIgniter\CodeIgniter->run()
#6 {main}
CRITICAL - 2022-06-04 08:18:44 --> Could not move file php5E10.tmp to C:\xampp\htdocs\RamirezAlfredo-P1\writable\/ ()
#0 C:\xampp\htdocs\RamirezAlfredo-P1\system\HTTP\Files\UploadedFile.php(149): CodeIgniter\HTTP\Exceptions\HTTPException::forMoveFailed('php5E10.tmp', 'C:\\xampp\\htdocs...', '')
#1 C:\xampp\htdocs\RamirezAlfredo-P1\app\Controllers\ProductoController.php(50): CodeIgniter\HTTP\Files\UploadedFile->move('C:\\xampp\\htdocs...', 'public/assets/u...', true)
#2 C:\xampp\htdocs\RamirezAlfredo-P1\system\CodeIgniter.php(832): App\Controllers\ProductoController->store()
#3 C:\xampp\htdocs\RamirezAlfredo-P1\system\CodeIgniter.php(419): CodeIgniter\CodeIgniter->runController(Object(App\Controllers\ProductoController))
#4 C:\xampp\htdocs\RamirezAlfredo-P1\system\CodeIgniter.php(326): CodeIgniter\CodeIgniter->handleRequest(NULL, Object(Config\Cache), false)
#5 C:\xampp\htdocs\RamirezAlfredo-P1\index.php(37): CodeIgniter\CodeIgniter->run()
#6 {main}
CRITICAL - 2022-06-04 08:20:32 --> Call to a member function getRandomName() on null
#0 C:\xampp\htdocs\RamirezAlfredo-P1\system\CodeIgniter.php(832): App\Controllers\ProductoController->update_producto()
#1 C:\xampp\htdocs\RamirezAlfredo-P1\system\CodeIgniter.php(419): CodeIgniter\CodeIgniter->runController(Object(App\Controllers\ProductoController))
#2 C:\xampp\htdocs\RamirezAlfredo-P1\system\CodeIgniter.php(326): CodeIgniter\CodeIgniter->handleRequest(NULL, Object(Config\Cache), false)
#3 C:\xampp\htdocs\RamirezAlfredo-P1\index.php(37): CodeIgniter\CodeIgniter->run()
#4 {main}
CRITICAL - 2022-06-04 08:23:05 --> The original file is not a valid file.
#0 C:\xampp\htdocs\RamirezAlfredo-P1\system\HTTP\Files\UploadedFile.php(137): CodeIgniter\HTTP\Exceptions\HTTPException::forInvalidFile()
#1 C:\xampp\htdocs\RamirezAlfredo-P1\app\Controllers\ProductoController.php(50): CodeIgniter\HTTP\Files\UploadedFile->move('C:\\xampp\\htdocs...', 'uploads', true)
#2 C:\xampp\htdocs\RamirezAlfredo-P1\system\CodeIgniter.php(832): App\Controllers\ProductoController->store()
#3 C:\xampp\htdocs\RamirezAlfredo-P1\system\CodeIgniter.php(419): CodeIgniter\CodeIgniter->runController(Object(App\Controllers\ProductoController))
#4 C:\xampp\htdocs\RamirezAlfredo-P1\system\CodeIgniter.php(326): CodeIgniter\CodeIgniter->handleRequest(NULL, Object(Config\Cache), false)
#5 C:\xampp\htdocs\RamirezAlfredo-P1\index.php(37): CodeIgniter\CodeIgniter->run()
#6 {main}
CRITICAL - 2022-06-04 08:24:10 --> Could not move file php58AA.tmp to C:\xampp\htdocs\RamirezAlfredo-P1\/ ()
#0 C:\xampp\htdocs\RamirezAlfredo-P1\system\HTTP\Files\UploadedFile.php(149): CodeIgniter\HTTP\Exceptions\HTTPException::forMoveFailed('php58AA.tmp', 'C:\\xampp\\htdocs...', '')
#1 C:\xampp\htdocs\RamirezAlfredo-P1\app\Controllers\ProductoController.php(50): CodeIgniter\HTTP\Files\UploadedFile->move('C:\\xampp\\htdocs...', 'uploads', true)
#2 C:\xampp\htdocs\RamirezAlfredo-P1\system\CodeIgniter.php(832): App\Controllers\ProductoController->store()
#3 C:\xampp\htdocs\RamirezAlfredo-P1\system\CodeIgniter.php(419): CodeIgniter\CodeIgniter->runController(Object(App\Controllers\ProductoController))
#4 C:\xampp\htdocs\RamirezAlfredo-P1\system\CodeIgniter.php(326): CodeIgniter\CodeIgniter->handleRequest(NULL, Object(Config\Cache), false)
#5 C:\xampp\htdocs\RamirezAlfredo-P1\index.php(37): CodeIgniter\CodeIgniter->run()
#6 {main}
CRITICAL - 2022-06-04 08:25:31 --> Could not move file php936D.tmp to C:\xampp\htdocs\RamirezAlfredo-P1\/ ()
#0 C:\xampp\htdocs\RamirezAlfredo-P1\system\HTTP\Files\UploadedFile.php(149): CodeIgniter\HTTP\Exceptions\HTTPException::forMoveFailed('php936D.tmp', 'C:\\xampp\\htdocs...', '')
#1 C:\xampp\htdocs\RamirezAlfredo-P1\app\Controllers\ProductoController.php(50): CodeIgniter\HTTP\Files\UploadedFile->move('C:\\xampp\\htdocs...', 'uploads', true)
#2 C:\xampp\htdocs\RamirezAlfredo-P1\system\CodeIgniter.php(832): App\Controllers\ProductoController->store()
#3 C:\xampp\htdocs\RamirezAlfredo-P1\system\CodeIgniter.php(419): CodeIgniter\CodeIgniter->runController(Object(App\Controllers\ProductoController))
#4 C:\xampp\htdocs\RamirezAlfredo-P1\system\CodeIgniter.php(326): CodeIgniter\CodeIgniter->handleRequest(NULL, Object(Config\Cache), false)
#5 C:\xampp\htdocs\RamirezAlfredo-P1\index.php(37): CodeIgniter\CodeIgniter->run()
#6 {main}
CRITICAL - 2022-06-04 08:29:21 --> Could not move file php1707.tmp to C:\xampp\htdocs\RamirezAlfredo-P1\/ ()
#0 C:\xampp\htdocs\RamirezAlfredo-P1\system\HTTP\Files\UploadedFile.php(149): CodeIgniter\HTTP\Exceptions\HTTPException::forMoveFailed('php1707.tmp', 'C:\\xampp\\htdocs...', '')
#1 C:\xampp\htdocs\RamirezAlfredo-P1\app\Controllers\ProductoController.php(50): CodeIgniter\HTTP\Files\UploadedFile->move('C:\\xampp\\htdocs...', 'uploads', true)
#2 C:\xampp\htdocs\RamirezAlfredo-P1\system\CodeIgniter.php(832): App\Controllers\ProductoController->store()
#3 C:\xampp\htdocs\RamirezAlfredo-P1\system\CodeIgniter.php(419): CodeIgniter\CodeIgniter->runController(Object(App\Controllers\ProductoController))
#4 C:\xampp\htdocs\RamirezAlfredo-P1\system\CodeIgniter.php(326): CodeIgniter\CodeIgniter->handleRequest(NULL, Object(Config\Cache), false)
#5 C:\xampp\htdocs\RamirezAlfredo-P1\index.php(37): CodeIgniter\CodeIgniter->run()
#6 {main}
CRITICAL - 2022-06-04 08:32:19 --> The uploaded file has already been moved.
#0 C:\xampp\htdocs\RamirezAlfredo-P1\system\HTTP\Files\UploadedFile.php(133): CodeIgniter\HTTP\Exceptions\HTTPException::forAlreadyMoved()
#1 C:\xampp\htdocs\RamirezAlfredo-P1\app\Controllers\ProductoController.php(50): CodeIgniter\HTTP\Files\UploadedFile->move('C:\\xampp\\htdocs...', 'uploads', true)
#2 C:\xampp\htdocs\RamirezAlfredo-P1\system\CodeIgniter.php(832): App\Controllers\ProductoController->store()
#3 C:\xampp\htdocs\RamirezAlfredo-P1\system\CodeIgniter.php(419): CodeIgniter\CodeIgniter->runController(Object(App\Controllers\ProductoController))
#4 C:\xampp\htdocs\RamirezAlfredo-P1\system\CodeIgniter.php(326): CodeIgniter\CodeIgniter->handleRequest(NULL, Object(Config\Cache), false)
#5 C:\xampp\htdocs\RamirezAlfredo-P1\index.php(37): CodeIgniter\CodeIgniter->run()
#6 {main}
CRITICAL - 2022-06-04 08:35:08 --> The uploaded file has already been moved.
#0 C:\xampp\htdocs\RamirezAlfredo-P1\system\HTTP\Files\UploadedFile.php(133): CodeIgniter\HTTP\Exceptions\HTTPException::forAlreadyMoved()
#1 C:\xampp\htdocs\RamirezAlfredo-P1\app\Controllers\ProductoController.php(50): CodeIgniter\HTTP\Files\UploadedFile->move('C:\\xampp\\htdocs...', 'uploads', true)
#2 C:\xampp\htdocs\RamirezAlfredo-P1\system\CodeIgniter.php(832): App\Controllers\ProductoController->store()
#3 C:\xampp\htdocs\RamirezAlfredo-P1\system\CodeIgniter.php(419): CodeIgniter\CodeIgniter->runController(Object(App\Controllers\ProductoController))
#4 C:\xampp\htdocs\RamirezAlfredo-P1\system\CodeIgniter.php(326): CodeIgniter\CodeIgniter->handleRequest(NULL, Object(Config\Cache), false)
#5 C:\xampp\htdocs\RamirezAlfredo-P1\index.php(37): CodeIgniter\CodeIgniter->run()
#6 {main}
CRITICAL - 2022-06-04 08:37:38 --> Could not move file phpAD3D.tmp to C:\xampp\htdocs\RamirezAlfredo-P1\/ ()
#0 C:\xampp\htdocs\RamirezAlfredo-P1\system\HTTP\Files\UploadedFile.php(149): CodeIgniter\HTTP\Exceptions\HTTPException::forMoveFailed('phpAD3D.tmp', 'C:\\xampp\\htdocs...', '')
#1 C:\xampp\htdocs\RamirezAlfredo-P1\app\Controllers\ProductoController.php(50): CodeIgniter\HTTP\Files\UploadedFile->move('C:\\xampp\\htdocs...', 'uploads', true)
#2 C:\xampp\htdocs\RamirezAlfredo-P1\system\CodeIgniter.php(832): App\Controllers\ProductoController->store()
#3 C:\xampp\htdocs\RamirezAlfredo-P1\system\CodeIgniter.php(419): CodeIgniter\CodeIgniter->runController(Object(App\Controllers\ProductoController))
#4 C:\xampp\htdocs\RamirezAlfredo-P1\system\CodeIgniter.php(326): CodeIgniter\CodeIgniter->handleRequest(NULL, Object(Config\Cache), false)
#5 C:\xampp\htdocs\RamirezAlfredo-P1\index.php(37): CodeIgniter\CodeIgniter->run()
#6 {main}
CRITICAL - 2022-06-04 08:48:45 --> Could not move file phpDAA6.tmp to C:\xampp\htdocs\RamirezAlfredo-P1\/ ()
#0 C:\xampp\htdocs\RamirezAlfredo-P1\system\HTTP\Files\UploadedFile.php(149): CodeIgniter\HTTP\Exceptions\HTTPException::forMoveFailed('phpDAA6.tmp', 'C:\\xampp\\htdocs...', '')
#1 C:\xampp\htdocs\RamirezAlfredo-P1\app\Controllers\ProductoController.php(50): CodeIgniter\HTTP\Files\UploadedFile->move('C:\\xampp\\htdocs...', 'uploads', true)
#2 C:\xampp\htdocs\RamirezAlfredo-P1\system\CodeIgniter.php(832): App\Controllers\ProductoController->store()
#3 C:\xampp\htdocs\RamirezAlfredo-P1\system\CodeIgniter.php(419): CodeIgniter\CodeIgniter->runController(Object(App\Controllers\ProductoController))
#4 C:\xampp\htdocs\RamirezAlfredo-P1\system\CodeIgniter.php(326): CodeIgniter\CodeIgniter->handleRequest(NULL, Object(Config\Cache), false)
#5 C:\xampp\htdocs\RamirezAlfredo-P1\index.php(37): CodeIgniter\CodeIgniter->run()
#6 {main}
CRITICAL - 2022-06-04 08:51:14 --> Could not move file php218A.tmp to C:\xampp\htdocs\RamirezAlfredo-P1\/ ()
#0 C:\xampp\htdocs\RamirezAlfredo-P1\system\HTTP\Files\UploadedFile.php(149): CodeIgniter\HTTP\Exceptions\HTTPException::forMoveFailed('php218A.tmp', 'C:\\xampp\\htdocs...', '')
#1 C:\xampp\htdocs\RamirezAlfredo-P1\app\Controllers\ProductoController.php(50): CodeIgniter\HTTP\Files\UploadedFile->move('C:\\xampp\\htdocs...', 'uploads/', true)
#2 C:\xampp\htdocs\RamirezAlfredo-P1\system\CodeIgniter.php(832): App\Controllers\ProductoController->store()
#3 C:\xampp\htdocs\RamirezAlfredo-P1\system\CodeIgniter.php(419): CodeIgniter\CodeIgniter->runController(Object(App\Controllers\ProductoController))
#4 C:\xampp\htdocs\RamirezAlfredo-P1\system\CodeIgniter.php(326): CodeIgniter\CodeIgniter->handleRequest(NULL, Object(Config\Cache), false)
#5 C:\xampp\htdocs\RamirezAlfredo-P1\index.php(37): CodeIgniter\CodeIgniter->run()
#6 {main}
CRITICAL - 2022-06-04 09:22:31 --> Could not move file phpC46A.tmp to C:\xampp\htdocs\RamirezAlfredo-P1\/ ()
#0 C:\xampp\htdocs\RamirezAlfredo-P1\system\HTTP\Files\UploadedFile.php(149): CodeIgniter\HTTP\Exceptions\HTTPException::forMoveFailed('phpC46A.tmp', 'C:\\xampp\\htdocs...', '')
#1 C:\xampp\htdocs\RamirezAlfredo-P1\app\Controllers\ProductoController.php(50): CodeIgniter\HTTP\Files\UploadedFile->move('C:\\xampp\\htdocs...', 'uploads/', true)
#2 C:\xampp\htdocs\RamirezAlfredo-P1\system\CodeIgniter.php(832): App\Controllers\ProductoController->store()
#3 C:\xampp\htdocs\RamirezAlfredo-P1\system\CodeIgniter.php(419): CodeIgniter\CodeIgniter->runController(Object(App\Controllers\ProductoController))
#4 C:\xampp\htdocs\RamirezAlfredo-P1\system\CodeIgniter.php(326): CodeIgniter\CodeIgniter->handleRequest(NULL, Object(Config\Cache), false)
#5 C:\xampp\htdocs\RamirezAlfredo-P1\index.php(37): CodeIgniter\CodeIgniter->run()
#6 {main}
CRITICAL - 2022-06-04 09:24:11 --> The original file is not a valid file.
#0 C:\xampp\htdocs\RamirezAlfredo-P1\system\HTTP\Files\UploadedFile.php(137): CodeIgniter\HTTP\Exceptions\HTTPException::forInvalidFile()
#1 C:\xampp\htdocs\RamirezAlfredo-P1\app\Controllers\ProductoController.php(50): CodeIgniter\HTTP\Files\UploadedFile->move('C:\\xampp\\htdocs...', 'uploads/', true)
#2 C:\xampp\htdocs\RamirezAlfredo-P1\system\CodeIgniter.php(832): App\Controllers\ProductoController->store()
#3 C:\xampp\htdocs\RamirezAlfredo-P1\system\CodeIgniter.php(419): CodeIgniter\CodeIgniter->runController(Object(App\Controllers\ProductoController))
#4 C:\xampp\htdocs\RamirezAlfredo-P1\system\CodeIgniter.php(326): CodeIgniter\CodeIgniter->handleRequest(NULL, Object(Config\Cache), false)
#5 C:\xampp\htdocs\RamirezAlfredo-P1\index.php(37): CodeIgniter\CodeIgniter->run()
#6 {main}
CRITICAL - 2022-06-04 09:24:20 --> Could not move file php6C8D.tmp to C:\xampp\htdocs\RamirezAlfredo-P1\writable\/ ()
#0 C:\xampp\htdocs\RamirezAlfredo-P1\system\HTTP\Files\UploadedFile.php(149): CodeIgniter\HTTP\Exceptions\HTTPException::forMoveFailed('php6C8D.tmp', 'C:\\xampp\\htdocs...', '')
#1 C:\xampp\htdocs\RamirezAlfredo-P1\app\Controllers\ProductoController.php(50): CodeIgniter\HTTP\Files\UploadedFile->move('C:\\xampp\\htdocs...', 'uploads/', true)
#2 C:\xampp\htdocs\RamirezAlfredo-P1\system\CodeIgniter.php(832): App\Controllers\ProductoController->store()
#3 C:\xampp\htdocs\RamirezAlfredo-P1\system\CodeIgniter.php(419): CodeIgniter\CodeIgniter->runController(Object(App\Controllers\ProductoController))
#4 C:\xampp\htdocs\RamirezAlfredo-P1\system\CodeIgniter.php(326): CodeIgniter\CodeIgniter->handleRequest(NULL, Object(Config\Cache), false)
#5 C:\xampp\htdocs\RamirezAlfredo-P1\index.php(37): CodeIgniter\CodeIgniter->run()
#6 {main}
CRITICAL - 2022-06-04 09:33:17 --> Could not move file phpA0B7.tmp to C:\xampp\htdocs\RamirezAlfredo-P1\writable\/ ()
#0 C:\xampp\htdocs\RamirezAlfredo-P1\system\HTTP\Files\UploadedFile.php(149): CodeIgniter\HTTP\Exceptions\HTTPException::forMoveFailed('phpA0B7.tmp', 'C:\\xampp\\htdocs...', '')
#1 C:\xampp\htdocs\RamirezAlfredo-P1\app\Controllers\ProductoController.php(50): CodeIgniter\HTTP\Files\UploadedFile->move('C:\\xampp\\htdocs...', '/uploads', true)
#2 C:\xampp\htdocs\RamirezAlfredo-P1\system\CodeIgniter.php(832): App\Controllers\ProductoController->store()
#3 C:\xampp\htdocs\RamirezAlfredo-P1\system\CodeIgniter.php(419): CodeIgniter\CodeIgniter->runController(Object(App\Controllers\ProductoController))
#4 C:\xampp\htdocs\RamirezAlfredo-P1\system\CodeIgniter.php(326): CodeIgniter\CodeIgniter->handleRequest(NULL, Object(Config\Cache), false)
#5 C:\xampp\htdocs\RamirezAlfredo-P1\index.php(37): CodeIgniter\CodeIgniter->run()
#6 {main}
CRITICAL - 2022-06-04 09:46:50 --> Could not move file php96F.tmp to C:\xampp\htdocs\RamirezAlfredo-P1\/ ()
#0 C:\xampp\htdocs\RamirezAlfredo-P1\system\HTTP\Files\UploadedFile.php(149): CodeIgniter\HTTP\Exceptions\HTTPException::forMoveFailed('php96F.tmp', 'C:\\xampp\\htdocs...', '')
#1 C:\xampp\htdocs\RamirezAlfredo-P1\app\Controllers\ProductoController.php(51): CodeIgniter\HTTP\Files\UploadedFile->move('C:\\xampp\\htdocs...', '/uploads', true)
#2 C:\xampp\htdocs\RamirezAlfredo-P1\system\CodeIgniter.php(832): App\Controllers\ProductoController->store()
#3 C:\xampp\htdocs\RamirezAlfredo-P1\system\CodeIgniter.php(419): CodeIgniter\CodeIgniter->runController(Object(App\Controllers\ProductoController))
#4 C:\xampp\htdocs\RamirezAlfredo-P1\system\CodeIgniter.php(326): CodeIgniter\CodeIgniter->handleRequest(NULL, Object(Config\Cache), false)
#5 C:\xampp\htdocs\RamirezAlfredo-P1\index.php(37): CodeIgniter\CodeIgniter->run()
#6 {main}
