CRITICAL - 2022-05-24 17:08:37 --> Undefined property: App\Controllers\ProductoController::$db
#0 C:\xampp\htdocs\RamirezAlfredo-P1\app\Controllers\ProductoController.php(25): CodeIgniter\Debug\Exceptions->errorHandler(2, 'Undefined prope...', 'C:\\xampp\\htdocs...', 25)
#1 C:\xampp\htdocs\RamirezAlfredo-P1\system\CodeIgniter.php(832): App\Controllers\ProductoController->mostrar_productos()
#2 C:\xampp\htdocs\RamirezAlfredo-P1\system\CodeIgniter.php(419): CodeIgniter\CodeIgniter->runController(Object(App\Controllers\ProductoController))
#3 C:\xampp\htdocs\RamirezAlfredo-P1\system\CodeIgniter.php(326): CodeIgniter\CodeIgniter->handleRequest(NULL, Object(Config\Cache), false)
#4 C:\xampp\htdocs\RamirezAlfredo-P1\index.php(37): CodeIgniter\CodeIgniter->run()
#5 {main}
CRITICAL - 2022-05-24 17:24:28 --> Invalid file: addname.php
#0 C:\xampp\htdocs\RamirezAlfredo-P1\system\View\View.php(198): CodeIgniter\Exceptions\FrameworkException::forInvalidFile('addname.php')
#1 C:\xampp\htdocs\RamirezAlfredo-P1\system\Common.php(1089): CodeIgniter\View\View->render('addname', Array, true)
#2 C:\xampp\htdocs\RamirezAlfredo-P1\app\Controllers\CrudController.php(25): view('addname')
#3 C:\xampp\htdocs\RamirezAlfredo-P1\system\CodeIgniter.php(832): App\Controllers\CrudController->create()
#4 C:\xampp\htdocs\RamirezAlfredo-P1\system\CodeIgniter.php(419): CodeIgniter\CodeIgniter->runController(Object(App\Controllers\CrudController))
#5 C:\xampp\htdocs\RamirezAlfredo-P1\system\CodeIgniter.php(326): CodeIgniter\CodeIgniter->handleRequest(NULL, Object(Config\Cache), false)
#6 C:\xampp\htdocs\RamirezAlfredo-P1\index.php(37): CodeIgniter\CodeIgniter->run()
#7 {main}
CRITICAL - 2022-05-24 17:24:57 --> Invalid file: usuario/namelist.php
#0 C:\xampp\htdocs\RamirezAlfredo-P1\system\View\View.php(198): CodeIgniter\Exceptions\FrameworkException::forInvalidFile('usuario/namelis...')
#1 C:\xampp\htdocs\RamirezAlfredo-P1\system\Common.php(1089): CodeIgniter\View\View->render('usuario/namelis...', Array, true)
#2 C:\xampp\htdocs\RamirezAlfredo-P1\app\Controllers\CrudController.php(18): view('usuario/namelis...')
#3 C:\xampp\htdocs\RamirezAlfredo-P1\system\CodeIgniter.php(832): App\Controllers\CrudController->index()
#4 C:\xampp\htdocs\RamirezAlfredo-P1\system\CodeIgniter.php(419): CodeIgniter\CodeIgniter->runController(Object(App\Controllers\CrudController))
#5 C:\xampp\htdocs\RamirezAlfredo-P1\system\CodeIgniter.php(326): CodeIgniter\CodeIgniter->handleRequest(NULL, Object(Config\Cache), false)
#6 C:\xampp\htdocs\RamirezAlfredo-P1\index.php(37): CodeIgniter\CodeIgniter->run()
#7 {main}
CRITICAL - 2022-05-24 17:31:39 --> Invalid file: /namelist.php
#0 C:\xampp\htdocs\RamirezAlfredo-P1\system\View\View.php(198): CodeIgniter\Exceptions\FrameworkException::forInvalidFile('/namelist.php')
#1 C:\xampp\htdocs\RamirezAlfredo-P1\system\Common.php(1089): CodeIgniter\View\View->render('/namelist', Array, true)
#2 C:\xampp\htdocs\RamirezAlfredo-P1\app\Controllers\CrudController.php(16): view('/namelist', Array)
#3 C:\xampp\htdocs\RamirezAlfredo-P1\system\CodeIgniter.php(832): App\Controllers\CrudController->index()
#4 C:\xampp\htdocs\RamirezAlfredo-P1\system\CodeIgniter.php(419): CodeIgniter\CodeIgniter->runController(Object(App\Controllers\CrudController))
#5 C:\xampp\htdocs\RamirezAlfredo-P1\system\CodeIgniter.php(326): CodeIgniter\CodeIgniter->handleRequest(NULL, Object(Config\Cache), false)
#6 C:\xampp\htdocs\RamirezAlfredo-P1\index.php(37): CodeIgniter\CodeIgniter->run()
#7 {main}
CRITICAL - 2022-05-24 17:32:14 --> Invalid file: /namelist.php
#0 C:\xampp\htdocs\RamirezAlfredo-P1\system\View\View.php(198): CodeIgniter\Exceptions\FrameworkException::forInvalidFile('/namelist.php')
#1 C:\xampp\htdocs\RamirezAlfredo-P1\system\Common.php(1089): CodeIgniter\View\View->render('/namelist', Array, true)
#2 C:\xampp\htdocs\RamirezAlfredo-P1\app\Controllers\CrudController.php(16): view('/namelist', Array)
#3 C:\xampp\htdocs\RamirezAlfredo-P1\system\CodeIgniter.php(832): App\Controllers\CrudController->index()
#4 C:\xampp\htdocs\RamirezAlfredo-P1\system\CodeIgniter.php(419): CodeIgniter\CodeIgniter->runController(Object(App\Controllers\CrudController))
#5 C:\xampp\htdocs\RamirezAlfredo-P1\system\CodeIgniter.php(326): CodeIgniter\CodeIgniter->handleRequest(NULL, Object(Config\Cache), false)
#6 C:\xampp\htdocs\RamirezAlfredo-P1\index.php(37): CodeIgniter\CodeIgniter->run()
#7 {main}
CRITICAL - 2022-05-24 17:33:12 --> Invalid file: /namelist.php
#0 C:\xampp\htdocs\RamirezAlfredo-P1\system\View\View.php(198): CodeIgniter\Exceptions\FrameworkException::forInvalidFile('/namelist.php')
#1 C:\xampp\htdocs\RamirezAlfredo-P1\system\Common.php(1089): CodeIgniter\View\View->render('/namelist', Array, true)
#2 C:\xampp\htdocs\RamirezAlfredo-P1\app\Controllers\CrudController.php(16): view('/namelist', Array)
#3 C:\xampp\htdocs\RamirezAlfredo-P1\system\CodeIgniter.php(832): App\Controllers\CrudController->index()
#4 C:\xampp\htdocs\RamirezAlfredo-P1\system\CodeIgniter.php(419): CodeIgniter\CodeIgniter->runController(Object(App\Controllers\CrudController))
#5 C:\xampp\htdocs\RamirezAlfredo-P1\system\CodeIgniter.php(326): CodeIgniter\CodeIgniter->handleRequest(NULL, Object(Config\Cache), false)
#6 C:\xampp\htdocs\RamirezAlfredo-P1\index.php(37): CodeIgniter\CodeIgniter->run()
#7 {main}
CRITICAL - 2022-05-24 17:33:30 --> Undefined variable $user
#0 C:\xampp\htdocs\RamirezAlfredo-P1\app\Views\usuario\namelist.php(34): CodeIgniter\Debug\Exceptions->errorHandler(2, 'Undefined varia...', 'C:\\xampp\\htdocs...', 34)
#1 C:\xampp\htdocs\RamirezAlfredo-P1\system\View\View.php(210): include('C:\\xampp\\htdocs...')
#2 C:\xampp\htdocs\RamirezAlfredo-P1\system\View\View.php(213): CodeIgniter\View\View->CodeIgniter\View\{closure}()
#3 C:\xampp\htdocs\RamirezAlfredo-P1\system\Common.php(1089): CodeIgniter\View\View->render('usuario/namelis...', Array, true)
#4 C:\xampp\htdocs\RamirezAlfredo-P1\app\Controllers\CrudController.php(16): view('usuario/namelis...', Array)
#5 C:\xampp\htdocs\RamirezAlfredo-P1\system\CodeIgniter.php(832): App\Controllers\CrudController->index()
#6 C:\xampp\htdocs\RamirezAlfredo-P1\system\CodeIgniter.php(419): CodeIgniter\CodeIgniter->runController(Object(App\Controllers\CrudController))
#7 C:\xampp\htdocs\RamirezAlfredo-P1\system\CodeIgniter.php(326): CodeIgniter\CodeIgniter->handleRequest(NULL, Object(Config\Cache), false)
#8 C:\xampp\htdocs\RamirezAlfredo-P1\index.php(37): CodeIgniter\CodeIgniter->run()
#9 {main}
CRITICAL - 2022-05-24 17:37:20 --> Invalid file: editnames.php
#0 C:\xampp\htdocs\RamirezAlfredo-P1\system\View\View.php(198): CodeIgniter\Exceptions\FrameworkException::forInvalidFile('editnames.php')
#1 C:\xampp\htdocs\RamirezAlfredo-P1\system\Common.php(1089): CodeIgniter\View\View->render('editnames', Array, true)
#2 C:\xampp\htdocs\RamirezAlfredo-P1\app\Controllers\CrudController.php(39): view('editnames', Array)
#3 C:\xampp\htdocs\RamirezAlfredo-P1\system\CodeIgniter.php(832): App\Controllers\CrudController->singleUser('2')
#4 C:\xampp\htdocs\RamirezAlfredo-P1\system\CodeIgniter.php(419): CodeIgniter\CodeIgniter->runController(Object(App\Controllers\CrudController))
#5 C:\xampp\htdocs\RamirezAlfredo-P1\system\CodeIgniter.php(326): CodeIgniter\CodeIgniter->handleRequest(NULL, Object(Config\Cache), false)
#6 C:\xampp\htdocs\RamirezAlfredo-P1\index.php(37): CodeIgniter\CodeIgniter->run()
#7 {main}
CRITICAL - 2022-05-24 17:38:52 --> Invalid file: editnames.php
#0 C:\xampp\htdocs\RamirezAlfredo-P1\system\View\View.php(198): CodeIgniter\Exceptions\FrameworkException::forInvalidFile('editnames.php')
#1 C:\xampp\htdocs\RamirezAlfredo-P1\system\Common.php(1089): CodeIgniter\View\View->render('editnames', Array, true)
#2 C:\xampp\htdocs\RamirezAlfredo-P1\app\Controllers\CrudController.php(39): view('editnames', Array)
#3 C:\xampp\htdocs\RamirezAlfredo-P1\system\CodeIgniter.php(832): App\Controllers\CrudController->singleUser('2')
#4 C:\xampp\htdocs\RamirezAlfredo-P1\system\CodeIgniter.php(419): CodeIgniter\CodeIgniter->runController(Object(App\Controllers\CrudController))
#5 C:\xampp\htdocs\RamirezAlfredo-P1\system\CodeIgniter.php(326): CodeIgniter\CodeIgniter->handleRequest(NULL, Object(Config\Cache), false)
#6 C:\xampp\htdocs\RamirezAlfredo-P1\index.php(37): CodeIgniter\CodeIgniter->run()
#7 {main}
CRITICAL - 2022-05-24 17:39:10 --> Invalid file: editnames.php
#0 C:\xampp\htdocs\RamirezAlfredo-P1\system\View\View.php(198): CodeIgniter\Exceptions\FrameworkException::forInvalidFile('editnames.php')
#1 C:\xampp\htdocs\RamirezAlfredo-P1\system\Common.php(1089): CodeIgniter\View\View->render('editnames', Array, true)
#2 C:\xampp\htdocs\RamirezAlfredo-P1\app\Controllers\CrudController.php(39): view('editnames', Array)
#3 C:\xampp\htdocs\RamirezAlfredo-P1\system\CodeIgniter.php(832): App\Controllers\CrudController->singleUser('1')
#4 C:\xampp\htdocs\RamirezAlfredo-P1\system\CodeIgniter.php(419): CodeIgniter\CodeIgniter->runController(Object(App\Controllers\CrudController))
#5 C:\xampp\htdocs\RamirezAlfredo-P1\system\CodeIgniter.php(326): CodeIgniter\CodeIgniter->handleRequest(NULL, Object(Config\Cache), false)
#6 C:\xampp\htdocs\RamirezAlfredo-P1\index.php(37): CodeIgniter\CodeIgniter->run()
#7 {main}
CRITICAL - 2022-05-24 17:42:00 --> Invalid file: editnames.php
#0 C:\xampp\htdocs\RamirezAlfredo-P1\system\View\View.php(198): CodeIgniter\Exceptions\FrameworkException::forInvalidFile('editnames.php')
#1 C:\xampp\htdocs\RamirezAlfredo-P1\system\Common.php(1089): CodeIgniter\View\View->render('editnames', Array, true)
#2 C:\xampp\htdocs\RamirezAlfredo-P1\app\Controllers\CrudController.php(39): view('editnames', Array)
#3 C:\xampp\htdocs\RamirezAlfredo-P1\system\CodeIgniter.php(832): App\Controllers\CrudController->singleUser('3')
#4 C:\xampp\htdocs\RamirezAlfredo-P1\system\CodeIgniter.php(419): CodeIgniter\CodeIgniter->runController(Object(App\Controllers\CrudController))
#5 C:\xampp\htdocs\RamirezAlfredo-P1\system\CodeIgniter.php(326): CodeIgniter\CodeIgniter->handleRequest(NULL, Object(Config\Cache), false)
#6 C:\xampp\htdocs\RamirezAlfredo-P1\index.php(37): CodeIgniter\CodeIgniter->run()
#7 {main}
CRITICAL - 2022-05-24 17:54:52 --> beforeInsert is not a valid Model Event callback.
#0 C:\xampp\htdocs\RamirezAlfredo-P1\system\BaseModel.php(1453): CodeIgniter\Database\Exceptions\DataException::forInvalidMethodTriggered('beforeInsert')
#1 C:\xampp\htdocs\RamirezAlfredo-P1\system\BaseModel.php(735): CodeIgniter\BaseModel->trigger('beforeInsert', Array)
#2 C:\xampp\htdocs\RamirezAlfredo-P1\system\Model.php(625): CodeIgniter\BaseModel->insert(Array, true)
#3 C:\xampp\htdocs\RamirezAlfredo-P1\app\Controllers\CrudController.php(31): CodeIgniter\Model->insert(Array)
#4 C:\xampp\htdocs\RamirezAlfredo-P1\system\CodeIgniter.php(832): App\Controllers\CrudController->store()
#5 C:\xampp\htdocs\RamirezAlfredo-P1\system\CodeIgniter.php(419): CodeIgniter\CodeIgniter->runController(Object(App\Controllers\CrudController))
#6 C:\xampp\htdocs\RamirezAlfredo-P1\system\CodeIgniter.php(326): CodeIgniter\CodeIgniter->handleRequest(NULL, Object(Config\Cache), false)
#7 C:\xampp\htdocs\RamirezAlfredo-P1\index.php(37): CodeIgniter\CodeIgniter->run()
#8 {main}
CRITICAL - 2022-05-24 17:56:36 --> beforeInsert is not a valid Model Event callback.
#0 C:\xampp\htdocs\RamirezAlfredo-P1\system\BaseModel.php(1453): CodeIgniter\Database\Exceptions\DataException::forInvalidMethodTriggered('beforeInsert')
#1 C:\xampp\htdocs\RamirezAlfredo-P1\system\BaseModel.php(735): CodeIgniter\BaseModel->trigger('beforeInsert', Array)
#2 C:\xampp\htdocs\RamirezAlfredo-P1\system\Model.php(625): CodeIgniter\BaseModel->insert(Array, true)
#3 C:\xampp\htdocs\RamirezAlfredo-P1\app\Controllers\CrudController.php(31): CodeIgniter\Model->insert(Array)
#4 C:\xampp\htdocs\RamirezAlfredo-P1\system\CodeIgniter.php(832): App\Controllers\CrudController->store()
#5 C:\xampp\htdocs\RamirezAlfredo-P1\system\CodeIgniter.php(419): CodeIgniter\CodeIgniter->runController(Object(App\Controllers\CrudController))
#6 C:\xampp\htdocs\RamirezAlfredo-P1\system\CodeIgniter.php(326): CodeIgniter\CodeIgniter->handleRequest(NULL, Object(Config\Cache), false)
#7 C:\xampp\htdocs\RamirezAlfredo-P1\index.php(37): CodeIgniter\CodeIgniter->run()
#8 {main}
CRITICAL - 2022-05-24 17:58:42 --> beforeInsert is not a valid Model Event callback.
#0 C:\xampp\htdocs\RamirezAlfredo-P1\system\BaseModel.php(1453): CodeIgniter\Database\Exceptions\DataException::forInvalidMethodTriggered('beforeInsert')
#1 C:\xampp\htdocs\RamirezAlfredo-P1\system\BaseModel.php(735): CodeIgniter\BaseModel->trigger('beforeInsert', Array)
#2 C:\xampp\htdocs\RamirezAlfredo-P1\system\Model.php(625): CodeIgniter\BaseModel->insert(Array, true)
#3 C:\xampp\htdocs\RamirezAlfredo-P1\app\Controllers\CrudController.php(31): CodeIgniter\Model->insert(Array)
#4 C:\xampp\htdocs\RamirezAlfredo-P1\system\CodeIgniter.php(832): App\Controllers\CrudController->store()
#5 C:\xampp\htdocs\RamirezAlfredo-P1\system\CodeIgniter.php(419): CodeIgniter\CodeIgniter->runController(Object(App\Controllers\CrudController))
#6 C:\xampp\htdocs\RamirezAlfredo-P1\system\CodeIgniter.php(326): CodeIgniter\CodeIgniter->handleRequest(NULL, Object(Config\Cache), false)
#7 C:\xampp\htdocs\RamirezAlfredo-P1\index.php(37): CodeIgniter\CodeIgniter->run()
#8 {main}
CRITICAL - 2022-05-24 17:59:27 --> beforeInsert is not a valid Model Event callback.
#0 C:\xampp\htdocs\RamirezAlfredo-P1\system\BaseModel.php(1453): CodeIgniter\Database\Exceptions\DataException::forInvalidMethodTriggered('beforeInsert')
#1 C:\xampp\htdocs\RamirezAlfredo-P1\system\BaseModel.php(735): CodeIgniter\BaseModel->trigger('beforeInsert', Array)
#2 C:\xampp\htdocs\RamirezAlfredo-P1\system\Model.php(625): CodeIgniter\BaseModel->insert(Array, true)
#3 C:\xampp\htdocs\RamirezAlfredo-P1\app\Controllers\CrudController.php(31): CodeIgniter\Model->insert(Array)
#4 C:\xampp\htdocs\RamirezAlfredo-P1\system\CodeIgniter.php(832): App\Controllers\CrudController->store()
#5 C:\xampp\htdocs\RamirezAlfredo-P1\system\CodeIgniter.php(419): CodeIgniter\CodeIgniter->runController(Object(App\Controllers\CrudController))
#6 C:\xampp\htdocs\RamirezAlfredo-P1\system\CodeIgniter.php(326): CodeIgniter\CodeIgniter->handleRequest(NULL, Object(Config\Cache), false)
#7 C:\xampp\htdocs\RamirezAlfredo-P1\index.php(37): CodeIgniter\CodeIgniter->run()
#8 {main}
CRITICAL - 2022-05-24 18:02:59 --> Class "App\Validation\UserRules" not found
#0 C:\xampp\htdocs\RamirezAlfredo-P1\system\Validation\Validation.php(115): CodeIgniter\Validation\Validation->loadRuleSets()
#1 C:\xampp\htdocs\RamirezAlfredo-P1\system\Controller.php(160): CodeIgniter\Validation\Validation->run()
#2 C:\xampp\htdocs\RamirezAlfredo-P1\app\Controllers\UsuarioController.php(29): CodeIgniter\Controller->validate(Array)
#3 C:\xampp\htdocs\RamirezAlfredo-P1\system\CodeIgniter.php(832): App\Controllers\UsuarioController->formValidation()
#4 C:\xampp\htdocs\RamirezAlfredo-P1\system\CodeIgniter.php(419): CodeIgniter\CodeIgniter->runController(Object(App\Controllers\UsuarioController))
#5 C:\xampp\htdocs\RamirezAlfredo-P1\system\CodeIgniter.php(326): CodeIgniter\CodeIgniter->handleRequest(NULL, Object(Config\Cache), false)
#6 C:\xampp\htdocs\RamirezAlfredo-P1\index.php(37): CodeIgniter\CodeIgniter->run()
#7 {main}
CRITICAL - 2022-05-24 18:05:45 --> beforeInsert is not a valid Model Event callback.
#0 C:\xampp\htdocs\RamirezAlfredo-P1\system\BaseModel.php(1453): CodeIgniter\Database\Exceptions\DataException::forInvalidMethodTriggered('beforeInsert')
#1 C:\xampp\htdocs\RamirezAlfredo-P1\system\BaseModel.php(735): CodeIgniter\BaseModel->trigger('beforeInsert', Array)
#2 C:\xampp\htdocs\RamirezAlfredo-P1\system\Model.php(625): CodeIgniter\BaseModel->insert(Array, false)
#3 C:\xampp\htdocs\RamirezAlfredo-P1\system\BaseModel.php(658): CodeIgniter\Model->insert(Array, false)
#4 C:\xampp\htdocs\RamirezAlfredo-P1\app\Controllers\UsuarioController.php(50): CodeIgniter\BaseModel->save(Array)
#5 C:\xampp\htdocs\RamirezAlfredo-P1\system\CodeIgniter.php(832): App\Controllers\UsuarioController->formValidation()
#6 C:\xampp\htdocs\RamirezAlfredo-P1\system\CodeIgniter.php(419): CodeIgniter\CodeIgniter->runController(Object(App\Controllers\UsuarioController))
#7 C:\xampp\htdocs\RamirezAlfredo-P1\system\CodeIgniter.php(326): CodeIgniter\CodeIgniter->handleRequest(NULL, Object(Config\Cache), false)
#8 C:\xampp\htdocs\RamirezAlfredo-P1\index.php(37): CodeIgniter\CodeIgniter->run()
#9 {main}
CRITICAL - 2022-05-24 18:07:17 --> beforeInsert is not a valid Model Event callback.
#0 C:\xampp\htdocs\RamirezAlfredo-P1\system\BaseModel.php(1453): CodeIgniter\Database\Exceptions\DataException::forInvalidMethodTriggered('beforeInsert')
#1 C:\xampp\htdocs\RamirezAlfredo-P1\system\BaseModel.php(735): CodeIgniter\BaseModel->trigger('beforeInsert', Array)
#2 C:\xampp\htdocs\RamirezAlfredo-P1\system\Model.php(625): CodeIgniter\BaseModel->insert(Array, false)
#3 C:\xampp\htdocs\RamirezAlfredo-P1\system\BaseModel.php(658): CodeIgniter\Model->insert(Array, false)
#4 C:\xampp\htdocs\RamirezAlfredo-P1\app\Controllers\UsuarioController.php(50): CodeIgniter\BaseModel->save(Array)
#5 C:\xampp\htdocs\RamirezAlfredo-P1\system\CodeIgniter.php(832): App\Controllers\UsuarioController->formValidation()
#6 C:\xampp\htdocs\RamirezAlfredo-P1\system\CodeIgniter.php(419): CodeIgniter\CodeIgniter->runController(Object(App\Controllers\UsuarioController))
#7 C:\xampp\htdocs\RamirezAlfredo-P1\system\CodeIgniter.php(326): CodeIgniter\CodeIgniter->handleRequest(NULL, Object(Config\Cache), false)
#8 C:\xampp\htdocs\RamirezAlfredo-P1\index.php(37): CodeIgniter\CodeIgniter->run()
#9 {main}
CRITICAL - 2022-05-24 18:07:44 --> beforeInsert is not a valid Model Event callback.
#0 C:\xampp\htdocs\RamirezAlfredo-P1\system\BaseModel.php(1453): CodeIgniter\Database\Exceptions\DataException::forInvalidMethodTriggered('beforeInsert')
#1 C:\xampp\htdocs\RamirezAlfredo-P1\system\BaseModel.php(735): CodeIgniter\BaseModel->trigger('beforeInsert', Array)
#2 C:\xampp\htdocs\RamirezAlfredo-P1\system\Model.php(625): CodeIgniter\BaseModel->insert(Array, false)
#3 C:\xampp\htdocs\RamirezAlfredo-P1\system\BaseModel.php(658): CodeIgniter\Model->insert(Array, false)
#4 C:\xampp\htdocs\RamirezAlfredo-P1\app\Controllers\UsuarioController.php(50): CodeIgniter\BaseModel->save(Array)
#5 C:\xampp\htdocs\RamirezAlfredo-P1\system\CodeIgniter.php(832): App\Controllers\UsuarioController->formValidation()
#6 C:\xampp\htdocs\RamirezAlfredo-P1\system\CodeIgniter.php(419): CodeIgniter\CodeIgniter->runController(Object(App\Controllers\UsuarioController))
#7 C:\xampp\htdocs\RamirezAlfredo-P1\system\CodeIgniter.php(326): CodeIgniter\CodeIgniter->handleRequest(NULL, Object(Config\Cache), false)
#8 C:\xampp\htdocs\RamirezAlfredo-P1\index.php(37): CodeIgniter\CodeIgniter->run()
#9 {main}
CRITICAL - 2022-05-24 18:09:18 --> beforeInsert is not a valid Model Event callback.
#0 C:\xampp\htdocs\RamirezAlfredo-P1\system\BaseModel.php(1453): CodeIgniter\Database\Exceptions\DataException::forInvalidMethodTriggered('beforeInsert')
#1 C:\xampp\htdocs\RamirezAlfredo-P1\system\BaseModel.php(735): CodeIgniter\BaseModel->trigger('beforeInsert', Array)
#2 C:\xampp\htdocs\RamirezAlfredo-P1\system\Model.php(625): CodeIgniter\BaseModel->insert(Array, false)
#3 C:\xampp\htdocs\RamirezAlfredo-P1\system\BaseModel.php(658): CodeIgniter\Model->insert(Array, false)
#4 C:\xampp\htdocs\RamirezAlfredo-P1\app\Controllers\UsuarioController.php(50): CodeIgniter\BaseModel->save(Array)
#5 C:\xampp\htdocs\RamirezAlfredo-P1\system\CodeIgniter.php(832): App\Controllers\UsuarioController->formValidation()
#6 C:\xampp\htdocs\RamirezAlfredo-P1\system\CodeIgniter.php(419): CodeIgniter\CodeIgniter->runController(Object(App\Controllers\UsuarioController))
#7 C:\xampp\htdocs\RamirezAlfredo-P1\system\CodeIgniter.php(326): CodeIgniter\CodeIgniter->handleRequest(NULL, Object(Config\Cache), false)
#8 C:\xampp\htdocs\RamirezAlfredo-P1\index.php(37): CodeIgniter\CodeIgniter->run()
#9 {main}
CRITICAL - 2022-05-24 18:11:35 --> beforeInsert is not a valid Model Event callback.
#0 C:\xampp\htdocs\RamirezAlfredo-P1\system\BaseModel.php(1453): CodeIgniter\Database\Exceptions\DataException::forInvalidMethodTriggered('beforeInsert')
#1 C:\xampp\htdocs\RamirezAlfredo-P1\system\BaseModel.php(735): CodeIgniter\BaseModel->trigger('beforeInsert', Array)
#2 C:\xampp\htdocs\RamirezAlfredo-P1\system\Model.php(625): CodeIgniter\BaseModel->insert(Array, false)
#3 C:\xampp\htdocs\RamirezAlfredo-P1\system\BaseModel.php(658): CodeIgniter\Model->insert(Array, false)
#4 C:\xampp\htdocs\RamirezAlfredo-P1\app\Controllers\UsuarioController.php(50): CodeIgniter\BaseModel->save(Array)
#5 C:\xampp\htdocs\RamirezAlfredo-P1\system\CodeIgniter.php(832): App\Controllers\UsuarioController->formValidation()
#6 C:\xampp\htdocs\RamirezAlfredo-P1\system\CodeIgniter.php(419): CodeIgniter\CodeIgniter->runController(Object(App\Controllers\UsuarioController))
#7 C:\xampp\htdocs\RamirezAlfredo-P1\system\CodeIgniter.php(326): CodeIgniter\CodeIgniter->handleRequest(NULL, Object(Config\Cache), false)
#8 C:\xampp\htdocs\RamirezAlfredo-P1\index.php(37): CodeIgniter\CodeIgniter->run()
#9 {main}
CRITICAL - 2022-05-24 18:14:18 --> Invalid file: /namelist.php
#0 C:\xampp\htdocs\RamirezAlfredo-P1\system\View\View.php(198): CodeIgniter\Exceptions\FrameworkException::forInvalidFile('/namelist.php')
#1 C:\xampp\htdocs\RamirezAlfredo-P1\system\Common.php(1089): CodeIgniter\View\View->render('/namelist', Array, true)
#2 C:\xampp\htdocs\RamirezAlfredo-P1\app\Controllers\CrudController.php(16): view('/namelist', Array)
#3 C:\xampp\htdocs\RamirezAlfredo-P1\system\CodeIgniter.php(832): App\Controllers\CrudController->index()
#4 C:\xampp\htdocs\RamirezAlfredo-P1\system\CodeIgniter.php(419): CodeIgniter\CodeIgniter->runController(Object(App\Controllers\CrudController))
#5 C:\xampp\htdocs\RamirezAlfredo-P1\system\CodeIgniter.php(326): CodeIgniter\CodeIgniter->handleRequest(NULL, Object(Config\Cache), false)
#6 C:\xampp\htdocs\RamirezAlfredo-P1\index.php(37): CodeIgniter\CodeIgniter->run()
#7 {main}
CRITICAL - 2022-05-24 18:14:34 --> Invalid file: /editnames.php
#0 C:\xampp\htdocs\RamirezAlfredo-P1\system\View\View.php(198): CodeIgniter\Exceptions\FrameworkException::forInvalidFile('/editnames.php')
#1 C:\xampp\htdocs\RamirezAlfredo-P1\system\Common.php(1089): CodeIgniter\View\View->render('/editnames', Array, true)
#2 C:\xampp\htdocs\RamirezAlfredo-P1\app\Controllers\CrudController.php(39): view('/editnames', Array)
#3 C:\xampp\htdocs\RamirezAlfredo-P1\system\CodeIgniter.php(832): App\Controllers\CrudController->singleUser('3')
#4 C:\xampp\htdocs\RamirezAlfredo-P1\system\CodeIgniter.php(419): CodeIgniter\CodeIgniter->runController(Object(App\Controllers\CrudController))
#5 C:\xampp\htdocs\RamirezAlfredo-P1\system\CodeIgniter.php(326): CodeIgniter\CodeIgniter->handleRequest(NULL, Object(Config\Cache), false)
#6 C:\xampp\htdocs\RamirezAlfredo-P1\index.php(37): CodeIgniter\CodeIgniter->run()
#7 {main}
CRITICAL - 2022-05-24 18:14:53 --> Invalid file: /editnames.php
#0 C:\xampp\htdocs\RamirezAlfredo-P1\system\View\View.php(198): CodeIgniter\Exceptions\FrameworkException::forInvalidFile('/editnames.php')
#1 C:\xampp\htdocs\RamirezAlfredo-P1\system\Common.php(1089): CodeIgniter\View\View->render('/editnames', Array, true)
#2 C:\xampp\htdocs\RamirezAlfredo-P1\app\Controllers\CrudController.php(39): view('/editnames', Array)
#3 C:\xampp\htdocs\RamirezAlfredo-P1\system\CodeIgniter.php(832): App\Controllers\CrudController->singleUser('3')
#4 C:\xampp\htdocs\RamirezAlfredo-P1\system\CodeIgniter.php(419): CodeIgniter\CodeIgniter->runController(Object(App\Controllers\CrudController))
#5 C:\xampp\htdocs\RamirezAlfredo-P1\system\CodeIgniter.php(326): CodeIgniter\CodeIgniter->handleRequest(NULL, Object(Config\Cache), false)
#6 C:\xampp\htdocs\RamirezAlfredo-P1\index.php(37): CodeIgniter\CodeIgniter->run()
#7 {main}
CRITICAL - 2022-05-24 18:15:49 --> Invalid file: /editnames.php
#0 C:\xampp\htdocs\RamirezAlfredo-P1\system\View\View.php(198): CodeIgniter\Exceptions\FrameworkException::forInvalidFile('/editnames.php')
#1 C:\xampp\htdocs\RamirezAlfredo-P1\system\Common.php(1089): CodeIgniter\View\View->render('/editnames', Array, true)
#2 C:\xampp\htdocs\RamirezAlfredo-P1\app\Controllers\CrudController.php(39): view('/editnames', Array)
#3 C:\xampp\htdocs\RamirezAlfredo-P1\system\CodeIgniter.php(832): App\Controllers\CrudController->singleUser('3')
#4 C:\xampp\htdocs\RamirezAlfredo-P1\system\CodeIgniter.php(419): CodeIgniter\CodeIgniter->runController(Object(App\Controllers\CrudController))
#5 C:\xampp\htdocs\RamirezAlfredo-P1\system\CodeIgniter.php(326): CodeIgniter\CodeIgniter->handleRequest(NULL, Object(Config\Cache), false)
#6 C:\xampp\htdocs\RamirezAlfredo-P1\index.php(37): CodeIgniter\CodeIgniter->run()
#7 {main}
CRITICAL - 2022-05-24 18:17:26 --> Invalid file: /addname.php
#0 C:\xampp\htdocs\RamirezAlfredo-P1\system\View\View.php(198): CodeIgniter\Exceptions\FrameworkException::forInvalidFile('/addname.php')
#1 C:\xampp\htdocs\RamirezAlfredo-P1\system\Common.php(1089): CodeIgniter\View\View->render('/addname', Array, true)
#2 C:\xampp\htdocs\RamirezAlfredo-P1\app\Controllers\CrudController.php(21): view('/addname')
#3 C:\xampp\htdocs\RamirezAlfredo-P1\system\CodeIgniter.php(832): App\Controllers\CrudController->create()
#4 C:\xampp\htdocs\RamirezAlfredo-P1\system\CodeIgniter.php(419): CodeIgniter\CodeIgniter->runController(Object(App\Controllers\CrudController))
#5 C:\xampp\htdocs\RamirezAlfredo-P1\system\CodeIgniter.php(326): CodeIgniter\CodeIgniter->handleRequest(NULL, Object(Config\Cache), false)
#6 C:\xampp\htdocs\RamirezAlfredo-P1\index.php(37): CodeIgniter\CodeIgniter->run()
#7 {main}
ERROR - 2022-05-24 18:18:00 --> Column 'nombre' cannot be null
