CRITICAL - 2022-06-03 09:33:49 --> Invalid file: front/destacado.php
#0 C:\xampp\htdocs\RamirezAlfredo-P1\system\View\View.php(198): CodeIgniter\Exceptions\FrameworkException::forInvalidFile('front/destacado...')
#1 C:\xampp\htdocs\RamirezAlfredo-P1\system\Common.php(1089): CodeIgniter\View\View->render('front/destacado', Array, true)
#2 C:\xampp\htdocs\RamirezAlfredo-P1\app\Controllers\Dashboard.php(30): view('front/destacado')
#3 C:\xampp\htdocs\RamirezAlfredo-P1\system\CodeIgniter.php(832): App\Controllers\Dashboard->index()
#4 C:\xampp\htdocs\RamirezAlfredo-P1\system\CodeIgniter.php(419): CodeIgniter\CodeIgniter->runController(Object(App\Controllers\Dashboard))
#5 C:\xampp\htdocs\RamirezAlfredo-P1\system\CodeIgniter.php(326): CodeIgniter\CodeIgniter->handleRequest(NULL, Object(Config\Cache), false)
#6 C:\xampp\htdocs\RamirezAlfredo-P1\index.php(37): CodeIgniter\CodeIgniter->run()
#7 {main}
CRITICAL - 2022-06-03 09:34:14 --> Invalid file: productos/destacado.php
#0 C:\xampp\htdocs\RamirezAlfredo-P1\system\View\View.php(198): CodeIgniter\Exceptions\FrameworkException::forInvalidFile('productos/desta...')
#1 C:\xampp\htdocs\RamirezAlfredo-P1\system\Common.php(1089): CodeIgniter\View\View->render('productos/desta...', Array, true)
#2 C:\xampp\htdocs\RamirezAlfredo-P1\app\Controllers\Dashboard.php(30): view('productos/desta...')
#3 C:\xampp\htdocs\RamirezAlfredo-P1\system\CodeIgniter.php(832): App\Controllers\Dashboard->index()
#4 C:\xampp\htdocs\RamirezAlfredo-P1\system\CodeIgniter.php(419): CodeIgniter\CodeIgniter->runController(Object(App\Controllers\Dashboard))
#5 C:\xampp\htdocs\RamirezAlfredo-P1\system\CodeIgniter.php(326): CodeIgniter\CodeIgniter->handleRequest(NULL, Object(Config\Cache), false)
#6 C:\xampp\htdocs\RamirezAlfredo-P1\index.php(37): CodeIgniter\CodeIgniter->run()
#7 {main}
CRITICAL - 2022-06-03 12:04:06 --> Invalid file: /profile.php
#0 C:\xampp\htdocs\RamirezAlfredo-P1\system\View\View.php(198): CodeIgniter\Exceptions\FrameworkException::forInvalidFile('/profile.php')
#1 C:\xampp\htdocs\RamirezAlfredo-P1\system\Common.php(1089): CodeIgniter\View\View->render('/profile', Array, true)
#2 C:\xampp\htdocs\RamirezAlfredo-P1\app\Controllers\UsuarioController.php(103): view('/profile')
#3 C:\xampp\htdocs\RamirezAlfredo-P1\system\CodeIgniter.php(832): App\Controllers\UsuarioController->profile()
#4 C:\xampp\htdocs\RamirezAlfredo-P1\system\CodeIgniter.php(419): CodeIgniter\CodeIgniter->runController(Object(App\Controllers\UsuarioController))
#5 C:\xampp\htdocs\RamirezAlfredo-P1\system\CodeIgniter.php(326): CodeIgniter\CodeIgniter->handleRequest(NULL, Object(Config\Cache), false)
#6 C:\xampp\htdocs\RamirezAlfredo-P1\index.php(37): CodeIgniter\CodeIgniter->run()
#7 {main}
CRITICAL - 2022-06-03 12:07:51 --> Undefined variable: user_obj
#0 C:\xampp\htdocs\RamirezAlfredo-P1\app\Views\usuario\profile.php(6): CodeIgniter\Debug\Exceptions->errorHandler(8, 'Undefined varia...', 'C:\\xampp\\htdocs...', 6, Array)
#1 C:\xampp\htdocs\RamirezAlfredo-P1\system\View\View.php(210): include('C:\\xampp\\htdocs...')
#2 C:\xampp\htdocs\RamirezAlfredo-P1\system\View\View.php(213): CodeIgniter\View\View->CodeIgniter\View\{closure}()
#3 C:\xampp\htdocs\RamirezAlfredo-P1\system\Common.php(1089): CodeIgniter\View\View->render('usuario/profile', Array, true)
#4 C:\xampp\htdocs\RamirezAlfredo-P1\app\Controllers\UsuarioController.php(62): view('usuario/profile')
#5 C:\xampp\htdocs\RamirezAlfredo-P1\system\CodeIgniter.php(832): App\Controllers\UsuarioController->profile()
#6 C:\xampp\htdocs\RamirezAlfredo-P1\system\CodeIgniter.php(419): CodeIgniter\CodeIgniter->runController(Object(App\Controllers\UsuarioController))
#7 C:\xampp\htdocs\RamirezAlfredo-P1\system\CodeIgniter.php(326): CodeIgniter\CodeIgniter->handleRequest(NULL, Object(Config\Cache), false)
#8 C:\xampp\htdocs\RamirezAlfredo-P1\index.php(37): CodeIgniter\CodeIgniter->run()
#9 {main}
CRITICAL - 2022-06-03 12:07:53 --> Undefined variable: user_obj
#0 C:\xampp\htdocs\RamirezAlfredo-P1\app\Views\usuario\profile.php(6): CodeIgniter\Debug\Exceptions->errorHandler(8, 'Undefined varia...', 'C:\\xampp\\htdocs...', 6, Array)
#1 C:\xampp\htdocs\RamirezAlfredo-P1\system\View\View.php(210): include('C:\\xampp\\htdocs...')
#2 C:\xampp\htdocs\RamirezAlfredo-P1\system\View\View.php(213): CodeIgniter\View\View->CodeIgniter\View\{closure}()
#3 C:\xampp\htdocs\RamirezAlfredo-P1\system\Common.php(1089): CodeIgniter\View\View->render('usuario/profile', Array, true)
#4 C:\xampp\htdocs\RamirezAlfredo-P1\app\Controllers\UsuarioController.php(62): view('usuario/profile')
#5 C:\xampp\htdocs\RamirezAlfredo-P1\system\CodeIgniter.php(832): App\Controllers\UsuarioController->profile()
#6 C:\xampp\htdocs\RamirezAlfredo-P1\system\CodeIgniter.php(419): CodeIgniter\CodeIgniter->runController(Object(App\Controllers\UsuarioController))
#7 C:\xampp\htdocs\RamirezAlfredo-P1\system\CodeIgniter.php(326): CodeIgniter\CodeIgniter->handleRequest(NULL, Object(Config\Cache), false)
#8 C:\xampp\htdocs\RamirezAlfredo-P1\index.php(37): CodeIgniter\CodeIgniter->run()
#9 {main}
CRITICAL - 2022-06-03 12:12:46 --> Invalid file: usuario/editname.php
#0 C:\xampp\htdocs\RamirezAlfredo-P1\system\View\View.php(198): CodeIgniter\Exceptions\FrameworkException::forInvalidFile('usuario/editnam...')
#1 C:\xampp\htdocs\RamirezAlfredo-P1\system\Common.php(1089): CodeIgniter\View\View->render('usuario/editnam...', Array, true)
#2 C:\xampp\htdocs\RamirezAlfredo-P1\app\Controllers\UsuarioController.php(68): view('usuario/editnam...')
#3 C:\xampp\htdocs\RamirezAlfredo-P1\system\CodeIgniter.php(832): App\Controllers\UsuarioController->profile()
#4 C:\xampp\htdocs\RamirezAlfredo-P1\system\CodeIgniter.php(419): CodeIgniter\CodeIgniter->runController(Object(App\Controllers\UsuarioController))
#5 C:\xampp\htdocs\RamirezAlfredo-P1\system\CodeIgniter.php(326): CodeIgniter\CodeIgniter->handleRequest(NULL, Object(Config\Cache), false)
#6 C:\xampp\htdocs\RamirezAlfredo-P1\index.php(37): CodeIgniter\CodeIgniter->run()
#7 {main}
CRITICAL - 2022-06-03 12:13:06 --> Undefined variable: user_obj
#0 C:\xampp\htdocs\RamirezAlfredo-P1\app\Views\usuario\editnames.php(6): CodeIgniter\Debug\Exceptions->errorHandler(8, 'Undefined varia...', 'C:\\xampp\\htdocs...', 6, Array)
#1 C:\xampp\htdocs\RamirezAlfredo-P1\system\View\View.php(210): include('C:\\xampp\\htdocs...')
#2 C:\xampp\htdocs\RamirezAlfredo-P1\system\View\View.php(213): CodeIgniter\View\View->CodeIgniter\View\{closure}()
#3 C:\xampp\htdocs\RamirezAlfredo-P1\system\Common.php(1089): CodeIgniter\View\View->render('usuario/editnam...', Array, true)
#4 C:\xampp\htdocs\RamirezAlfredo-P1\app\Controllers\UsuarioController.php(68): view('usuario/editnam...')
#5 C:\xampp\htdocs\RamirezAlfredo-P1\system\CodeIgniter.php(832): App\Controllers\UsuarioController->profile()
#6 C:\xampp\htdocs\RamirezAlfredo-P1\system\CodeIgniter.php(419): CodeIgniter\CodeIgniter->runController(Object(App\Controllers\UsuarioController))
#7 C:\xampp\htdocs\RamirezAlfredo-P1\system\CodeIgniter.php(326): CodeIgniter\CodeIgniter->handleRequest(NULL, Object(Config\Cache), false)
#8 C:\xampp\htdocs\RamirezAlfredo-P1\index.php(37): CodeIgniter\CodeIgniter->run()
#9 {main}
CRITICAL - 2022-06-03 12:13:33 --> Undefined variable: user_obj
#0 C:\xampp\htdocs\RamirezAlfredo-P1\app\Views\usuario\editnames.php(6): CodeIgniter\Debug\Exceptions->errorHandler(8, 'Undefined varia...', 'C:\\xampp\\htdocs...', 6, Array)
#1 C:\xampp\htdocs\RamirezAlfredo-P1\system\View\View.php(210): include('C:\\xampp\\htdocs...')
#2 C:\xampp\htdocs\RamirezAlfredo-P1\system\View\View.php(213): CodeIgniter\View\View->CodeIgniter\View\{closure}()
#3 C:\xampp\htdocs\RamirezAlfredo-P1\system\Common.php(1089): CodeIgniter\View\View->render('usuario/editnam...', Array, true)
#4 C:\xampp\htdocs\RamirezAlfredo-P1\app\Controllers\UsuarioController.php(68): view('usuario/editnam...')
#5 C:\xampp\htdocs\RamirezAlfredo-P1\system\CodeIgniter.php(832): App\Controllers\UsuarioController->profile()
#6 C:\xampp\htdocs\RamirezAlfredo-P1\system\CodeIgniter.php(419): CodeIgniter\CodeIgniter->runController(Object(App\Controllers\UsuarioController))
#7 C:\xampp\htdocs\RamirezAlfredo-P1\system\CodeIgniter.php(326): CodeIgniter\CodeIgniter->handleRequest(NULL, Object(Config\Cache), false)
#8 C:\xampp\htdocs\RamirezAlfredo-P1\index.php(37): CodeIgniter\CodeIgniter->run()
#9 {main}
CRITICAL - 2022-06-03 12:15:16 --> Undefined variable: user_obj
#0 C:\xampp\htdocs\RamirezAlfredo-P1\app\Views\usuario\editnames.php(6): CodeIgniter\Debug\Exceptions->errorHandler(8, 'Undefined varia...', 'C:\\xampp\\htdocs...', 6, Array)
#1 C:\xampp\htdocs\RamirezAlfredo-P1\system\View\View.php(210): include('C:\\xampp\\htdocs...')
#2 C:\xampp\htdocs\RamirezAlfredo-P1\system\View\View.php(213): CodeIgniter\View\View->CodeIgniter\View\{closure}()
#3 C:\xampp\htdocs\RamirezAlfredo-P1\system\Common.php(1089): CodeIgniter\View\View->render('usuario/editnam...', Array, true)
#4 C:\xampp\htdocs\RamirezAlfredo-P1\app\Controllers\UsuarioController.php(68): view('usuario/editnam...')
#5 C:\xampp\htdocs\RamirezAlfredo-P1\system\CodeIgniter.php(832): App\Controllers\UsuarioController->profile()
#6 C:\xampp\htdocs\RamirezAlfredo-P1\system\CodeIgniter.php(419): CodeIgniter\CodeIgniter->runController(Object(App\Controllers\UsuarioController))
#7 C:\xampp\htdocs\RamirezAlfredo-P1\system\CodeIgniter.php(326): CodeIgniter\CodeIgniter->handleRequest(NULL, Object(Config\Cache), false)
#8 C:\xampp\htdocs\RamirezAlfredo-P1\index.php(37): CodeIgniter\CodeIgniter->run()
#9 {main}
CRITICAL - 2022-06-03 12:17:33 --> Undefined variable: user_obj
#0 C:\xampp\htdocs\RamirezAlfredo-P1\app\Views\usuario\editnames.php(6): CodeIgniter\Debug\Exceptions->errorHandler(8, 'Undefined varia...', 'C:\\xampp\\htdocs...', 6, Array)
#1 C:\xampp\htdocs\RamirezAlfredo-P1\system\View\View.php(210): include('C:\\xampp\\htdocs...')
#2 C:\xampp\htdocs\RamirezAlfredo-P1\system\View\View.php(213): CodeIgniter\View\View->CodeIgniter\View\{closure}()
#3 C:\xampp\htdocs\RamirezAlfredo-P1\system\Common.php(1089): CodeIgniter\View\View->render('usuario/editnam...', Array, true)
#4 C:\xampp\htdocs\RamirezAlfredo-P1\app\Controllers\UsuarioController.php(66): view('usuario/editnam...')
#5 C:\xampp\htdocs\RamirezAlfredo-P1\system\CodeIgniter.php(832): App\Controllers\UsuarioController->profile()
#6 C:\xampp\htdocs\RamirezAlfredo-P1\system\CodeIgniter.php(419): CodeIgniter\CodeIgniter->runController(Object(App\Controllers\UsuarioController))
#7 C:\xampp\htdocs\RamirezAlfredo-P1\system\CodeIgniter.php(326): CodeIgniter\CodeIgniter->handleRequest(NULL, Object(Config\Cache), false)
#8 C:\xampp\htdocs\RamirezAlfredo-P1\index.php(37): CodeIgniter\CodeIgniter->run()
#9 {main}
CRITICAL - 2022-06-03 12:18:01 --> Undefined variable: user_obj
#0 C:\xampp\htdocs\RamirezAlfredo-P1\app\Views\usuario\editnames.php(6): CodeIgniter\Debug\Exceptions->errorHandler(8, 'Undefined varia...', 'C:\\xampp\\htdocs...', 6, Array)
#1 C:\xampp\htdocs\RamirezAlfredo-P1\system\View\View.php(210): include('C:\\xampp\\htdocs...')
#2 C:\xampp\htdocs\RamirezAlfredo-P1\system\View\View.php(213): CodeIgniter\View\View->CodeIgniter\View\{closure}()
#3 C:\xampp\htdocs\RamirezAlfredo-P1\system\Common.php(1089): CodeIgniter\View\View->render('usuario/editnam...', Array, true)
#4 C:\xampp\htdocs\RamirezAlfredo-P1\app\Controllers\UsuarioController.php(66): view('usuario/editnam...')
#5 C:\xampp\htdocs\RamirezAlfredo-P1\system\CodeIgniter.php(832): App\Controllers\UsuarioController->profile()
#6 C:\xampp\htdocs\RamirezAlfredo-P1\system\CodeIgniter.php(419): CodeIgniter\CodeIgniter->runController(Object(App\Controllers\UsuarioController))
#7 C:\xampp\htdocs\RamirezAlfredo-P1\system\CodeIgniter.php(326): CodeIgniter\CodeIgniter->handleRequest(NULL, Object(Config\Cache), false)
#8 C:\xampp\htdocs\RamirezAlfredo-P1\index.php(37): CodeIgniter\CodeIgniter->run()
#9 {main}
CRITICAL - 2022-06-03 12:19:08 --> Undefined variable: user_obj
#0 C:\xampp\htdocs\RamirezAlfredo-P1\app\Views\usuario\editnames.php(6): CodeIgniter\Debug\Exceptions->errorHandler(8, 'Undefined varia...', 'C:\\xampp\\htdocs...', 6, Array)
#1 C:\xampp\htdocs\RamirezAlfredo-P1\system\View\View.php(210): include('C:\\xampp\\htdocs...')
#2 C:\xampp\htdocs\RamirezAlfredo-P1\system\View\View.php(213): CodeIgniter\View\View->CodeIgniter\View\{closure}()
#3 C:\xampp\htdocs\RamirezAlfredo-P1\system\Common.php(1089): CodeIgniter\View\View->render('usuario/editnam...', Array, true)
#4 C:\xampp\htdocs\RamirezAlfredo-P1\app\Controllers\UsuarioController.php(66): view('usuario/editnam...')
#5 C:\xampp\htdocs\RamirezAlfredo-P1\system\CodeIgniter.php(832): App\Controllers\UsuarioController->profile()
#6 C:\xampp\htdocs\RamirezAlfredo-P1\system\CodeIgniter.php(419): CodeIgniter\CodeIgniter->runController(Object(App\Controllers\UsuarioController))
#7 C:\xampp\htdocs\RamirezAlfredo-P1\system\CodeIgniter.php(326): CodeIgniter\CodeIgniter->handleRequest(NULL, Object(Config\Cache), false)
#8 C:\xampp\htdocs\RamirezAlfredo-P1\index.php(37): CodeIgniter\CodeIgniter->run()
#9 {main}
CRITICAL - 2022-06-03 12:20:39 --> Undefined variable: user_obj
#0 C:\xampp\htdocs\RamirezAlfredo-P1\app\Views\usuario\editnames.php(6): CodeIgniter\Debug\Exceptions->errorHandler(8, 'Undefined varia...', 'C:\\xampp\\htdocs...', 6, Array)
#1 C:\xampp\htdocs\RamirezAlfredo-P1\system\View\View.php(210): include('C:\\xampp\\htdocs...')
#2 C:\xampp\htdocs\RamirezAlfredo-P1\system\View\View.php(213): CodeIgniter\View\View->CodeIgniter\View\{closure}()
#3 C:\xampp\htdocs\RamirezAlfredo-P1\system\Common.php(1089): CodeIgniter\View\View->render('usuario/editnam...', Array, true)
#4 C:\xampp\htdocs\RamirezAlfredo-P1\app\Controllers\UsuarioController.php(66): view('usuario/editnam...')
#5 C:\xampp\htdocs\RamirezAlfredo-P1\system\CodeIgniter.php(832): App\Controllers\UsuarioController->profile()
#6 C:\xampp\htdocs\RamirezAlfredo-P1\system\CodeIgniter.php(419): CodeIgniter\CodeIgniter->runController(Object(App\Controllers\UsuarioController))
#7 C:\xampp\htdocs\RamirezAlfredo-P1\system\CodeIgniter.php(326): CodeIgniter\CodeIgniter->handleRequest(NULL, Object(Config\Cache), false)
#8 C:\xampp\htdocs\RamirezAlfredo-P1\index.php(37): CodeIgniter\CodeIgniter->run()
#9 {main}
CRITICAL - 2022-06-03 12:24:09 --> Undefined variable: user_obj
#0 C:\xampp\htdocs\RamirezAlfredo-P1\app\Views\usuario\editnames.php(6): CodeIgniter\Debug\Exceptions->errorHandler(8, 'Undefined varia...', 'C:\\xampp\\htdocs...', 6, Array)
#1 C:\xampp\htdocs\RamirezAlfredo-P1\system\View\View.php(210): include('C:\\xampp\\htdocs...')
#2 C:\xampp\htdocs\RamirezAlfredo-P1\system\View\View.php(213): CodeIgniter\View\View->CodeIgniter\View\{closure}()
#3 C:\xampp\htdocs\RamirezAlfredo-P1\system\Common.php(1089): CodeIgniter\View\View->render('usuario/editnam...', Array, true)
#4 C:\xampp\htdocs\RamirezAlfredo-P1\app\Controllers\UsuarioController.php(66): view('usuario/editnam...')
#5 C:\xampp\htdocs\RamirezAlfredo-P1\system\CodeIgniter.php(832): App\Controllers\UsuarioController->profile()
#6 C:\xampp\htdocs\RamirezAlfredo-P1\system\CodeIgniter.php(419): CodeIgniter\CodeIgniter->runController(Object(App\Controllers\UsuarioController))
#7 C:\xampp\htdocs\RamirezAlfredo-P1\system\CodeIgniter.php(326): CodeIgniter\CodeIgniter->handleRequest(NULL, Object(Config\Cache), false)
#8 C:\xampp\htdocs\RamirezAlfredo-P1\index.php(37): CodeIgniter\CodeIgniter->run()
#9 {main}
CRITICAL - 2022-06-03 12:24:42 --> Undefined variable: user_obj
#0 C:\xampp\htdocs\RamirezAlfredo-P1\app\Views\usuario\editnames.php(6): CodeIgniter\Debug\Exceptions->errorHandler(8, 'Undefined varia...', 'C:\\xampp\\htdocs...', 6, Array)
#1 C:\xampp\htdocs\RamirezAlfredo-P1\system\View\View.php(210): include('C:\\xampp\\htdocs...')
#2 C:\xampp\htdocs\RamirezAlfredo-P1\system\View\View.php(213): CodeIgniter\View\View->CodeIgniter\View\{closure}()
#3 C:\xampp\htdocs\RamirezAlfredo-P1\system\Common.php(1089): CodeIgniter\View\View->render('usuario/editnam...', Array, true)
#4 C:\xampp\htdocs\RamirezAlfredo-P1\app\Controllers\UsuarioController.php(66): view('usuario/editnam...')
#5 C:\xampp\htdocs\RamirezAlfredo-P1\system\CodeIgniter.php(832): App\Controllers\UsuarioController->profile()
#6 C:\xampp\htdocs\RamirezAlfredo-P1\system\CodeIgniter.php(419): CodeIgniter\CodeIgniter->runController(Object(App\Controllers\UsuarioController))
#7 C:\xampp\htdocs\RamirezAlfredo-P1\system\CodeIgniter.php(326): CodeIgniter\CodeIgniter->handleRequest(NULL, Object(Config\Cache), false)
#8 C:\xampp\htdocs\RamirezAlfredo-P1\index.php(37): CodeIgniter\CodeIgniter->run()
#9 {main}
CRITICAL - 2022-06-03 12:30:08 --> Trying to access array offset on value of type null
#0 C:\xampp\htdocs\RamirezAlfredo-P1\app\Views\usuario\editnames.php(6): CodeIgniter\Debug\Exceptions->errorHandler(8, 'Trying to acces...', 'C:\\xampp\\htdocs...', 6, Array)
#1 C:\xampp\htdocs\RamirezAlfredo-P1\system\View\View.php(210): include('C:\\xampp\\htdocs...')
#2 C:\xampp\htdocs\RamirezAlfredo-P1\system\View\View.php(213): CodeIgniter\View\View->CodeIgniter\View\{closure}()
#3 C:\xampp\htdocs\RamirezAlfredo-P1\system\Common.php(1089): CodeIgniter\View\View->render('usuario/editnam...', Array, true)
#4 C:\xampp\htdocs\RamirezAlfredo-P1\app\Controllers\CrudController.php(83): view('usuario/editnam...', Array)
#5 C:\xampp\htdocs\RamirezAlfredo-P1\system\CodeIgniter.php(832): App\Controllers\CrudController->singleUser('1')
#6 C:\xampp\htdocs\RamirezAlfredo-P1\system\CodeIgniter.php(419): CodeIgniter\CodeIgniter->runController(Object(App\Controllers\CrudController))
#7 C:\xampp\htdocs\RamirezAlfredo-P1\system\CodeIgniter.php(326): CodeIgniter\CodeIgniter->handleRequest(NULL, Object(Config\Cache), false)
#8 C:\xampp\htdocs\RamirezAlfredo-P1\index.php(37): CodeIgniter\CodeIgniter->run()
#9 {main}
CRITICAL - 2022-06-03 12:31:38 --> Trying to access array offset on value of type null
#0 C:\xampp\htdocs\RamirezAlfredo-P1\app\Views\usuario\editnames.php(6): CodeIgniter\Debug\Exceptions->errorHandler(8, 'Trying to acces...', 'C:\\xampp\\htdocs...', 6, Array)
#1 C:\xampp\htdocs\RamirezAlfredo-P1\system\View\View.php(210): include('C:\\xampp\\htdocs...')
#2 C:\xampp\htdocs\RamirezAlfredo-P1\system\View\View.php(213): CodeIgniter\View\View->CodeIgniter\View\{closure}()
#3 C:\xampp\htdocs\RamirezAlfredo-P1\system\Common.php(1089): CodeIgniter\View\View->render('usuario/editnam...', Array, true)
#4 C:\xampp\htdocs\RamirezAlfredo-P1\app\Controllers\CrudController.php(79): view('usuario/editnam...', Array)
#5 C:\xampp\htdocs\RamirezAlfredo-P1\system\CodeIgniter.php(832): App\Controllers\CrudController->singleUser('1')
#6 C:\xampp\htdocs\RamirezAlfredo-P1\system\CodeIgniter.php(419): CodeIgniter\CodeIgniter->runController(Object(App\Controllers\CrudController))
#7 C:\xampp\htdocs\RamirezAlfredo-P1\system\CodeIgniter.php(326): CodeIgniter\CodeIgniter->handleRequest(NULL, Object(Config\Cache), false)
#8 C:\xampp\htdocs\RamirezAlfredo-P1\index.php(37): CodeIgniter\CodeIgniter->run()
#9 {main}
CRITICAL - 2022-06-03 12:46:11 --> Undefined variable: usuario
#0 C:\xampp\htdocs\RamirezAlfredo-P1\app\Views\usuario\menu.php(54): CodeIgniter\Debug\Exceptions->errorHandler(8, 'Undefined varia...', 'C:\\xampp\\htdocs...', 54, Array)
#1 C:\xampp\htdocs\RamirezAlfredo-P1\system\View\View.php(210): include('C:\\xampp\\htdocs...')
#2 C:\xampp\htdocs\RamirezAlfredo-P1\system\View\View.php(213): CodeIgniter\View\View->CodeIgniter\View\{closure}()
#3 C:\xampp\htdocs\RamirezAlfredo-P1\system\Common.php(1089): CodeIgniter\View\View->render('usuario/menu', Array, true)
#4 C:\xampp\htdocs\RamirezAlfredo-P1\app\Controllers\Dashboard.php(28): view('usuario/menu')
#5 C:\xampp\htdocs\RamirezAlfredo-P1\system\CodeIgniter.php(832): App\Controllers\Dashboard->index()
#6 C:\xampp\htdocs\RamirezAlfredo-P1\system\CodeIgniter.php(419): CodeIgniter\CodeIgniter->runController(Object(App\Controllers\Dashboard))
#7 C:\xampp\htdocs\RamirezAlfredo-P1\system\CodeIgniter.php(326): CodeIgniter\CodeIgniter->handleRequest(NULL, Object(Config\Cache), false)
#8 C:\xampp\htdocs\RamirezAlfredo-P1\index.php(37): CodeIgniter\CodeIgniter->run()
#9 {main}
CRITICAL - 2022-06-03 12:48:33 --> Undefined variable: usuario
#0 C:\xampp\htdocs\RamirezAlfredo-P1\app\Views\usuario\menu.php(48): CodeIgniter\Debug\Exceptions->errorHandler(8, 'Undefined varia...', 'C:\\xampp\\htdocs...', 48, Array)
#1 C:\xampp\htdocs\RamirezAlfredo-P1\system\View\View.php(210): include('C:\\xampp\\htdocs...')
#2 C:\xampp\htdocs\RamirezAlfredo-P1\system\View\View.php(213): CodeIgniter\View\View->CodeIgniter\View\{closure}()
#3 C:\xampp\htdocs\RamirezAlfredo-P1\system\Common.php(1089): CodeIgniter\View\View->render('usuario/menu', Array, true)
#4 C:\xampp\htdocs\RamirezAlfredo-P1\app\Controllers\Dashboard.php(28): view('usuario/menu')
#5 C:\xampp\htdocs\RamirezAlfredo-P1\system\CodeIgniter.php(832): App\Controllers\Dashboard->index()
#6 C:\xampp\htdocs\RamirezAlfredo-P1\system\CodeIgniter.php(419): CodeIgniter\CodeIgniter->runController(Object(App\Controllers\Dashboard))
#7 C:\xampp\htdocs\RamirezAlfredo-P1\system\CodeIgniter.php(326): CodeIgniter\CodeIgniter->handleRequest(NULL, Object(Config\Cache), false)
#8 C:\xampp\htdocs\RamirezAlfredo-P1\index.php(37): CodeIgniter\CodeIgniter->run()
#9 {main}
CRITICAL - 2022-06-03 13:11:59 --> Trying to access array offset on value of type null
#0 C:\xampp\htdocs\RamirezAlfredo-P1\app\Views\usuario\editnames.php(6): CodeIgniter\Debug\Exceptions->errorHandler(8, 'Trying to acces...', 'C:\\xampp\\htdocs...', 6, Array)
#1 C:\xampp\htdocs\RamirezAlfredo-P1\system\View\View.php(210): include('C:\\xampp\\htdocs...')
#2 C:\xampp\htdocs\RamirezAlfredo-P1\system\View\View.php(213): CodeIgniter\View\View->CodeIgniter\View\{closure}()
#3 C:\xampp\htdocs\RamirezAlfredo-P1\system\Common.php(1089): CodeIgniter\View\View->render('usuario/editnam...', Array, true)
#4 C:\xampp\htdocs\RamirezAlfredo-P1\app\Controllers\CrudController.php(79): view('usuario/editnam...', Array)
#5 C:\xampp\htdocs\RamirezAlfredo-P1\system\CodeIgniter.php(832): App\Controllers\CrudController->singleUser('3')
#6 C:\xampp\htdocs\RamirezAlfredo-P1\system\CodeIgniter.php(419): CodeIgniter\CodeIgniter->runController(Object(App\Controllers\CrudController))
#7 C:\xampp\htdocs\RamirezAlfredo-P1\system\CodeIgniter.php(326): CodeIgniter\CodeIgniter->handleRequest(NULL, Object(Config\Cache), false)
#8 C:\xampp\htdocs\RamirezAlfredo-P1\index.php(37): CodeIgniter\CodeIgniter->run()
#9 {main}
CRITICAL - 2022-06-03 13:13:01 --> Trying to access array offset on value of type null
#0 C:\xampp\htdocs\RamirezAlfredo-P1\app\Views\usuario\editnames.php(6): CodeIgniter\Debug\Exceptions->errorHandler(8, 'Trying to acces...', 'C:\\xampp\\htdocs...', 6, Array)
#1 C:\xampp\htdocs\RamirezAlfredo-P1\system\View\View.php(210): include('C:\\xampp\\htdocs...')
#2 C:\xampp\htdocs\RamirezAlfredo-P1\system\View\View.php(213): CodeIgniter\View\View->CodeIgniter\View\{closure}()
#3 C:\xampp\htdocs\RamirezAlfredo-P1\system\Common.php(1089): CodeIgniter\View\View->render('usuario/editnam...', Array, true)
#4 C:\xampp\htdocs\RamirezAlfredo-P1\app\Controllers\CrudController.php(79): view('usuario/editnam...', Array)
#5 C:\xampp\htdocs\RamirezAlfredo-P1\system\CodeIgniter.php(832): App\Controllers\CrudController->singleUser()
#6 C:\xampp\htdocs\RamirezAlfredo-P1\system\CodeIgniter.php(419): CodeIgniter\CodeIgniter->runController(Object(App\Controllers\CrudController))
#7 C:\xampp\htdocs\RamirezAlfredo-P1\system\CodeIgniter.php(326): CodeIgniter\CodeIgniter->handleRequest(NULL, Object(Config\Cache), false)
#8 C:\xampp\htdocs\RamirezAlfredo-P1\index.php(37): CodeIgniter\CodeIgniter->run()
#9 {main}
ERROR - 2022-06-03 13:14:14 --> Column 'nombre' cannot be null
ERROR - 2022-06-03 13:15:59 --> Column 'nombre' cannot be null
CRITICAL - 2022-06-03 13:19:02 --> Trying to access array offset on value of type null
#0 C:\xampp\htdocs\RamirezAlfredo-P1\app\Views\usuario\editnames.php(6): CodeIgniter\Debug\Exceptions->errorHandler(8, 'Trying to acces...', 'C:\\xampp\\htdocs...', 6, Array)
#1 C:\xampp\htdocs\RamirezAlfredo-P1\system\View\View.php(210): include('C:\\xampp\\htdocs...')
#2 C:\xampp\htdocs\RamirezAlfredo-P1\system\View\View.php(213): CodeIgniter\View\View->CodeIgniter\View\{closure}()
#3 C:\xampp\htdocs\RamirezAlfredo-P1\system\Common.php(1089): CodeIgniter\View\View->render('usuario/editnam...', Array, true)
#4 C:\xampp\htdocs\RamirezAlfredo-P1\app\Controllers\CrudController.php(79): view('usuario/editnam...', Array)
#5 C:\xampp\htdocs\RamirezAlfredo-P1\system\CodeIgniter.php(832): App\Controllers\CrudController->singleUser()
#6 C:\xampp\htdocs\RamirezAlfredo-P1\system\CodeIgniter.php(419): CodeIgniter\CodeIgniter->runController(Object(App\Controllers\CrudController))
#7 C:\xampp\htdocs\RamirezAlfredo-P1\system\CodeIgniter.php(326): CodeIgniter\CodeIgniter->handleRequest(NULL, Object(Config\Cache), false)
#8 C:\xampp\htdocs\RamirezAlfredo-P1\index.php(37): CodeIgniter\CodeIgniter->run()
#9 {main}
CRITICAL - 2022-06-03 14:03:01 --> Call to undefined function set_value()
#0 C:\xampp\htdocs\RamirezAlfredo-P1\system\View\View.php(210): include()
#1 C:\xampp\htdocs\RamirezAlfredo-P1\system\View\View.php(213): CodeIgniter\View\View->CodeIgniter\View\{closure}()
#2 C:\xampp\htdocs\RamirezAlfredo-P1\system\Common.php(1089): CodeIgniter\View\View->render('productos/addpr...', Array, true)
#3 C:\xampp\htdocs\RamirezAlfredo-P1\app\Controllers\ProductoController.php(41): view('productos/addpr...')
#4 C:\xampp\htdocs\RamirezAlfredo-P1\system\CodeIgniter.php(832): App\Controllers\ProductoController->create()
#5 C:\xampp\htdocs\RamirezAlfredo-P1\system\CodeIgniter.php(419): CodeIgniter\CodeIgniter->runController(Object(App\Controllers\ProductoController))
#6 C:\xampp\htdocs\RamirezAlfredo-P1\system\CodeIgniter.php(326): CodeIgniter\CodeIgniter->handleRequest(NULL, Object(Config\Cache), false)
#7 C:\xampp\htdocs\RamirezAlfredo-P1\index.php(37): CodeIgniter\CodeIgniter->run()
#8 {main}
CRITICAL - 2022-06-03 14:06:11 --> Call to undefined function set_value()
#0 C:\xampp\htdocs\RamirezAlfredo-P1\system\View\View.php(210): include()
#1 C:\xampp\htdocs\RamirezAlfredo-P1\system\View\View.php(213): CodeIgniter\View\View->CodeIgniter\View\{closure}()
#2 C:\xampp\htdocs\RamirezAlfredo-P1\system\Common.php(1089): CodeIgniter\View\View->render('productos/addpr...', Array, true)
#3 C:\xampp\htdocs\RamirezAlfredo-P1\app\Controllers\ProductoController.php(41): view('productos/addpr...')
#4 C:\xampp\htdocs\RamirezAlfredo-P1\system\CodeIgniter.php(832): App\Controllers\ProductoController->create()
#5 C:\xampp\htdocs\RamirezAlfredo-P1\system\CodeIgniter.php(419): CodeIgniter\CodeIgniter->runController(Object(App\Controllers\ProductoController))
#6 C:\xampp\htdocs\RamirezAlfredo-P1\system\CodeIgniter.php(326): CodeIgniter\CodeIgniter->handleRequest(NULL, Object(Config\Cache), false)
#7 C:\xampp\htdocs\RamirezAlfredo-P1\index.php(37): CodeIgniter\CodeIgniter->run()
#8 {main}
CRITICAL - 2022-06-03 14:06:32 --> Call to undefined function set_value()
#0 C:\xampp\htdocs\RamirezAlfredo-P1\system\View\View.php(210): include()
#1 C:\xampp\htdocs\RamirezAlfredo-P1\system\View\View.php(213): CodeIgniter\View\View->CodeIgniter\View\{closure}()
#2 C:\xampp\htdocs\RamirezAlfredo-P1\system\Common.php(1089): CodeIgniter\View\View->render('productos/addpr...', Array, true)
#3 C:\xampp\htdocs\RamirezAlfredo-P1\app\Controllers\ProductoController.php(41): view('productos/addpr...')
#4 C:\xampp\htdocs\RamirezAlfredo-P1\system\CodeIgniter.php(832): App\Controllers\ProductoController->create()
#5 C:\xampp\htdocs\RamirezAlfredo-P1\system\CodeIgniter.php(419): CodeIgniter\CodeIgniter->runController(Object(App\Controllers\ProductoController))
#6 C:\xampp\htdocs\RamirezAlfredo-P1\system\CodeIgniter.php(326): CodeIgniter\CodeIgniter->handleRequest(NULL, Object(Config\Cache), false)
#7 C:\xampp\htdocs\RamirezAlfredo-P1\index.php(37): CodeIgniter\CodeIgniter->run()
#8 {main}
CRITICAL - 2022-06-03 14:06:49 --> Call to undefined function set_value()
#0 C:\xampp\htdocs\RamirezAlfredo-P1\system\View\View.php(210): include()
#1 C:\xampp\htdocs\RamirezAlfredo-P1\system\View\View.php(213): CodeIgniter\View\View->CodeIgniter\View\{closure}()
#2 C:\xampp\htdocs\RamirezAlfredo-P1\system\Common.php(1089): CodeIgniter\View\View->render('productos/addpr...', Array, true)
#3 C:\xampp\htdocs\RamirezAlfredo-P1\app\Controllers\ProductoController.php(41): view('productos/addpr...')
#4 C:\xampp\htdocs\RamirezAlfredo-P1\system\CodeIgniter.php(832): App\Controllers\ProductoController->create()
#5 C:\xampp\htdocs\RamirezAlfredo-P1\system\CodeIgniter.php(419): CodeIgniter\CodeIgniter->runController(Object(App\Controllers\ProductoController))
#6 C:\xampp\htdocs\RamirezAlfredo-P1\system\CodeIgniter.php(326): CodeIgniter\CodeIgniter->handleRequest(NULL, Object(Config\Cache), false)
#7 C:\xampp\htdocs\RamirezAlfredo-P1\index.php(37): CodeIgniter\CodeIgniter->run()
#8 {main}
CRITICAL - 2022-06-03 14:07:19 --> Undefined variable: categorias
#0 C:\xampp\htdocs\RamirezAlfredo-P1\app\Views\productos\addproducto.php(22): CodeIgniter\Debug\Exceptions->errorHandler(8, 'Undefined varia...', 'C:\\xampp\\htdocs...', 22, Array)
#1 C:\xampp\htdocs\RamirezAlfredo-P1\system\View\View.php(210): include('C:\\xampp\\htdocs...')
#2 C:\xampp\htdocs\RamirezAlfredo-P1\system\View\View.php(213): CodeIgniter\View\View->CodeIgniter\View\{closure}()
#3 C:\xampp\htdocs\RamirezAlfredo-P1\system\Common.php(1089): CodeIgniter\View\View->render('productos/addpr...', Array, true)
#4 C:\xampp\htdocs\RamirezAlfredo-P1\app\Controllers\ProductoController.php(41): view('productos/addpr...')
#5 C:\xampp\htdocs\RamirezAlfredo-P1\system\CodeIgniter.php(832): App\Controllers\ProductoController->create()
#6 C:\xampp\htdocs\RamirezAlfredo-P1\system\CodeIgniter.php(419): CodeIgniter\CodeIgniter->runController(Object(App\Controllers\ProductoController))
#7 C:\xampp\htdocs\RamirezAlfredo-P1\system\CodeIgniter.php(326): CodeIgniter\CodeIgniter->handleRequest(NULL, Object(Config\Cache), false)
#8 C:\xampp\htdocs\RamirezAlfredo-P1\index.php(37): CodeIgniter\CodeIgniter->run()
#9 {main}
CRITICAL - 2022-06-03 14:33:54 --> Undefined variable: imagen
#0 C:\xampp\htdocs\RamirezAlfredo-P1\app\Views\productos\listado_producto.php(43): CodeIgniter\Debug\Exceptions->errorHandler(8, 'Undefined varia...', 'C:\\xampp\\htdocs...', 43, Array)
#1 C:\xampp\htdocs\RamirezAlfredo-P1\system\View\View.php(210): include('C:\\xampp\\htdocs...')
#2 C:\xampp\htdocs\RamirezAlfredo-P1\system\View\View.php(213): CodeIgniter\View\View->CodeIgniter\View\{closure}()
#3 C:\xampp\htdocs\RamirezAlfredo-P1\system\Common.php(1089): CodeIgniter\View\View->render('productos/lista...', Array, true)
#4 C:\xampp\htdocs\RamirezAlfredo-P1\app\Controllers\ProductoController.php(14): view('productos/lista...', Array)
#5 C:\xampp\htdocs\RamirezAlfredo-P1\system\CodeIgniter.php(832): App\Controllers\ProductoController->index()
#6 C:\xampp\htdocs\RamirezAlfredo-P1\system\CodeIgniter.php(419): CodeIgniter\CodeIgniter->runController(Object(App\Controllers\ProductoController))
#7 C:\xampp\htdocs\RamirezAlfredo-P1\system\CodeIgniter.php(326): CodeIgniter\CodeIgniter->handleRequest(NULL, Object(Config\Cache), false)
#8 C:\xampp\htdocs\RamirezAlfredo-P1\index.php(37): CodeIgniter\CodeIgniter->run()
#9 {main}
CRITICAL - 2022-06-03 14:35:21 --> Undefined variable: imagen
#0 C:\xampp\htdocs\RamirezAlfredo-P1\app\Views\productos\listado_producto.php(43): CodeIgniter\Debug\Exceptions->errorHandler(8, 'Undefined varia...', 'C:\\xampp\\htdocs...', 43, Array)
#1 C:\xampp\htdocs\RamirezAlfredo-P1\system\View\View.php(210): include('C:\\xampp\\htdocs...')
#2 C:\xampp\htdocs\RamirezAlfredo-P1\system\View\View.php(213): CodeIgniter\View\View->CodeIgniter\View\{closure}()
#3 C:\xampp\htdocs\RamirezAlfredo-P1\system\Common.php(1089): CodeIgniter\View\View->render('productos/lista...', Array, true)
#4 C:\xampp\htdocs\RamirezAlfredo-P1\app\Controllers\ProductoController.php(14): view('productos/lista...', Array)
#5 C:\xampp\htdocs\RamirezAlfredo-P1\system\CodeIgniter.php(832): App\Controllers\ProductoController->index()
#6 C:\xampp\htdocs\RamirezAlfredo-P1\system\CodeIgniter.php(419): CodeIgniter\CodeIgniter->runController(Object(App\Controllers\ProductoController))
#7 C:\xampp\htdocs\RamirezAlfredo-P1\system\CodeIgniter.php(326): CodeIgniter\CodeIgniter->handleRequest(NULL, Object(Config\Cache), false)
#8 C:\xampp\htdocs\RamirezAlfredo-P1\index.php(37): CodeIgniter\CodeIgniter->run()
#9 {main}
CRITICAL - 2022-06-03 14:35:22 --> Undefined variable: imagen
#0 C:\xampp\htdocs\RamirezAlfredo-P1\app\Views\productos\listado_producto.php(43): CodeIgniter\Debug\Exceptions->errorHandler(8, 'Undefined varia...', 'C:\\xampp\\htdocs...', 43, Array)
#1 C:\xampp\htdocs\RamirezAlfredo-P1\system\View\View.php(210): include('C:\\xampp\\htdocs...')
#2 C:\xampp\htdocs\RamirezAlfredo-P1\system\View\View.php(213): CodeIgniter\View\View->CodeIgniter\View\{closure}()
#3 C:\xampp\htdocs\RamirezAlfredo-P1\system\Common.php(1089): CodeIgniter\View\View->render('productos/lista...', Array, true)
#4 C:\xampp\htdocs\RamirezAlfredo-P1\app\Controllers\ProductoController.php(14): view('productos/lista...', Array)
#5 C:\xampp\htdocs\RamirezAlfredo-P1\system\CodeIgniter.php(832): App\Controllers\ProductoController->index()
#6 C:\xampp\htdocs\RamirezAlfredo-P1\system\CodeIgniter.php(419): CodeIgniter\CodeIgniter->runController(Object(App\Controllers\ProductoController))
#7 C:\xampp\htdocs\RamirezAlfredo-P1\system\CodeIgniter.php(326): CodeIgniter\CodeIgniter->handleRequest(NULL, Object(Config\Cache), false)
#8 C:\xampp\htdocs\RamirezAlfredo-P1\index.php(37): CodeIgniter\CodeIgniter->run()
#9 {main}
CRITICAL - 2022-06-03 14:56:24 --> Undefined variable: imagen
#0 C:\xampp\htdocs\RamirezAlfredo-P1\app\Views\productos\listado_producto.php(42): CodeIgniter\Debug\Exceptions->errorHandler(8, 'Undefined varia...', 'C:\\xampp\\htdocs...', 42, Array)
#1 C:\xampp\htdocs\RamirezAlfredo-P1\system\View\View.php(210): include('C:\\xampp\\htdocs...')
#2 C:\xampp\htdocs\RamirezAlfredo-P1\system\View\View.php(213): CodeIgniter\View\View->CodeIgniter\View\{closure}()
#3 C:\xampp\htdocs\RamirezAlfredo-P1\system\Common.php(1089): CodeIgniter\View\View->render('productos/lista...', Array, true)
#4 C:\xampp\htdocs\RamirezAlfredo-P1\app\Controllers\ProductoController.php(14): view('productos/lista...', Array)
#5 C:\xampp\htdocs\RamirezAlfredo-P1\system\CodeIgniter.php(832): App\Controllers\ProductoController->index()
#6 C:\xampp\htdocs\RamirezAlfredo-P1\system\CodeIgniter.php(419): CodeIgniter\CodeIgniter->runController(Object(App\Controllers\ProductoController))
#7 C:\xampp\htdocs\RamirezAlfredo-P1\system\CodeIgniter.php(326): CodeIgniter\CodeIgniter->handleRequest(NULL, Object(Config\Cache), false)
#8 C:\xampp\htdocs\RamirezAlfredo-P1\index.php(37): CodeIgniter\CodeIgniter->run()
#9 {main}
CRITICAL - 2022-06-03 14:56:37 --> Undefined variable: image
#0 C:\xampp\htdocs\RamirezAlfredo-P1\app\Views\productos\listado_producto.php(42): CodeIgniter\Debug\Exceptions->errorHandler(8, 'Undefined varia...', 'C:\\xampp\\htdocs...', 42, Array)
#1 C:\xampp\htdocs\RamirezAlfredo-P1\system\View\View.php(210): include('C:\\xampp\\htdocs...')
#2 C:\xampp\htdocs\RamirezAlfredo-P1\system\View\View.php(213): CodeIgniter\View\View->CodeIgniter\View\{closure}()
#3 C:\xampp\htdocs\RamirezAlfredo-P1\system\Common.php(1089): CodeIgniter\View\View->render('productos/lista...', Array, true)
#4 C:\xampp\htdocs\RamirezAlfredo-P1\app\Controllers\ProductoController.php(14): view('productos/lista...', Array)
#5 C:\xampp\htdocs\RamirezAlfredo-P1\system\CodeIgniter.php(832): App\Controllers\ProductoController->index()
#6 C:\xampp\htdocs\RamirezAlfredo-P1\system\CodeIgniter.php(419): CodeIgniter\CodeIgniter->runController(Object(App\Controllers\ProductoController))
#7 C:\xampp\htdocs\RamirezAlfredo-P1\system\CodeIgniter.php(326): CodeIgniter\CodeIgniter->handleRequest(NULL, Object(Config\Cache), false)
#8 C:\xampp\htdocs\RamirezAlfredo-P1\index.php(37): CodeIgniter\CodeIgniter->run()
#9 {main}
CRITICAL - 2022-06-03 14:58:37 --> Undefined variable: imagen
#0 C:\xampp\htdocs\RamirezAlfredo-P1\app\Views\productos\listado_producto.php(42): CodeIgniter\Debug\Exceptions->errorHandler(8, 'Undefined varia...', 'C:\\xampp\\htdocs...', 42, Array)
#1 C:\xampp\htdocs\RamirezAlfredo-P1\system\View\View.php(210): include('C:\\xampp\\htdocs...')
#2 C:\xampp\htdocs\RamirezAlfredo-P1\system\View\View.php(213): CodeIgniter\View\View->CodeIgniter\View\{closure}()
#3 C:\xampp\htdocs\RamirezAlfredo-P1\system\Common.php(1089): CodeIgniter\View\View->render('productos/lista...', Array, true)
#4 C:\xampp\htdocs\RamirezAlfredo-P1\app\Controllers\ProductoController.php(14): view('productos/lista...', Array)
#5 C:\xampp\htdocs\RamirezAlfredo-P1\system\CodeIgniter.php(832): App\Controllers\ProductoController->index()
#6 C:\xampp\htdocs\RamirezAlfredo-P1\system\CodeIgniter.php(419): CodeIgniter\CodeIgniter->runController(Object(App\Controllers\ProductoController))
#7 C:\xampp\htdocs\RamirezAlfredo-P1\system\CodeIgniter.php(326): CodeIgniter\CodeIgniter->handleRequest(NULL, Object(Config\Cache), false)
#8 C:\xampp\htdocs\RamirezAlfredo-P1\index.php(37): CodeIgniter\CodeIgniter->run()
#9 {main}
