CRITICAL - 2022-05-23 16:57:13 --> The framework needs the following extension(s) installed and loaded: intl.
#0 C:\xampp\htdocs\RamirezAlfredo-P1\system\CodeIgniter.php(219): CodeIgniter\Exceptions\FrameworkException::forMissingExtension('intl')
#1 C:\xampp\htdocs\RamirezAlfredo-P1\system\CodeIgniter.php(177): CodeIgniter\CodeIgniter->resolvePlatformExtensions()
#2 C:\xampp\htdocs\RamirezAlfredo-P1\system\bootstrap.php(146): CodeIgniter\CodeIgniter->initialize()
#3 C:\xampp\htdocs\RamirezAlfredo-P1\index.php(28): require('C:\\xampp\\htdocs...')
#4 {main}
CRITICAL - 2022-05-23 16:58:57 --> The framework needs the following extension(s) installed and loaded: intl.
#0 C:\xampp\htdocs\RamirezAlfredo-P1\system\CodeIgniter.php(219): CodeIgniter\Exceptions\FrameworkException::forMissingExtension('intl')
#1 C:\xampp\htdocs\RamirezAlfredo-P1\system\CodeIgniter.php(177): CodeIgniter\CodeIgniter->resolvePlatformExtensions()
#2 C:\xampp\htdocs\RamirezAlfredo-P1\system\bootstrap.php(146): CodeIgniter\CodeIgniter->initialize()
#3 C:\xampp\htdocs\RamirezAlfredo-P1\index.php(28): require('C:\\xampp\\htdocs...')
#4 {main}
CRITICAL - 2022-05-23 16:30:42 --> Undefined property: CodeIgniter\View\View::$session
#0 C:\xampp\htdocs\RamirezAlfredo-P1\app\Views\usuario\menu.php(15): CodeIgniter\Debug\Exceptions->errorHandler(2, 'Undefined prope...', 'C:\\xampp\\htdocs...', 15)
#1 C:\xampp\htdocs\RamirezAlfredo-P1\system\View\View.php(210): include('C:\\xampp\\htdocs...')
#2 C:\xampp\htdocs\RamirezAlfredo-P1\system\View\View.php(213): CodeIgniter\View\View->CodeIgniter\View\{closure}()
#3 C:\xampp\htdocs\RamirezAlfredo-P1\system\Common.php(1089): CodeIgniter\View\View->render('usuario/menu', Array, true)
#4 C:\xampp\htdocs\RamirezAlfredo-P1\app\Controllers\Dashboard.php(9): view('usuario/menu')
#5 C:\xampp\htdocs\RamirezAlfredo-P1\system\CodeIgniter.php(832): App\Controllers\Dashboard->index()
#6 C:\xampp\htdocs\RamirezAlfredo-P1\system\CodeIgniter.php(419): CodeIgniter\CodeIgniter->runController(Object(App\Controllers\Dashboard))
#7 C:\xampp\htdocs\RamirezAlfredo-P1\system\CodeIgniter.php(326): CodeIgniter\CodeIgniter->handleRequest(NULL, Object(Config\Cache), false)
#8 C:\xampp\htdocs\RamirezAlfredo-P1\index.php(37): CodeIgniter\CodeIgniter->run()
#9 {main}
CRITICAL - 2022-05-23 16:44:11 --> Value of type null is not callable
#0 C:\xampp\htdocs\RamirezAlfredo-P1\system\CodeIgniter.php(832): App\Controllers\Dashboard->index()
#1 C:\xampp\htdocs\RamirezAlfredo-P1\system\CodeIgniter.php(419): CodeIgniter\CodeIgniter->runController(Object(App\Controllers\Dashboard))
#2 C:\xampp\htdocs\RamirezAlfredo-P1\system\CodeIgniter.php(326): CodeIgniter\CodeIgniter->handleRequest(NULL, Object(Config\Cache), false)
#3 C:\xampp\htdocs\RamirezAlfredo-P1\index.php(37): CodeIgniter\CodeIgniter->run()
#4 {main}
CRITICAL - 2022-05-23 17:31:50 --> Invalid file: namelist.php
#0 C:\xampp\htdocs\RamirezAlfredo-P1\system\View\View.php(198): CodeIgniter\Exceptions\FrameworkException::forInvalidFile('namelist.php')
#1 C:\xampp\htdocs\RamirezAlfredo-P1\system\Common.php(1089): CodeIgniter\View\View->render('namelist', Array, true)
#2 C:\xampp\htdocs\RamirezAlfredo-P1\app\Controllers\CrudController.php(14): view('namelist', Array)
#3 C:\xampp\htdocs\RamirezAlfredo-P1\system\CodeIgniter.php(832): App\Controllers\CrudController->index()
#4 C:\xampp\htdocs\RamirezAlfredo-P1\system\CodeIgniter.php(419): CodeIgniter\CodeIgniter->runController(Object(App\Controllers\CrudController))
#5 C:\xampp\htdocs\RamirezAlfredo-P1\system\CodeIgniter.php(326): CodeIgniter\CodeIgniter->handleRequest(NULL, Object(Config\Cache), false)
#6 C:\xampp\htdocs\RamirezAlfredo-P1\index.php(37): CodeIgniter\CodeIgniter->run()
#7 {main}
CRITICAL - 2022-05-23 17:32:32 --> Invalid file: namelist.php
#0 C:\xampp\htdocs\RamirezAlfredo-P1\system\View\View.php(198): CodeIgniter\Exceptions\FrameworkException::forInvalidFile('namelist.php')
#1 C:\xampp\htdocs\RamirezAlfredo-P1\system\Common.php(1089): CodeIgniter\View\View->render('namelist', Array, true)
#2 C:\xampp\htdocs\RamirezAlfredo-P1\app\Controllers\CrudController.php(14): view('namelist', Array)
#3 C:\xampp\htdocs\RamirezAlfredo-P1\system\CodeIgniter.php(832): App\Controllers\CrudController->index()
#4 C:\xampp\htdocs\RamirezAlfredo-P1\system\CodeIgniter.php(419): CodeIgniter\CodeIgniter->runController(Object(App\Controllers\CrudController))
#5 C:\xampp\htdocs\RamirezAlfredo-P1\system\CodeIgniter.php(326): CodeIgniter\CodeIgniter->handleRequest(NULL, Object(Config\Cache), false)
#6 C:\xampp\htdocs\RamirezAlfredo-P1\index.php(37): CodeIgniter\CodeIgniter->run()
#7 {main}
CRITICAL - 2022-05-23 17:33:51 --> Invalid file: addname.php
#0 C:\xampp\htdocs\RamirezAlfredo-P1\system\View\View.php(198): CodeIgniter\Exceptions\FrameworkException::forInvalidFile('addname.php')
#1 C:\xampp\htdocs\RamirezAlfredo-P1\system\Common.php(1089): CodeIgniter\View\View->render('addname', Array, true)
#2 C:\xampp\htdocs\RamirezAlfredo-P1\app\Controllers\CrudController.php(19): view('addname')
#3 C:\xampp\htdocs\RamirezAlfredo-P1\system\CodeIgniter.php(832): App\Controllers\CrudController->create()
#4 C:\xampp\htdocs\RamirezAlfredo-P1\system\CodeIgniter.php(419): CodeIgniter\CodeIgniter->runController(Object(App\Controllers\CrudController))
#5 C:\xampp\htdocs\RamirezAlfredo-P1\system\CodeIgniter.php(326): CodeIgniter\CodeIgniter->handleRequest(NULL, Object(Config\Cache), false)
#6 C:\xampp\htdocs\RamirezAlfredo-P1\index.php(37): CodeIgniter\CodeIgniter->run()
#7 {main}
CRITICAL - 2022-05-23 17:35:48 --> Invalid file: /namelist.php
#0 C:\xampp\htdocs\RamirezAlfredo-P1\system\View\View.php(198): CodeIgniter\Exceptions\FrameworkException::forInvalidFile('/namelist.php')
#1 C:\xampp\htdocs\RamirezAlfredo-P1\system\Common.php(1089): CodeIgniter\View\View->render('/namelist', Array, true)
#2 C:\xampp\htdocs\RamirezAlfredo-P1\app\Controllers\CrudController.php(14): view('/namelist', Array)
#3 C:\xampp\htdocs\RamirezAlfredo-P1\system\CodeIgniter.php(832): App\Controllers\CrudController->index()
#4 C:\xampp\htdocs\RamirezAlfredo-P1\system\CodeIgniter.php(419): CodeIgniter\CodeIgniter->runController(Object(App\Controllers\CrudController))
#5 C:\xampp\htdocs\RamirezAlfredo-P1\system\CodeIgniter.php(326): CodeIgniter\CodeIgniter->handleRequest(NULL, Object(Config\Cache), false)
#6 C:\xampp\htdocs\RamirezAlfredo-P1\index.php(37): CodeIgniter\CodeIgniter->run()
#7 {main}
CRITICAL - 2022-05-23 17:37:55 --> Undefined variable $users
#0 C:\xampp\htdocs\RamirezAlfredo-P1\app\Views\usuario\namelist.php(31): CodeIgniter\Debug\Exceptions->errorHandler(2, 'Undefined varia...', 'C:\\xampp\\htdocs...', 31)
#1 C:\xampp\htdocs\RamirezAlfredo-P1\system\View\View.php(210): include('C:\\xampp\\htdocs...')
#2 C:\xampp\htdocs\RamirezAlfredo-P1\system\View\View.php(213): CodeIgniter\View\View->CodeIgniter\View\{closure}()
#3 C:\xampp\htdocs\RamirezAlfredo-P1\system\Common.php(1089): CodeIgniter\View\View->render('usuario/namelis...', Array, true)
#4 C:\xampp\htdocs\RamirezAlfredo-P1\app\Controllers\CrudController.php(17): view('usuario/namelis...')
#5 C:\xampp\htdocs\RamirezAlfredo-P1\system\CodeIgniter.php(832): App\Controllers\CrudController->index()
#6 C:\xampp\htdocs\RamirezAlfredo-P1\system\CodeIgniter.php(419): CodeIgniter\CodeIgniter->runController(Object(App\Controllers\CrudController))
#7 C:\xampp\htdocs\RamirezAlfredo-P1\system\CodeIgniter.php(326): CodeIgniter\CodeIgniter->handleRequest(NULL, Object(Config\Cache), false)
#8 C:\xampp\htdocs\RamirezAlfredo-P1\index.php(37): CodeIgniter\CodeIgniter->run()
#9 {main}
CRITICAL - 2022-05-23 17:37:58 --> Undefined variable $users
#0 C:\xampp\htdocs\RamirezAlfredo-P1\app\Views\usuario\namelist.php(31): CodeIgniter\Debug\Exceptions->errorHandler(2, 'Undefined varia...', 'C:\\xampp\\htdocs...', 31)
#1 C:\xampp\htdocs\RamirezAlfredo-P1\system\View\View.php(210): include('C:\\xampp\\htdocs...')
#2 C:\xampp\htdocs\RamirezAlfredo-P1\system\View\View.php(213): CodeIgniter\View\View->CodeIgniter\View\{closure}()
#3 C:\xampp\htdocs\RamirezAlfredo-P1\system\Common.php(1089): CodeIgniter\View\View->render('usuario/namelis...', Array, true)
#4 C:\xampp\htdocs\RamirezAlfredo-P1\app\Controllers\CrudController.php(17): view('usuario/namelis...')
#5 C:\xampp\htdocs\RamirezAlfredo-P1\system\CodeIgniter.php(832): App\Controllers\CrudController->index()
#6 C:\xampp\htdocs\RamirezAlfredo-P1\system\CodeIgniter.php(419): CodeIgniter\CodeIgniter->runController(Object(App\Controllers\CrudController))
#7 C:\xampp\htdocs\RamirezAlfredo-P1\system\CodeIgniter.php(326): CodeIgniter\CodeIgniter->handleRequest(NULL, Object(Config\Cache), false)
#8 C:\xampp\htdocs\RamirezAlfredo-P1\index.php(37): CodeIgniter\CodeIgniter->run()
#9 {main}
CRITICAL - 2022-05-23 17:38:39 --> Undefined variable $usuarios
#0 C:\xampp\htdocs\RamirezAlfredo-P1\app\Views\usuario\namelist.php(31): CodeIgniter\Debug\Exceptions->errorHandler(2, 'Undefined varia...', 'C:\\xampp\\htdocs...', 31)
#1 C:\xampp\htdocs\RamirezAlfredo-P1\system\View\View.php(210): include('C:\\xampp\\htdocs...')
#2 C:\xampp\htdocs\RamirezAlfredo-P1\system\View\View.php(213): CodeIgniter\View\View->CodeIgniter\View\{closure}()
#3 C:\xampp\htdocs\RamirezAlfredo-P1\system\Common.php(1089): CodeIgniter\View\View->render('usuario/namelis...', Array, true)
#4 C:\xampp\htdocs\RamirezAlfredo-P1\app\Controllers\CrudController.php(18): view('usuario/namelis...')
#5 C:\xampp\htdocs\RamirezAlfredo-P1\system\CodeIgniter.php(832): App\Controllers\CrudController->index()
#6 C:\xampp\htdocs\RamirezAlfredo-P1\system\CodeIgniter.php(419): CodeIgniter\CodeIgniter->runController(Object(App\Controllers\CrudController))
#7 C:\xampp\htdocs\RamirezAlfredo-P1\system\CodeIgniter.php(326): CodeIgniter\CodeIgniter->handleRequest(NULL, Object(Config\Cache), false)
#8 C:\xampp\htdocs\RamirezAlfredo-P1\index.php(37): CodeIgniter\CodeIgniter->run()
#9 {main}
CRITICAL - 2022-05-23 17:38:41 --> Undefined variable $usuarios
#0 C:\xampp\htdocs\RamirezAlfredo-P1\app\Views\usuario\namelist.php(31): CodeIgniter\Debug\Exceptions->errorHandler(2, 'Undefined varia...', 'C:\\xampp\\htdocs...', 31)
#1 C:\xampp\htdocs\RamirezAlfredo-P1\system\View\View.php(210): include('C:\\xampp\\htdocs...')
#2 C:\xampp\htdocs\RamirezAlfredo-P1\system\View\View.php(213): CodeIgniter\View\View->CodeIgniter\View\{closure}()
#3 C:\xampp\htdocs\RamirezAlfredo-P1\system\Common.php(1089): CodeIgniter\View\View->render('usuario/namelis...', Array, true)
#4 C:\xampp\htdocs\RamirezAlfredo-P1\app\Controllers\CrudController.php(18): view('usuario/namelis...')
#5 C:\xampp\htdocs\RamirezAlfredo-P1\system\CodeIgniter.php(832): App\Controllers\CrudController->index()
#6 C:\xampp\htdocs\RamirezAlfredo-P1\system\CodeIgniter.php(419): CodeIgniter\CodeIgniter->runController(Object(App\Controllers\CrudController))
#7 C:\xampp\htdocs\RamirezAlfredo-P1\system\CodeIgniter.php(326): CodeIgniter\CodeIgniter->handleRequest(NULL, Object(Config\Cache), false)
#8 C:\xampp\htdocs\RamirezAlfredo-P1\index.php(37): CodeIgniter\CodeIgniter->run()
#9 {main}
CRITICAL - 2022-05-23 18:04:48 --> Undefined property: App\Controllers\Home::$session
#0 C:\xampp\htdocs\RamirezAlfredo-P1\app\Controllers\Home.php(82): CodeIgniter\Debug\Exceptions->errorHandler(2, 'Undefined prope...', 'C:\\xampp\\htdocs...', 82)
#1 C:\xampp\htdocs\RamirezAlfredo-P1\system\CodeIgniter.php(832): App\Controllers\Home->contacto()
#2 C:\xampp\htdocs\RamirezAlfredo-P1\system\CodeIgniter.php(419): CodeIgniter\CodeIgniter->runController(Object(App\Controllers\Home))
#3 C:\xampp\htdocs\RamirezAlfredo-P1\system\CodeIgniter.php(326): CodeIgniter\CodeIgniter->handleRequest(NULL, Object(Config\Cache), false)
#4 C:\xampp\htdocs\RamirezAlfredo-P1\index.php(37): CodeIgniter\CodeIgniter->run()
#5 {main}
CRITICAL - 2022-05-23 18:08:09 --> Undefined property: App\Controllers\Home::$set
#0 C:\xampp\htdocs\RamirezAlfredo-P1\app\Controllers\Home.php(82): CodeIgniter\Debug\Exceptions->errorHandler(2, 'Undefined prope...', 'C:\\xampp\\htdocs...', 82)
#1 C:\xampp\htdocs\RamirezAlfredo-P1\system\CodeIgniter.php(832): App\Controllers\Home->contacto()
#2 C:\xampp\htdocs\RamirezAlfredo-P1\system\CodeIgniter.php(419): CodeIgniter\CodeIgniter->runController(Object(App\Controllers\Home))
#3 C:\xampp\htdocs\RamirezAlfredo-P1\system\CodeIgniter.php(326): CodeIgniter\CodeIgniter->handleRequest(NULL, Object(Config\Cache), false)
#4 C:\xampp\htdocs\RamirezAlfredo-P1\index.php(37): CodeIgniter\CodeIgniter->run()
#5 {main}
CRITICAL - 2022-05-23 18:08:43 --> Undefined property: App\Controllers\Home::$data
#0 C:\xampp\htdocs\RamirezAlfredo-P1\app\Controllers\Home.php(82): CodeIgniter\Debug\Exceptions->errorHandler(2, 'Undefined prope...', 'C:\\xampp\\htdocs...', 82)
#1 C:\xampp\htdocs\RamirezAlfredo-P1\system\CodeIgniter.php(832): App\Controllers\Home->contacto()
#2 C:\xampp\htdocs\RamirezAlfredo-P1\system\CodeIgniter.php(419): CodeIgniter\CodeIgniter->runController(Object(App\Controllers\Home))
#3 C:\xampp\htdocs\RamirezAlfredo-P1\system\CodeIgniter.php(326): CodeIgniter\CodeIgniter->handleRequest(NULL, Object(Config\Cache), false)
#4 C:\xampp\htdocs\RamirezAlfredo-P1\index.php(37): CodeIgniter\CodeIgniter->run()
#5 {main}
CRITICAL - 2022-05-23 18:08:44 --> Undefined property: App\Controllers\Home::$data
#0 C:\xampp\htdocs\RamirezAlfredo-P1\app\Controllers\Home.php(82): CodeIgniter\Debug\Exceptions->errorHandler(2, 'Undefined prope...', 'C:\\xampp\\htdocs...', 82)
#1 C:\xampp\htdocs\RamirezAlfredo-P1\system\CodeIgniter.php(832): App\Controllers\Home->contacto()
#2 C:\xampp\htdocs\RamirezAlfredo-P1\system\CodeIgniter.php(419): CodeIgniter\CodeIgniter->runController(Object(App\Controllers\Home))
#3 C:\xampp\htdocs\RamirezAlfredo-P1\system\CodeIgniter.php(326): CodeIgniter\CodeIgniter->handleRequest(NULL, Object(Config\Cache), false)
#4 C:\xampp\htdocs\RamirezAlfredo-P1\index.php(37): CodeIgniter\CodeIgniter->run()
#5 {main}
CRITICAL - 2022-05-23 18:10:21 --> Undefined property: App\Controllers\Home::$session
#0 C:\xampp\htdocs\RamirezAlfredo-P1\app\Controllers\Home.php(82): CodeIgniter\Debug\Exceptions->errorHandler(2, 'Undefined prope...', 'C:\\xampp\\htdocs...', 82)
#1 C:\xampp\htdocs\RamirezAlfredo-P1\system\CodeIgniter.php(832): App\Controllers\Home->contacto()
#2 C:\xampp\htdocs\RamirezAlfredo-P1\system\CodeIgniter.php(419): CodeIgniter\CodeIgniter->runController(Object(App\Controllers\Home))
#3 C:\xampp\htdocs\RamirezAlfredo-P1\system\CodeIgniter.php(326): CodeIgniter\CodeIgniter->handleRequest(NULL, Object(Config\Cache), false)
#4 C:\xampp\htdocs\RamirezAlfredo-P1\index.php(37): CodeIgniter\CodeIgniter->run()
#5 {main}
CRITICAL - 2022-05-23 18:10:49 --> Undefined property: App\Controllers\Home::$session
#0 C:\xampp\htdocs\RamirezAlfredo-P1\app\Controllers\Home.php(82): CodeIgniter\Debug\Exceptions->errorHandler(2, 'Undefined prope...', 'C:\\xampp\\htdocs...', 82)
#1 C:\xampp\htdocs\RamirezAlfredo-P1\system\CodeIgniter.php(832): App\Controllers\Home->contacto()
#2 C:\xampp\htdocs\RamirezAlfredo-P1\system\CodeIgniter.php(419): CodeIgniter\CodeIgniter->runController(Object(App\Controllers\Home))
#3 C:\xampp\htdocs\RamirezAlfredo-P1\system\CodeIgniter.php(326): CodeIgniter\CodeIgniter->handleRequest(NULL, Object(Config\Cache), false)
#4 C:\xampp\htdocs\RamirezAlfredo-P1\index.php(37): CodeIgniter\CodeIgniter->run()
#5 {main}
CRITICAL - 2022-05-23 18:19:51 --> Undefined property: CodeIgniter\View\View::$session
#0 C:\xampp\htdocs\RamirezAlfredo-P1\app\Views\usuario\dashboard.php(1): CodeIgniter\Debug\Exceptions->errorHandler(2, 'Undefined prope...', 'C:\\xampp\\htdocs...', 1)
#1 C:\xampp\htdocs\RamirezAlfredo-P1\system\View\View.php(210): include('C:\\xampp\\htdocs...')
#2 C:\xampp\htdocs\RamirezAlfredo-P1\system\View\View.php(213): CodeIgniter\View\View->CodeIgniter\View\{closure}()
#3 C:\xampp\htdocs\RamirezAlfredo-P1\system\Common.php(1089): CodeIgniter\View\View->render('usuario/dashboa...', Array, true)
#4 C:\xampp\htdocs\RamirezAlfredo-P1\app\Controllers\Dashboard.php(12): view('usuario/dashboa...')
#5 C:\xampp\htdocs\RamirezAlfredo-P1\system\CodeIgniter.php(832): App\Controllers\Dashboard->index()
#6 C:\xampp\htdocs\RamirezAlfredo-P1\system\CodeIgniter.php(419): CodeIgniter\CodeIgniter->runController(Object(App\Controllers\Dashboard))
#7 C:\xampp\htdocs\RamirezAlfredo-P1\system\CodeIgniter.php(326): CodeIgniter\CodeIgniter->handleRequest(NULL, Object(Config\Cache), false)
#8 C:\xampp\htdocs\RamirezAlfredo-P1\index.php(37): CodeIgniter\CodeIgniter->run()
#9 {main}
CRITICAL - 2022-05-23 18:21:31 --> Undefined variable $config
#0 C:\xampp\htdocs\RamirezAlfredo-P1\app\Views\usuario\dashboard.php(2): CodeIgniter\Debug\Exceptions->errorHandler(2, 'Undefined varia...', 'C:\\xampp\\htdocs...', 2)
#1 C:\xampp\htdocs\RamirezAlfredo-P1\system\View\View.php(210): include('C:\\xampp\\htdocs...')
#2 C:\xampp\htdocs\RamirezAlfredo-P1\system\View\View.php(213): CodeIgniter\View\View->CodeIgniter\View\{closure}()
#3 C:\xampp\htdocs\RamirezAlfredo-P1\system\Common.php(1089): CodeIgniter\View\View->render('usuario/dashboa...', Array, true)
#4 C:\xampp\htdocs\RamirezAlfredo-P1\app\Controllers\Dashboard.php(12): view('usuario/dashboa...')
#5 C:\xampp\htdocs\RamirezAlfredo-P1\system\CodeIgniter.php(832): App\Controllers\Dashboard->index()
#6 C:\xampp\htdocs\RamirezAlfredo-P1\system\CodeIgniter.php(419): CodeIgniter\CodeIgniter->runController(Object(App\Controllers\Dashboard))
#7 C:\xampp\htdocs\RamirezAlfredo-P1\system\CodeIgniter.php(326): CodeIgniter\CodeIgniter->handleRequest(NULL, Object(Config\Cache), false)
#8 C:\xampp\htdocs\RamirezAlfredo-P1\index.php(37): CodeIgniter\CodeIgniter->run()
#9 {main}
CRITICAL - 2022-05-23 18:42:26 --> Undefined property: CodeIgniter\View\View::$session
#0 C:\xampp\htdocs\RamirezAlfredo-P1\app\Views\usuario\menu.php(5): CodeIgniter\Debug\Exceptions->errorHandler(2, 'Undefined prope...', 'C:\\xampp\\htdocs...', 5)
#1 C:\xampp\htdocs\RamirezAlfredo-P1\system\View\View.php(210): include('C:\\xampp\\htdocs...')
#2 C:\xampp\htdocs\RamirezAlfredo-P1\system\View\View.php(213): CodeIgniter\View\View->CodeIgniter\View\{closure}()
#3 C:\xampp\htdocs\RamirezAlfredo-P1\system\Common.php(1089): CodeIgniter\View\View->render('usuario/menu', Array, true)
#4 C:\xampp\htdocs\RamirezAlfredo-P1\app\Controllers\Dashboard.php(12): view('usuario/menu')
#5 C:\xampp\htdocs\RamirezAlfredo-P1\system\CodeIgniter.php(832): App\Controllers\Dashboard->index()
#6 C:\xampp\htdocs\RamirezAlfredo-P1\system\CodeIgniter.php(419): CodeIgniter\CodeIgniter->runController(Object(App\Controllers\Dashboard))
#7 C:\xampp\htdocs\RamirezAlfredo-P1\system\CodeIgniter.php(326): CodeIgniter\CodeIgniter->handleRequest(NULL, Object(Config\Cache), false)
#8 C:\xampp\htdocs\RamirezAlfredo-P1\index.php(37): CodeIgniter\CodeIgniter->run()
#9 {main}
CRITICAL - 2022-05-23 18:42:50 --> Undefined variable $uri
#0 C:\xampp\htdocs\RamirezAlfredo-P1\app\Views\usuario\menu.php(15): CodeIgniter\Debug\Exceptions->errorHandler(2, 'Undefined varia...', 'C:\\xampp\\htdocs...', 15)
#1 C:\xampp\htdocs\RamirezAlfredo-P1\system\View\View.php(210): include('C:\\xampp\\htdocs...')
#2 C:\xampp\htdocs\RamirezAlfredo-P1\system\View\View.php(213): CodeIgniter\View\View->CodeIgniter\View\{closure}()
#3 C:\xampp\htdocs\RamirezAlfredo-P1\system\Common.php(1089): CodeIgniter\View\View->render('usuario/menu', Array, true)
#4 C:\xampp\htdocs\RamirezAlfredo-P1\app\Controllers\Dashboard.php(12): view('usuario/menu')
#5 C:\xampp\htdocs\RamirezAlfredo-P1\system\CodeIgniter.php(832): App\Controllers\Dashboard->index()
#6 C:\xampp\htdocs\RamirezAlfredo-P1\system\CodeIgniter.php(419): CodeIgniter\CodeIgniter->runController(Object(App\Controllers\Dashboard))
#7 C:\xampp\htdocs\RamirezAlfredo-P1\system\CodeIgniter.php(326): CodeIgniter\CodeIgniter->handleRequest(NULL, Object(Config\Cache), false)
#8 C:\xampp\htdocs\RamirezAlfredo-P1\index.php(37): CodeIgniter\CodeIgniter->run()
#9 {main}
CRITICAL - 2022-05-23 19:04:39 --> Undefined property: App\Controllers\Home::$session
#0 C:\xampp\htdocs\RamirezAlfredo-P1\app\Controllers\Home.php(28): CodeIgniter\Debug\Exceptions->errorHandler(2, 'Undefined prope...', 'C:\\xampp\\htdocs...', 28)
#1 C:\xampp\htdocs\RamirezAlfredo-P1\system\CodeIgniter.php(832): App\Controllers\Home->nosotros()
#2 C:\xampp\htdocs\RamirezAlfredo-P1\system\CodeIgniter.php(419): CodeIgniter\CodeIgniter->runController(Object(App\Controllers\Home))
#3 C:\xampp\htdocs\RamirezAlfredo-P1\system\CodeIgniter.php(326): CodeIgniter\CodeIgniter->handleRequest(NULL, Object(Config\Cache), false)
#4 C:\xampp\htdocs\RamirezAlfredo-P1\index.php(37): CodeIgniter\CodeIgniter->run()
#5 {main}
CRITICAL - 2022-05-23 19:11:44 --> CodeIgniter\Config\Services::session(): Argument #1 ($config) must be of type ?Config\App, string given, called in C:\xampp\htdocs\RamirezAlfredo-P1\system\Config\BaseService.php on line 248
#0 C:\xampp\htdocs\RamirezAlfredo-P1\system\Config\BaseService.php(248): CodeIgniter\Config\Services::session('isLoggedIn')
#1 C:\xampp\htdocs\RamirezAlfredo-P1\app\Controllers\Home.php(29): CodeIgniter\Config\BaseService::__callStatic('session', Array)
#2 C:\xampp\htdocs\RamirezAlfredo-P1\system\CodeIgniter.php(832): App\Controllers\Home->nosotros()
#3 C:\xampp\htdocs\RamirezAlfredo-P1\system\CodeIgniter.php(419): CodeIgniter\CodeIgniter->runController(Object(App\Controllers\Home))
#4 C:\xampp\htdocs\RamirezAlfredo-P1\system\CodeIgniter.php(326): CodeIgniter\CodeIgniter->handleRequest(NULL, Object(Config\Cache), false)
#5 C:\xampp\htdocs\RamirezAlfredo-P1\index.php(37): CodeIgniter\CodeIgniter->run()
#6 {main}
