CRITICAL - 2022-06-20 20:43:28 --> Undefined variable: detalles
#0 C:\xampp\htdocs\RamirezAlfredo-P1\app\Views\carrito\compra_realizada.php(10): CodeIgniter\Debug\Exceptions->errorHandler(8, 'Undefined varia...', 'C:\\xampp\\htdocs...', 10, Array)
#1 C:\xampp\htdocs\RamirezAlfredo-P1\system\View\View.php(210): include('C:\\xampp\\htdocs...')
#2 C:\xampp\htdocs\RamirezAlfredo-P1\system\View\View.php(213): CodeIgniter\View\View->CodeIgniter\View\{closure}()
#3 C:\xampp\htdocs\RamirezAlfredo-P1\system\Common.php(1089): CodeIgniter\View\View->render('carrito/compra_...', Array, true)
#4 C:\xampp\htdocs\RamirezAlfredo-P1\app\Controllers\CarritoController.php(245): view('carrito/compra_...', Array)
#5 C:\xampp\htdocs\RamirezAlfredo-P1\app\Controllers\CarritoController.php(233): App\Controllers\CarritoController->verCompras()
#6 C:\xampp\htdocs\RamirezAlfredo-P1\app\Controllers\CarritoController.php(120): App\Controllers\CarritoController->finalizarCompra()
#7 C:\xampp\htdocs\RamirezAlfredo-P1\system\CodeIgniter.php(832): App\Controllers\CarritoController->verificar_compra()
#8 C:\xampp\htdocs\RamirezAlfredo-P1\system\CodeIgniter.php(419): CodeIgniter\CodeIgniter->runController(Object(App\Controllers\CarritoController))
#9 C:\xampp\htdocs\RamirezAlfredo-P1\system\CodeIgniter.php(326): CodeIgniter\CodeIgniter->handleRequest(NULL, Object(Config\Cache), false)
#10 C:\xampp\htdocs\RamirezAlfredo-P1\index.php(37): CodeIgniter\CodeIgniter->run()
#11 {main}
CRITICAL - 2022-06-20 20:48:10 --> Undefined variable: detalles
#0 C:\xampp\htdocs\RamirezAlfredo-P1\app\Views\carrito\compra_realizada.php(10): CodeIgniter\Debug\Exceptions->errorHandler(8, 'Undefined varia...', 'C:\\xampp\\htdocs...', 10, Array)
#1 C:\xampp\htdocs\RamirezAlfredo-P1\system\View\View.php(210): include('C:\\xampp\\htdocs...')
#2 C:\xampp\htdocs\RamirezAlfredo-P1\system\View\View.php(213): CodeIgniter\View\View->CodeIgniter\View\{closure}()
#3 C:\xampp\htdocs\RamirezAlfredo-P1\system\Common.php(1089): CodeIgniter\View\View->render('carrito/compra_...', Array, true)
#4 C:\xampp\htdocs\RamirezAlfredo-P1\app\Controllers\CarritoController.php(263): view('carrito/compra_...', Array)
#5 C:\xampp\htdocs\RamirezAlfredo-P1\app\Controllers\CarritoController.php(251): App\Controllers\CarritoController->verCompras()
#6 C:\xampp\htdocs\RamirezAlfredo-P1\app\Controllers\CarritoController.php(120): App\Controllers\CarritoController->finalizarCompra()
#7 C:\xampp\htdocs\RamirezAlfredo-P1\system\CodeIgniter.php(832): App\Controllers\CarritoController->verificar_compra()
#8 C:\xampp\htdocs\RamirezAlfredo-P1\system\CodeIgniter.php(419): CodeIgniter\CodeIgniter->runController(Object(App\Controllers\CarritoController))
#9 C:\xampp\htdocs\RamirezAlfredo-P1\system\CodeIgniter.php(326): CodeIgniter\CodeIgniter->handleRequest(NULL, Object(Config\Cache), false)
#10 C:\xampp\htdocs\RamirezAlfredo-P1\index.php(37): CodeIgniter\CodeIgniter->run()
#11 {main}
ERROR - 2022-06-20 20:51:24 --> Unknown column 'total_venta' in 'field list'
ERROR - 2022-06-20 20:51:24 --> You have an error in your SQL syntax; check the manual that corresponds to your MariaDB server version for the right syntax to use near ':0:' at line 3
CRITICAL - 2022-06-20 20:51:24 --> Call to a member function getResult() on bool
#0 C:\xampp\htdocs\RamirezAlfredo-P1\system\BaseModel.php(584): CodeIgniter\Model->doFindAll(0, 0)
#1 C:\xampp\htdocs\RamirezAlfredo-P1\app\Controllers\CarritoController.php(185): CodeIgniter\BaseModel->findAll()
#2 C:\xampp\htdocs\RamirezAlfredo-P1\app\Controllers\CarritoController.php(123): App\Controllers\CarritoController->comprar_carrito()
#3 C:\xampp\htdocs\RamirezAlfredo-P1\system\CodeIgniter.php(832): App\Controllers\CarritoController->verificar_compra()
#4 C:\xampp\htdocs\RamirezAlfredo-P1\system\CodeIgniter.php(419): CodeIgniter\CodeIgniter->runController(Object(App\Controllers\CarritoController))
#5 C:\xampp\htdocs\RamirezAlfredo-P1\system\CodeIgniter.php(326): CodeIgniter\CodeIgniter->handleRequest(NULL, Object(Config\Cache), false)
#6 C:\xampp\htdocs\RamirezAlfredo-P1\index.php(37): CodeIgniter\CodeIgniter->run()
#7 {main}
ERROR - 2022-06-20 20:52:36 --> Unknown column 'total_venta' in 'field list'
ERROR - 2022-06-20 20:52:36 --> You have an error in your SQL syntax; check the manual that corresponds to your MariaDB server version for the right syntax to use near ':0:' at line 3
CRITICAL - 2022-06-20 20:52:36 --> Call to a member function getResult() on bool
#0 C:\xampp\htdocs\RamirezAlfredo-P1\system\BaseModel.php(584): CodeIgniter\Model->doFindAll(0, 0)
#1 C:\xampp\htdocs\RamirezAlfredo-P1\app\Controllers\CarritoController.php(185): CodeIgniter\BaseModel->findAll()
#2 C:\xampp\htdocs\RamirezAlfredo-P1\app\Controllers\CarritoController.php(123): App\Controllers\CarritoController->comprar_carrito()
#3 C:\xampp\htdocs\RamirezAlfredo-P1\system\CodeIgniter.php(832): App\Controllers\CarritoController->verificar_compra()
#4 C:\xampp\htdocs\RamirezAlfredo-P1\system\CodeIgniter.php(419): CodeIgniter\CodeIgniter->runController(Object(App\Controllers\CarritoController))
#5 C:\xampp\htdocs\RamirezAlfredo-P1\system\CodeIgniter.php(326): CodeIgniter\CodeIgniter->handleRequest(NULL, Object(Config\Cache), false)
#6 C:\xampp\htdocs\RamirezAlfredo-P1\index.php(37): CodeIgniter\CodeIgniter->run()
#7 {main}
ERROR - 2022-06-20 20:53:01 --> Unknown column 'total_venta' in 'field list'
CRITICAL - 2022-06-20 20:53:01 --> Call to undefined method App\Models\ProductoModel::actualizar_stock
#0 C:\xampp\htdocs\RamirezAlfredo-P1\app\Controllers\CarritoController.php(215): CodeIgniter\Model->__call('actualizar_stoc...', Array)
#1 C:\xampp\htdocs\RamirezAlfredo-P1\app\Controllers\CarritoController.php(123): App\Controllers\CarritoController->comprar_carrito()
#2 C:\xampp\htdocs\RamirezAlfredo-P1\system\CodeIgniter.php(832): App\Controllers\CarritoController->verificar_compra()
#3 C:\xampp\htdocs\RamirezAlfredo-P1\system\CodeIgniter.php(419): CodeIgniter\CodeIgniter->runController(Object(App\Controllers\CarritoController))
#4 C:\xampp\htdocs\RamirezAlfredo-P1\system\CodeIgniter.php(326): CodeIgniter\CodeIgniter->handleRequest(NULL, Object(Config\Cache), false)
#5 C:\xampp\htdocs\RamirezAlfredo-P1\index.php(37): CodeIgniter\CodeIgniter->run()
#6 {main}
ERROR - 2022-06-20 20:53:33 --> Unknown column 'total_venta' in 'field list'
ERROR - 2022-06-20 20:53:33 --> Table 'ramirezalfredo-p1.ventas_detalle' doesn't exist
CRITICAL - 2022-06-20 20:53:33 --> Call to a member function getResult() on bool
#0 C:\xampp\htdocs\RamirezAlfredo-P1\app\Controllers\CarritoController.php(223): App\Controllers\CarritoController->mostrar_compra('')
#1 C:\xampp\htdocs\RamirezAlfredo-P1\app\Controllers\CarritoController.php(123): App\Controllers\CarritoController->comprar_carrito()
#2 C:\xampp\htdocs\RamirezAlfredo-P1\system\CodeIgniter.php(832): App\Controllers\CarritoController->verificar_compra()
#3 C:\xampp\htdocs\RamirezAlfredo-P1\system\CodeIgniter.php(419): CodeIgniter\CodeIgniter->runController(Object(App\Controllers\CarritoController))
#4 C:\xampp\htdocs\RamirezAlfredo-P1\system\CodeIgniter.php(326): CodeIgniter\CodeIgniter->handleRequest(NULL, Object(Config\Cache), false)
#5 C:\xampp\htdocs\RamirezAlfredo-P1\index.php(37): CodeIgniter\CodeIgniter->run()
#6 {main}
ERROR - 2022-06-20 20:53:58 --> Unknown column 'total_venta' in 'field list'
ERROR - 2022-06-20 20:53:58 --> Table 'ramirezalfredo-p1.ventas_detalle' doesn't exist
CRITICAL - 2022-06-20 20:53:58 --> Call to a member function getResult() on bool
#0 C:\xampp\htdocs\RamirezAlfredo-P1\app\Controllers\CarritoController.php(223): App\Controllers\CarritoController->mostrar_compra('')
#1 C:\xampp\htdocs\RamirezAlfredo-P1\app\Controllers\CarritoController.php(123): App\Controllers\CarritoController->comprar_carrito()
#2 C:\xampp\htdocs\RamirezAlfredo-P1\system\CodeIgniter.php(832): App\Controllers\CarritoController->verificar_compra()
#3 C:\xampp\htdocs\RamirezAlfredo-P1\system\CodeIgniter.php(419): CodeIgniter\CodeIgniter->runController(Object(App\Controllers\CarritoController))
#4 C:\xampp\htdocs\RamirezAlfredo-P1\system\CodeIgniter.php(326): CodeIgniter\CodeIgniter->handleRequest(NULL, Object(Config\Cache), false)
#5 C:\xampp\htdocs\RamirezAlfredo-P1\index.php(37): CodeIgniter\CodeIgniter->run()
#6 {main}
ERROR - 2022-06-20 20:54:32 --> Unknown column 'total_venta' in 'field list'
ERROR - 2022-06-20 20:54:32 --> Table 'ramirezalfredo-p1.ventas_detalle' doesn't exist
CRITICAL - 2022-06-20 20:54:32 --> Call to a member function getResult() on bool
#0 C:\xampp\htdocs\RamirezAlfredo-P1\app\Controllers\CarritoController.php(213): App\Controllers\CarritoController->mostrar_compra('')
#1 C:\xampp\htdocs\RamirezAlfredo-P1\app\Controllers\CarritoController.php(123): App\Controllers\CarritoController->comprar_carrito()
#2 C:\xampp\htdocs\RamirezAlfredo-P1\system\CodeIgniter.php(832): App\Controllers\CarritoController->verificar_compra()
#3 C:\xampp\htdocs\RamirezAlfredo-P1\system\CodeIgniter.php(419): CodeIgniter\CodeIgniter->runController(Object(App\Controllers\CarritoController))
#4 C:\xampp\htdocs\RamirezAlfredo-P1\system\CodeIgniter.php(326): CodeIgniter\CodeIgniter->handleRequest(NULL, Object(Config\Cache), false)
#5 C:\xampp\htdocs\RamirezAlfredo-P1\index.php(37): CodeIgniter\CodeIgniter->run()
#6 {main}
ERROR - 2022-06-20 20:57:03 --> Unknown column 'total_venta' in 'field list'
ERROR - 2022-06-20 20:57:03 --> Unknown column 'ventas_detalle.id_ventas' in 'on clause'
CRITICAL - 2022-06-20 20:57:03 --> Call to a member function getResult() on bool
#0 C:\xampp\htdocs\RamirezAlfredo-P1\app\Controllers\CarritoController.php(213): App\Controllers\CarritoController->mostrar_compra('')
#1 C:\xampp\htdocs\RamirezAlfredo-P1\app\Controllers\CarritoController.php(123): App\Controllers\CarritoController->comprar_carrito()
#2 C:\xampp\htdocs\RamirezAlfredo-P1\system\CodeIgniter.php(832): App\Controllers\CarritoController->verificar_compra()
#3 C:\xampp\htdocs\RamirezAlfredo-P1\system\CodeIgniter.php(419): CodeIgniter\CodeIgniter->runController(Object(App\Controllers\CarritoController))
#4 C:\xampp\htdocs\RamirezAlfredo-P1\system\CodeIgniter.php(326): CodeIgniter\CodeIgniter->handleRequest(NULL, Object(Config\Cache), false)
#5 C:\xampp\htdocs\RamirezAlfredo-P1\index.php(37): CodeIgniter\CodeIgniter->run()
#6 {main}
ERROR - 2022-06-20 20:58:42 --> Unknown column 'total_venta' in 'field list'
ERROR - 2022-06-20 20:58:42 --> Unknown column 'ventas_detalle.id_ventas' in 'on clause'
CRITICAL - 2022-06-20 20:58:42 --> Call to a member function getResult() on bool
#0 C:\xampp\htdocs\RamirezAlfredo-P1\app\Controllers\CarritoController.php(213): App\Controllers\CarritoController->mostrar_compra('')
#1 C:\xampp\htdocs\RamirezAlfredo-P1\app\Controllers\CarritoController.php(123): App\Controllers\CarritoController->comprar_carrito()
#2 C:\xampp\htdocs\RamirezAlfredo-P1\system\CodeIgniter.php(832): App\Controllers\CarritoController->verificar_compra()
#3 C:\xampp\htdocs\RamirezAlfredo-P1\system\CodeIgniter.php(419): CodeIgniter\CodeIgniter->runController(Object(App\Controllers\CarritoController))
#4 C:\xampp\htdocs\RamirezAlfredo-P1\system\CodeIgniter.php(326): CodeIgniter\CodeIgniter->handleRequest(NULL, Object(Config\Cache), false)
#5 C:\xampp\htdocs\RamirezAlfredo-P1\index.php(37): CodeIgniter\CodeIgniter->run()
#6 {main}
ERROR - 2022-06-20 20:58:46 --> Unknown column 'total_venta' in 'field list'
ERROR - 2022-06-20 20:58:46 --> Unknown column 'ventas_detalle.id_ventas' in 'on clause'
CRITICAL - 2022-06-20 20:58:46 --> Call to a member function getResult() on bool
#0 C:\xampp\htdocs\RamirezAlfredo-P1\app\Controllers\CarritoController.php(213): App\Controllers\CarritoController->mostrar_compra('')
#1 C:\xampp\htdocs\RamirezAlfredo-P1\app\Controllers\CarritoController.php(123): App\Controllers\CarritoController->comprar_carrito()
#2 C:\xampp\htdocs\RamirezAlfredo-P1\system\CodeIgniter.php(832): App\Controllers\CarritoController->verificar_compra()
#3 C:\xampp\htdocs\RamirezAlfredo-P1\system\CodeIgniter.php(419): CodeIgniter\CodeIgniter->runController(Object(App\Controllers\CarritoController))
#4 C:\xampp\htdocs\RamirezAlfredo-P1\system\CodeIgniter.php(326): CodeIgniter\CodeIgniter->handleRequest(NULL, Object(Config\Cache), false)
#5 C:\xampp\htdocs\RamirezAlfredo-P1\index.php(37): CodeIgniter\CodeIgniter->run()
#6 {main}
ERROR - 2022-06-20 21:01:04 --> Unknown column 'total_venta' in 'field list'
ERROR - 2022-06-20 21:01:05 --> Unknown column 'ventas_detalle.id_ventas' in 'on clause'
CRITICAL - 2022-06-20 21:01:05 --> Call to a member function getResult() on bool
#0 C:\xampp\htdocs\RamirezAlfredo-P1\app\Controllers\CarritoController.php(213): App\Controllers\CarritoController->mostrar_compra('')
#1 C:\xampp\htdocs\RamirezAlfredo-P1\app\Controllers\CarritoController.php(123): App\Controllers\CarritoController->comprar_carrito()
#2 C:\xampp\htdocs\RamirezAlfredo-P1\system\CodeIgniter.php(832): App\Controllers\CarritoController->verificar_compra()
#3 C:\xampp\htdocs\RamirezAlfredo-P1\system\CodeIgniter.php(419): CodeIgniter\CodeIgniter->runController(Object(App\Controllers\CarritoController))
#4 C:\xampp\htdocs\RamirezAlfredo-P1\system\CodeIgniter.php(326): CodeIgniter\CodeIgniter->handleRequest(NULL, Object(Config\Cache), false)
#5 C:\xampp\htdocs\RamirezAlfredo-P1\index.php(37): CodeIgniter\CodeIgniter->run()
#6 {main}
ERROR - 2022-06-20 21:01:51 --> Unknown column 'total_venta' in 'field list'
ERROR - 2022-06-20 21:01:51 --> Unknown column 'ventas_detalle.id_ventas' in 'on clause'
CRITICAL - 2022-06-20 21:01:51 --> Call to a member function getResult() on bool
#0 C:\xampp\htdocs\RamirezAlfredo-P1\app\Controllers\CarritoController.php(213): App\Controllers\CarritoController->mostrar_compra('')
#1 C:\xampp\htdocs\RamirezAlfredo-P1\app\Controllers\CarritoController.php(123): App\Controllers\CarritoController->comprar_carrito()
#2 C:\xampp\htdocs\RamirezAlfredo-P1\system\CodeIgniter.php(832): App\Controllers\CarritoController->verificar_compra()
#3 C:\xampp\htdocs\RamirezAlfredo-P1\system\CodeIgniter.php(419): CodeIgniter\CodeIgniter->runController(Object(App\Controllers\CarritoController))
#4 C:\xampp\htdocs\RamirezAlfredo-P1\system\CodeIgniter.php(326): CodeIgniter\CodeIgniter->handleRequest(NULL, Object(Config\Cache), false)
#5 C:\xampp\htdocs\RamirezAlfredo-P1\index.php(37): CodeIgniter\CodeIgniter->run()
#6 {main}
ERROR - 2022-06-20 21:49:43 --> Unknown column 'total_venta' in 'field list'
ERROR - 2022-06-20 21:49:43 --> Unknown column 'ventas_detalle.id_ventas' in 'on clause'
CRITICAL - 2022-06-20 21:49:43 --> Call to a member function getResult() on bool
#0 C:\xampp\htdocs\RamirezAlfredo-P1\app\Controllers\CarritoController.php(213): App\Controllers\CarritoController->mostrar_compra('')
#1 C:\xampp\htdocs\RamirezAlfredo-P1\app\Controllers\CarritoController.php(123): App\Controllers\CarritoController->comprar_carrito()
#2 C:\xampp\htdocs\RamirezAlfredo-P1\system\CodeIgniter.php(832): App\Controllers\CarritoController->verificar_compra()
#3 C:\xampp\htdocs\RamirezAlfredo-P1\system\CodeIgniter.php(419): CodeIgniter\CodeIgniter->runController(Object(App\Controllers\CarritoController))
#4 C:\xampp\htdocs\RamirezAlfredo-P1\system\CodeIgniter.php(326): CodeIgniter\CodeIgniter->handleRequest(NULL, Object(Config\Cache), false)
#5 C:\xampp\htdocs\RamirezAlfredo-P1\index.php(37): CodeIgniter\CodeIgniter->run()
#6 {main}
ERROR - 2022-06-20 21:50:54 --> Unknown column 'total_venta' in 'field list'
ERROR - 2022-06-20 21:50:54 --> Unknown column 'ventas_detalle.id_ventas' in 'on clause'
CRITICAL - 2022-06-20 21:50:54 --> Call to a member function getResult() on bool
#0 C:\xampp\htdocs\RamirezAlfredo-P1\app\Controllers\CarritoController.php(213): App\Controllers\CarritoController->mostrar_compra('')
#1 C:\xampp\htdocs\RamirezAlfredo-P1\app\Controllers\CarritoController.php(123): App\Controllers\CarritoController->comprar_carrito()
#2 C:\xampp\htdocs\RamirezAlfredo-P1\system\CodeIgniter.php(832): App\Controllers\CarritoController->verificar_compra()
#3 C:\xampp\htdocs\RamirezAlfredo-P1\system\CodeIgniter.php(419): CodeIgniter\CodeIgniter->runController(Object(App\Controllers\CarritoController))
#4 C:\xampp\htdocs\RamirezAlfredo-P1\system\CodeIgniter.php(326): CodeIgniter\CodeIgniter->handleRequest(NULL, Object(Config\Cache), false)
#5 C:\xampp\htdocs\RamirezAlfredo-P1\index.php(37): CodeIgniter\CodeIgniter->run()
#6 {main}
ERROR - 2022-06-20 21:52:19 --> Unknown column 'total_venta' in 'field list'
ERROR - 2022-06-20 21:52:19 --> Unknown column 'ventas_detalle.id_ventas' in 'on clause'
CRITICAL - 2022-06-20 21:52:19 --> Call to a member function getResult() on bool
#0 C:\xampp\htdocs\RamirezAlfredo-P1\app\Controllers\CarritoController.php(206): App\Controllers\CarritoController->mostrar_compra('')
#1 C:\xampp\htdocs\RamirezAlfredo-P1\app\Controllers\CarritoController.php(123): App\Controllers\CarritoController->comprar_carrito()
#2 C:\xampp\htdocs\RamirezAlfredo-P1\system\CodeIgniter.php(832): App\Controllers\CarritoController->verificar_compra()
#3 C:\xampp\htdocs\RamirezAlfredo-P1\system\CodeIgniter.php(419): CodeIgniter\CodeIgniter->runController(Object(App\Controllers\CarritoController))
#4 C:\xampp\htdocs\RamirezAlfredo-P1\system\CodeIgniter.php(326): CodeIgniter\CodeIgniter->handleRequest(NULL, Object(Config\Cache), false)
#5 C:\xampp\htdocs\RamirezAlfredo-P1\index.php(37): CodeIgniter\CodeIgniter->run()
#6 {main}
ERROR - 2022-06-20 21:52:25 --> Unknown column 'total_venta' in 'field list'
ERROR - 2022-06-20 21:52:25 --> Unknown column 'ventas_detalle.id_ventas' in 'on clause'
CRITICAL - 2022-06-20 21:52:25 --> Call to a member function getResult() on bool
#0 C:\xampp\htdocs\RamirezAlfredo-P1\app\Controllers\CarritoController.php(206): App\Controllers\CarritoController->mostrar_compra('')
#1 C:\xampp\htdocs\RamirezAlfredo-P1\app\Controllers\CarritoController.php(123): App\Controllers\CarritoController->comprar_carrito()
#2 C:\xampp\htdocs\RamirezAlfredo-P1\system\CodeIgniter.php(832): App\Controllers\CarritoController->verificar_compra()
#3 C:\xampp\htdocs\RamirezAlfredo-P1\system\CodeIgniter.php(419): CodeIgniter\CodeIgniter->runController(Object(App\Controllers\CarritoController))
#4 C:\xampp\htdocs\RamirezAlfredo-P1\system\CodeIgniter.php(326): CodeIgniter\CodeIgniter->handleRequest(NULL, Object(Config\Cache), false)
#5 C:\xampp\htdocs\RamirezAlfredo-P1\index.php(37): CodeIgniter\CodeIgniter->run()
#6 {main}
ERROR - 2022-06-20 21:52:51 --> Unknown column 'total_venta' in 'field list'
ERROR - 2022-06-20 21:52:51 --> Unknown column 'ventas_detalle.id_ventas' in 'on clause'
CRITICAL - 2022-06-20 21:52:51 --> Invalid argument supplied for foreach()
#0 C:\xampp\htdocs\RamirezAlfredo-P1\app\Views\carrito\compra_realizada.php(10): CodeIgniter\Debug\Exceptions->errorHandler(2, 'Invalid argumen...', 'C:\\xampp\\htdocs...', 10, Array)
#1 C:\xampp\htdocs\RamirezAlfredo-P1\system\View\View.php(210): include('C:\\xampp\\htdocs...')
#2 C:\xampp\htdocs\RamirezAlfredo-P1\system\View\View.php(213): CodeIgniter\View\View->CodeIgniter\View\{closure}()
#3 C:\xampp\htdocs\RamirezAlfredo-P1\system\Common.php(1089): CodeIgniter\View\View->render('carrito/compra_...', Array, true)
#4 C:\xampp\htdocs\RamirezAlfredo-P1\app\Controllers\CarritoController.php(210): view('carrito/compra_...', Array)
#5 C:\xampp\htdocs\RamirezAlfredo-P1\app\Controllers\CarritoController.php(123): App\Controllers\CarritoController->comprar_carrito()
#6 C:\xampp\htdocs\RamirezAlfredo-P1\system\CodeIgniter.php(832): App\Controllers\CarritoController->verificar_compra()
#7 C:\xampp\htdocs\RamirezAlfredo-P1\system\CodeIgniter.php(419): CodeIgniter\CodeIgniter->runController(Object(App\Controllers\CarritoController))
#8 C:\xampp\htdocs\RamirezAlfredo-P1\system\CodeIgniter.php(326): CodeIgniter\CodeIgniter->handleRequest(NULL, Object(Config\Cache), false)
#9 C:\xampp\htdocs\RamirezAlfredo-P1\index.php(37): CodeIgniter\CodeIgniter->run()
#10 {main}
ERROR - 2022-06-20 21:53:42 --> Unknown column 'total_venta' in 'field list'
ERROR - 2022-06-20 21:53:42 --> Unknown column 'ventas_detalle.id_ventas' in 'on clause'
CRITICAL - 2022-06-20 21:53:42 --> Call to a member function getResult() on bool
#0 C:\xampp\htdocs\RamirezAlfredo-P1\app\Controllers\CarritoController.php(206): App\Controllers\CarritoController->mostrar_compra('')
#1 C:\xampp\htdocs\RamirezAlfredo-P1\app\Controllers\CarritoController.php(123): App\Controllers\CarritoController->comprar_carrito()
#2 C:\xampp\htdocs\RamirezAlfredo-P1\system\CodeIgniter.php(832): App\Controllers\CarritoController->verificar_compra()
#3 C:\xampp\htdocs\RamirezAlfredo-P1\system\CodeIgniter.php(419): CodeIgniter\CodeIgniter->runController(Object(App\Controllers\CarritoController))
#4 C:\xampp\htdocs\RamirezAlfredo-P1\system\CodeIgniter.php(326): CodeIgniter\CodeIgniter->handleRequest(NULL, Object(Config\Cache), false)
#5 C:\xampp\htdocs\RamirezAlfredo-P1\index.php(37): CodeIgniter\CodeIgniter->run()
#6 {main}
ERROR - 2022-06-20 21:54:38 --> Unknown column 'total_venta' in 'field list'
ERROR - 2022-06-20 21:54:39 --> Unknown column 'ventas_detalle.id_ventas' in 'on clause'
CRITICAL - 2022-06-20 21:54:39 --> Trying to get property 'id_ventas' of non-object
#0 C:\xampp\htdocs\RamirezAlfredo-P1\app\Views\carrito\compra_realizada.php(19): CodeIgniter\Debug\Exceptions->errorHandler(8, 'Trying to get p...', 'C:\\xampp\\htdocs...', 19, Array)
#1 C:\xampp\htdocs\RamirezAlfredo-P1\system\View\View.php(210): include('C:\\xampp\\htdocs...')
#2 C:\xampp\htdocs\RamirezAlfredo-P1\system\View\View.php(213): CodeIgniter\View\View->CodeIgniter\View\{closure}()
#3 C:\xampp\htdocs\RamirezAlfredo-P1\system\Common.php(1089): CodeIgniter\View\View->render('carrito/compra_...', Array, true)
#4 C:\xampp\htdocs\RamirezAlfredo-P1\app\Controllers\CarritoController.php(210): view('carrito/compra_...', Array)
#5 C:\xampp\htdocs\RamirezAlfredo-P1\app\Controllers\CarritoController.php(123): App\Controllers\CarritoController->comprar_carrito()
#6 C:\xampp\htdocs\RamirezAlfredo-P1\system\CodeIgniter.php(832): App\Controllers\CarritoController->verificar_compra()
#7 C:\xampp\htdocs\RamirezAlfredo-P1\system\CodeIgniter.php(419): CodeIgniter\CodeIgniter->runController(Object(App\Controllers\CarritoController))
#8 C:\xampp\htdocs\RamirezAlfredo-P1\system\CodeIgniter.php(326): CodeIgniter\CodeIgniter->handleRequest(NULL, Object(Config\Cache), false)
#9 C:\xampp\htdocs\RamirezAlfredo-P1\index.php(37): CodeIgniter\CodeIgniter->run()
#10 {main}
ERROR - 2022-06-20 21:54:59 --> Unknown column 'total_venta' in 'field list'
ERROR - 2022-06-20 21:54:59 --> Unknown column 'ventas_detalle.id_ventas' in 'on clause'
CRITICAL - 2022-06-20 21:54:59 --> Call to a member function getResult() on bool
#0 C:\xampp\htdocs\RamirezAlfredo-P1\app\Controllers\CarritoController.php(206): App\Controllers\CarritoController->mostrar_compra('')
#1 C:\xampp\htdocs\RamirezAlfredo-P1\app\Controllers\CarritoController.php(123): App\Controllers\CarritoController->comprar_carrito()
#2 C:\xampp\htdocs\RamirezAlfredo-P1\system\CodeIgniter.php(832): App\Controllers\CarritoController->verificar_compra()
#3 C:\xampp\htdocs\RamirezAlfredo-P1\system\CodeIgniter.php(419): CodeIgniter\CodeIgniter->runController(Object(App\Controllers\CarritoController))
#4 C:\xampp\htdocs\RamirezAlfredo-P1\system\CodeIgniter.php(326): CodeIgniter\CodeIgniter->handleRequest(NULL, Object(Config\Cache), false)
#5 C:\xampp\htdocs\RamirezAlfredo-P1\index.php(37): CodeIgniter\CodeIgniter->run()
#6 {main}
ERROR - 2022-06-20 21:55:24 --> Unknown column 'total_venta' in 'field list'
ERROR - 2022-06-20 21:55:24 --> Unknown column 'ventas_detalle.id_ventas' in 'on clause'
CRITICAL - 2022-06-20 21:55:24 --> Call to a member function getResult() on bool
#0 C:\xampp\htdocs\RamirezAlfredo-P1\app\Controllers\CarritoController.php(206): App\Controllers\CarritoController->mostrar_compra('')
#1 C:\xampp\htdocs\RamirezAlfredo-P1\app\Controllers\CarritoController.php(123): App\Controllers\CarritoController->comprar_carrito()
#2 C:\xampp\htdocs\RamirezAlfredo-P1\system\CodeIgniter.php(832): App\Controllers\CarritoController->verificar_compra()
#3 C:\xampp\htdocs\RamirezAlfredo-P1\system\CodeIgniter.php(419): CodeIgniter\CodeIgniter->runController(Object(App\Controllers\CarritoController))
#4 C:\xampp\htdocs\RamirezAlfredo-P1\system\CodeIgniter.php(326): CodeIgniter\CodeIgniter->handleRequest(NULL, Object(Config\Cache), false)
#5 C:\xampp\htdocs\RamirezAlfredo-P1\index.php(37): CodeIgniter\CodeIgniter->run()
#6 {main}
ERROR - 2022-06-20 21:55:33 --> Unknown column 'total_venta' in 'field list'
ERROR - 2022-06-20 21:55:33 --> Unknown column 'ventas_detalle.id_ventas' in 'on clause'
CRITICAL - 2022-06-20 21:55:33 --> Call to a member function getResult() on bool
#0 C:\xampp\htdocs\RamirezAlfredo-P1\app\Controllers\CarritoController.php(206): App\Controllers\CarritoController->mostrar_compra('')
#1 C:\xampp\htdocs\RamirezAlfredo-P1\app\Controllers\CarritoController.php(123): App\Controllers\CarritoController->comprar_carrito()
#2 C:\xampp\htdocs\RamirezAlfredo-P1\system\CodeIgniter.php(832): App\Controllers\CarritoController->verificar_compra()
#3 C:\xampp\htdocs\RamirezAlfredo-P1\system\CodeIgniter.php(419): CodeIgniter\CodeIgniter->runController(Object(App\Controllers\CarritoController))
#4 C:\xampp\htdocs\RamirezAlfredo-P1\system\CodeIgniter.php(326): CodeIgniter\CodeIgniter->handleRequest(NULL, Object(Config\Cache), false)
#5 C:\xampp\htdocs\RamirezAlfredo-P1\index.php(37): CodeIgniter\CodeIgniter->run()
#6 {main}
ERROR - 2022-06-20 21:55:37 --> Unknown column 'total_venta' in 'field list'
ERROR - 2022-06-20 21:55:37 --> Unknown column 'ventas_detalle.id_ventas' in 'on clause'
CRITICAL - 2022-06-20 21:55:37 --> Call to a member function getResult() on bool
#0 C:\xampp\htdocs\RamirezAlfredo-P1\app\Controllers\CarritoController.php(206): App\Controllers\CarritoController->mostrar_compra('')
#1 C:\xampp\htdocs\RamirezAlfredo-P1\app\Controllers\CarritoController.php(123): App\Controllers\CarritoController->comprar_carrito()
#2 C:\xampp\htdocs\RamirezAlfredo-P1\system\CodeIgniter.php(832): App\Controllers\CarritoController->verificar_compra()
#3 C:\xampp\htdocs\RamirezAlfredo-P1\system\CodeIgniter.php(419): CodeIgniter\CodeIgniter->runController(Object(App\Controllers\CarritoController))
#4 C:\xampp\htdocs\RamirezAlfredo-P1\system\CodeIgniter.php(326): CodeIgniter\CodeIgniter->handleRequest(NULL, Object(Config\Cache), false)
#5 C:\xampp\htdocs\RamirezAlfredo-P1\index.php(37): CodeIgniter\CodeIgniter->run()
#6 {main}
ERROR - 2022-06-20 21:55:51 --> Unknown column 'total_venta' in 'field list'
ERROR - 2022-06-20 21:55:51 --> Unknown column 'ventas_detalle.id_ventas' in 'on clause'
CRITICAL - 2022-06-20 21:55:51 --> Invalid argument supplied for foreach()
#0 C:\xampp\htdocs\RamirezAlfredo-P1\app\Views\carrito\compra_realizada.php(10): CodeIgniter\Debug\Exceptions->errorHandler(2, 'Invalid argumen...', 'C:\\xampp\\htdocs...', 10, Array)
#1 C:\xampp\htdocs\RamirezAlfredo-P1\system\View\View.php(210): include('C:\\xampp\\htdocs...')
#2 C:\xampp\htdocs\RamirezAlfredo-P1\system\View\View.php(213): CodeIgniter\View\View->CodeIgniter\View\{closure}()
#3 C:\xampp\htdocs\RamirezAlfredo-P1\system\Common.php(1089): CodeIgniter\View\View->render('carrito/compra_...', Array, true)
#4 C:\xampp\htdocs\RamirezAlfredo-P1\app\Controllers\CarritoController.php(210): view('carrito/compra_...', Array)
#5 C:\xampp\htdocs\RamirezAlfredo-P1\app\Controllers\CarritoController.php(123): App\Controllers\CarritoController->comprar_carrito()
#6 C:\xampp\htdocs\RamirezAlfredo-P1\system\CodeIgniter.php(832): App\Controllers\CarritoController->verificar_compra()
#7 C:\xampp\htdocs\RamirezAlfredo-P1\system\CodeIgniter.php(419): CodeIgniter\CodeIgniter->runController(Object(App\Controllers\CarritoController))
#8 C:\xampp\htdocs\RamirezAlfredo-P1\system\CodeIgniter.php(326): CodeIgniter\CodeIgniter->handleRequest(NULL, Object(Config\Cache), false)
#9 C:\xampp\htdocs\RamirezAlfredo-P1\index.php(37): CodeIgniter\CodeIgniter->run()
#10 {main}
ERROR - 2022-06-20 21:55:54 --> Unknown column 'total_venta' in 'field list'
ERROR - 2022-06-20 21:55:54 --> Unknown column 'ventas_detalle.id_ventas' in 'on clause'
CRITICAL - 2022-06-20 21:55:54 --> Invalid argument supplied for foreach()
#0 C:\xampp\htdocs\RamirezAlfredo-P1\app\Views\carrito\compra_realizada.php(10): CodeIgniter\Debug\Exceptions->errorHandler(2, 'Invalid argumen...', 'C:\\xampp\\htdocs...', 10, Array)
#1 C:\xampp\htdocs\RamirezAlfredo-P1\system\View\View.php(210): include('C:\\xampp\\htdocs...')
#2 C:\xampp\htdocs\RamirezAlfredo-P1\system\View\View.php(213): CodeIgniter\View\View->CodeIgniter\View\{closure}()
#3 C:\xampp\htdocs\RamirezAlfredo-P1\system\Common.php(1089): CodeIgniter\View\View->render('carrito/compra_...', Array, true)
#4 C:\xampp\htdocs\RamirezAlfredo-P1\app\Controllers\CarritoController.php(210): view('carrito/compra_...', Array)
#5 C:\xampp\htdocs\RamirezAlfredo-P1\app\Controllers\CarritoController.php(123): App\Controllers\CarritoController->comprar_carrito()
#6 C:\xampp\htdocs\RamirezAlfredo-P1\system\CodeIgniter.php(832): App\Controllers\CarritoController->verificar_compra()
#7 C:\xampp\htdocs\RamirezAlfredo-P1\system\CodeIgniter.php(419): CodeIgniter\CodeIgniter->runController(Object(App\Controllers\CarritoController))
#8 C:\xampp\htdocs\RamirezAlfredo-P1\system\CodeIgniter.php(326): CodeIgniter\CodeIgniter->handleRequest(NULL, Object(Config\Cache), false)
#9 C:\xampp\htdocs\RamirezAlfredo-P1\index.php(37): CodeIgniter\CodeIgniter->run()
#10 {main}
ERROR - 2022-06-20 21:57:17 --> Unknown column 'total_venta' in 'field list'
ERROR - 2022-06-20 21:57:17 --> Unknown column 'ventas_detalle.id_ventas' in 'on clause'
CRITICAL - 2022-06-20 21:57:17 --> Call to a member function getResult() on bool
#0 C:\xampp\htdocs\RamirezAlfredo-P1\app\Controllers\CarritoController.php(206): App\Controllers\CarritoController->mostrar_compra('')
#1 C:\xampp\htdocs\RamirezAlfredo-P1\app\Controllers\CarritoController.php(123): App\Controllers\CarritoController->comprar_carrito()
#2 C:\xampp\htdocs\RamirezAlfredo-P1\system\CodeIgniter.php(832): App\Controllers\CarritoController->verificar_compra()
#3 C:\xampp\htdocs\RamirezAlfredo-P1\system\CodeIgniter.php(419): CodeIgniter\CodeIgniter->runController(Object(App\Controllers\CarritoController))
#4 C:\xampp\htdocs\RamirezAlfredo-P1\system\CodeIgniter.php(326): CodeIgniter\CodeIgniter->handleRequest(NULL, Object(Config\Cache), false)
#5 C:\xampp\htdocs\RamirezAlfredo-P1\index.php(37): CodeIgniter\CodeIgniter->run()
#6 {main}
ERROR - 2022-06-20 22:01:00 --> Cannot add or update a child row: a foreign key constraint fails (`ramirezalfredo-p1`.`cabecera_ventas`, CONSTRAINT `cabecera_ventas_ibfk_1` FOREIGN KEY (`id_ventas`) REFERENCES `detalle_ventas` (`id_ventas`) ON DELETE CASCADE ON UPDATE CASCADE)
ERROR - 2022-06-20 22:01:00 --> Unknown column 'ventas_detalle.id_ventas' in 'on clause'
CRITICAL - 2022-06-20 22:01:00 --> Call to a member function getResult() on bool
#0 C:\xampp\htdocs\RamirezAlfredo-P1\app\Controllers\CarritoController.php(206): App\Controllers\CarritoController->mostrar_compra('')
#1 C:\xampp\htdocs\RamirezAlfredo-P1\app\Controllers\CarritoController.php(123): App\Controllers\CarritoController->comprar_carrito()
#2 C:\xampp\htdocs\RamirezAlfredo-P1\system\CodeIgniter.php(832): App\Controllers\CarritoController->verificar_compra()
#3 C:\xampp\htdocs\RamirezAlfredo-P1\system\CodeIgniter.php(419): CodeIgniter\CodeIgniter->runController(Object(App\Controllers\CarritoController))
#4 C:\xampp\htdocs\RamirezAlfredo-P1\system\CodeIgniter.php(326): CodeIgniter\CodeIgniter->handleRequest(NULL, Object(Config\Cache), false)
#5 C:\xampp\htdocs\RamirezAlfredo-P1\index.php(37): CodeIgniter\CodeIgniter->run()
#6 {main}
ERROR - 2022-06-20 22:01:16 --> Cannot add or update a child row: a foreign key constraint fails (`ramirezalfredo-p1`.`cabecera_ventas`, CONSTRAINT `cabecera_ventas_ibfk_1` FOREIGN KEY (`id_ventas`) REFERENCES `detalle_ventas` (`id_ventas`) ON DELETE CASCADE ON UPDATE CASCADE)
ERROR - 2022-06-20 22:01:16 --> You have an error in your SQL syntax; check the manual that corresponds to your MariaDB server version for the right syntax to use near ':0:' at line 3
CRITICAL - 2022-06-20 22:01:16 --> Call to a member function getResult() on bool
#0 C:\xampp\htdocs\RamirezAlfredo-P1\system\BaseModel.php(584): CodeIgniter\Model->doFindAll(0, 0)
#1 C:\xampp\htdocs\RamirezAlfredo-P1\app\Controllers\CarritoController.php(168): CodeIgniter\BaseModel->findAll()
#2 C:\xampp\htdocs\RamirezAlfredo-P1\app\Controllers\CarritoController.php(123): App\Controllers\CarritoController->comprar_carrito()
#3 C:\xampp\htdocs\RamirezAlfredo-P1\system\CodeIgniter.php(832): App\Controllers\CarritoController->verificar_compra()
#4 C:\xampp\htdocs\RamirezAlfredo-P1\system\CodeIgniter.php(419): CodeIgniter\CodeIgniter->runController(Object(App\Controllers\CarritoController))
#5 C:\xampp\htdocs\RamirezAlfredo-P1\system\CodeIgniter.php(326): CodeIgniter\CodeIgniter->handleRequest(NULL, Object(Config\Cache), false)
#6 C:\xampp\htdocs\RamirezAlfredo-P1\index.php(37): CodeIgniter\CodeIgniter->run()
#7 {main}
ERROR - 2022-06-20 22:01:54 --> Cannot add or update a child row: a foreign key constraint fails (`ramirezalfredo-p1`.`cabecera_ventas`, CONSTRAINT `cabecera_ventas_ibfk_1` FOREIGN KEY (`id_ventas`) REFERENCES `detalle_ventas` (`id_ventas`) ON DELETE CASCADE ON UPDATE CASCADE)
ERROR - 2022-06-20 22:01:54 --> You have an error in your SQL syntax; check the manual that corresponds to your MariaDB server version for the right syntax to use near ':0:' at line 3
CRITICAL - 2022-06-20 22:01:54 --> Call to a member function getResult() on bool
#0 C:\xampp\htdocs\RamirezAlfredo-P1\system\BaseModel.php(584): CodeIgniter\Model->doFindAll(0, 0)
#1 C:\xampp\htdocs\RamirezAlfredo-P1\app\Controllers\CarritoController.php(168): CodeIgniter\BaseModel->findAll()
#2 C:\xampp\htdocs\RamirezAlfredo-P1\app\Controllers\CarritoController.php(123): App\Controllers\CarritoController->comprar_carrito()
#3 C:\xampp\htdocs\RamirezAlfredo-P1\system\CodeIgniter.php(832): App\Controllers\CarritoController->verificar_compra()
#4 C:\xampp\htdocs\RamirezAlfredo-P1\system\CodeIgniter.php(419): CodeIgniter\CodeIgniter->runController(Object(App\Controllers\CarritoController))
#5 C:\xampp\htdocs\RamirezAlfredo-P1\system\CodeIgniter.php(326): CodeIgniter\CodeIgniter->handleRequest(NULL, Object(Config\Cache), false)
#6 C:\xampp\htdocs\RamirezAlfredo-P1\index.php(37): CodeIgniter\CodeIgniter->run()
#7 {main}
ERROR - 2022-06-20 22:02:51 --> Cannot add or update a child row: a foreign key constraint fails (`ramirezalfredo-p1`.`cabecera_ventas`, CONSTRAINT `cabecera_ventas_ibfk_1` FOREIGN KEY (`id_ventas`) REFERENCES `detalle_ventas` (`id_ventas`) ON DELETE CASCADE ON UPDATE CASCADE)
ERROR - 2022-06-20 22:02:51 --> You have an error in your SQL syntax; check the manual that corresponds to your MariaDB server version for the right syntax to use near ':0:' at line 3
CRITICAL - 2022-06-20 22:02:51 --> Call to a member function getResult() on bool
#0 C:\xampp\htdocs\RamirezAlfredo-P1\system\BaseModel.php(584): CodeIgniter\Model->doFindAll(0, 0)
#1 C:\xampp\htdocs\RamirezAlfredo-P1\app\Controllers\CarritoController.php(168): CodeIgniter\BaseModel->findAll()
#2 C:\xampp\htdocs\RamirezAlfredo-P1\app\Controllers\CarritoController.php(123): App\Controllers\CarritoController->comprar_carrito()
#3 C:\xampp\htdocs\RamirezAlfredo-P1\system\CodeIgniter.php(832): App\Controllers\CarritoController->verificar_compra()
#4 C:\xampp\htdocs\RamirezAlfredo-P1\system\CodeIgniter.php(419): CodeIgniter\CodeIgniter->runController(Object(App\Controllers\CarritoController))
#5 C:\xampp\htdocs\RamirezAlfredo-P1\system\CodeIgniter.php(326): CodeIgniter\CodeIgniter->handleRequest(NULL, Object(Config\Cache), false)
#6 C:\xampp\htdocs\RamirezAlfredo-P1\index.php(37): CodeIgniter\CodeIgniter->run()
#7 {main}
ERROR - 2022-06-20 22:03:36 --> Cannot add or update a child row: a foreign key constraint fails (`ramirezalfredo-p1`.`cabecera_ventas`, CONSTRAINT `cabecera_ventas_ibfk_1` FOREIGN KEY (`id_ventas`) REFERENCES `detalle_ventas` (`id_ventas`) ON DELETE CASCADE ON UPDATE CASCADE)
ERROR - 2022-06-20 22:03:36 --> You have an error in your SQL syntax; check the manual that corresponds to your MariaDB server version for the right syntax to use near ':0:' at line 3
CRITICAL - 2022-06-20 22:03:36 --> Call to a member function getResult() on bool
#0 C:\xampp\htdocs\RamirezAlfredo-P1\system\BaseModel.php(584): CodeIgniter\Model->doFindAll(0, 0)
#1 C:\xampp\htdocs\RamirezAlfredo-P1\app\Controllers\CarritoController.php(168): CodeIgniter\BaseModel->findAll()
#2 C:\xampp\htdocs\RamirezAlfredo-P1\app\Controllers\CarritoController.php(123): App\Controllers\CarritoController->comprar_carrito()
#3 C:\xampp\htdocs\RamirezAlfredo-P1\system\CodeIgniter.php(832): App\Controllers\CarritoController->verificar_compra()
#4 C:\xampp\htdocs\RamirezAlfredo-P1\system\CodeIgniter.php(419): CodeIgniter\CodeIgniter->runController(Object(App\Controllers\CarritoController))
#5 C:\xampp\htdocs\RamirezAlfredo-P1\system\CodeIgniter.php(326): CodeIgniter\CodeIgniter->handleRequest(NULL, Object(Config\Cache), false)
#6 C:\xampp\htdocs\RamirezAlfredo-P1\index.php(37): CodeIgniter\CodeIgniter->run()
#7 {main}
ERROR - 2022-06-20 22:04:06 --> Cannot add or update a child row: a foreign key constraint fails (`ramirezalfredo-p1`.`cabecera_ventas`, CONSTRAINT `cabecera_ventas_ibfk_1` FOREIGN KEY (`id_ventas`) REFERENCES `detalle_ventas` (`id_ventas`) ON DELETE CASCADE ON UPDATE CASCADE)
ERROR - 2022-06-20 22:04:06 --> Unknown column 'ventas_detalle.id_ventas' in 'on clause'
CRITICAL - 2022-06-20 22:04:06 --> Call to a member function getResult() on bool
#0 C:\xampp\htdocs\RamirezAlfredo-P1\app\Controllers\CarritoController.php(206): App\Controllers\CarritoController->mostrar_compra('')
#1 C:\xampp\htdocs\RamirezAlfredo-P1\app\Controllers\CarritoController.php(123): App\Controllers\CarritoController->comprar_carrito()
#2 C:\xampp\htdocs\RamirezAlfredo-P1\system\CodeIgniter.php(832): App\Controllers\CarritoController->verificar_compra()
#3 C:\xampp\htdocs\RamirezAlfredo-P1\system\CodeIgniter.php(419): CodeIgniter\CodeIgniter->runController(Object(App\Controllers\CarritoController))
#4 C:\xampp\htdocs\RamirezAlfredo-P1\system\CodeIgniter.php(326): CodeIgniter\CodeIgniter->handleRequest(NULL, Object(Config\Cache), false)
#5 C:\xampp\htdocs\RamirezAlfredo-P1\index.php(37): CodeIgniter\CodeIgniter->run()
#6 {main}
ERROR - 2022-06-20 22:04:41 --> Cannot add or update a child row: a foreign key constraint fails (`ramirezalfredo-p1`.`cabecera_ventas`, CONSTRAINT `cabecera_ventas_ibfk_1` FOREIGN KEY (`id_ventas`) REFERENCES `detalle_ventas` (`id_ventas`) ON DELETE CASCADE ON UPDATE CASCADE)
ERROR - 2022-06-20 22:04:41 --> Unknown column 'ventas_detalle.id_ventas' in 'on clause'
CRITICAL - 2022-06-20 22:04:41 --> Call to a member function getResult() on bool
#0 C:\xampp\htdocs\RamirezAlfredo-P1\app\Controllers\CarritoController.php(206): App\Controllers\CarritoController->mostrar_compra('')
#1 C:\xampp\htdocs\RamirezAlfredo-P1\app\Controllers\CarritoController.php(123): App\Controllers\CarritoController->comprar_carrito()
#2 C:\xampp\htdocs\RamirezAlfredo-P1\system\CodeIgniter.php(832): App\Controllers\CarritoController->verificar_compra()
#3 C:\xampp\htdocs\RamirezAlfredo-P1\system\CodeIgniter.php(419): CodeIgniter\CodeIgniter->runController(Object(App\Controllers\CarritoController))
#4 C:\xampp\htdocs\RamirezAlfredo-P1\system\CodeIgniter.php(326): CodeIgniter\CodeIgniter->handleRequest(NULL, Object(Config\Cache), false)
#5 C:\xampp\htdocs\RamirezAlfredo-P1\index.php(37): CodeIgniter\CodeIgniter->run()
#6 {main}
ERROR - 2022-06-20 22:05:15 --> Cannot add or update a child row: a foreign key constraint fails (`ramirezalfredo-p1`.`cabecera_ventas`, CONSTRAINT `cabecera_ventas_ibfk_1` FOREIGN KEY (`id_ventas`) REFERENCES `detalle_ventas` (`id_ventas`) ON DELETE CASCADE ON UPDATE CASCADE)
ERROR - 2022-06-20 22:05:15 --> Unknown column 'ventas_detalle.id_ventas' in 'on clause'
CRITICAL - 2022-06-20 22:05:15 --> Call to a member function getResult() on bool
#0 C:\xampp\htdocs\RamirezAlfredo-P1\app\Controllers\CarritoController.php(206): App\Controllers\CarritoController->mostrar_compra('')
#1 C:\xampp\htdocs\RamirezAlfredo-P1\app\Controllers\CarritoController.php(123): App\Controllers\CarritoController->comprar_carrito()
#2 C:\xampp\htdocs\RamirezAlfredo-P1\system\CodeIgniter.php(832): App\Controllers\CarritoController->verificar_compra()
#3 C:\xampp\htdocs\RamirezAlfredo-P1\system\CodeIgniter.php(419): CodeIgniter\CodeIgniter->runController(Object(App\Controllers\CarritoController))
#4 C:\xampp\htdocs\RamirezAlfredo-P1\system\CodeIgniter.php(326): CodeIgniter\CodeIgniter->handleRequest(NULL, Object(Config\Cache), false)
#5 C:\xampp\htdocs\RamirezAlfredo-P1\index.php(37): CodeIgniter\CodeIgniter->run()
#6 {main}
ERROR - 2022-06-20 22:05:51 --> Cannot add or update a child row: a foreign key constraint fails (`ramirezalfredo-p1`.`cabecera_ventas`, CONSTRAINT `cabecera_ventas_ibfk_1` FOREIGN KEY (`id_ventas`) REFERENCES `detalle_ventas` (`id_ventas`) ON DELETE CASCADE ON UPDATE CASCADE)
ERROR - 2022-06-20 22:05:51 --> Unknown column 'ventas_detalle.id_ventas' in 'on clause'
CRITICAL - 2022-06-20 22:05:51 --> Call to a member function getResult() on bool
#0 C:\xampp\htdocs\RamirezAlfredo-P1\app\Controllers\CarritoController.php(206): App\Controllers\CarritoController->mostrar_compra('')
#1 C:\xampp\htdocs\RamirezAlfredo-P1\app\Controllers\CarritoController.php(123): App\Controllers\CarritoController->comprar_carrito()
#2 C:\xampp\htdocs\RamirezAlfredo-P1\system\CodeIgniter.php(832): App\Controllers\CarritoController->verificar_compra()
#3 C:\xampp\htdocs\RamirezAlfredo-P1\system\CodeIgniter.php(419): CodeIgniter\CodeIgniter->runController(Object(App\Controllers\CarritoController))
#4 C:\xampp\htdocs\RamirezAlfredo-P1\system\CodeIgniter.php(326): CodeIgniter\CodeIgniter->handleRequest(NULL, Object(Config\Cache), false)
#5 C:\xampp\htdocs\RamirezAlfredo-P1\index.php(37): CodeIgniter\CodeIgniter->run()
#6 {main}
ERROR - 2022-06-20 22:07:36 --> Cannot add or update a child row: a foreign key constraint fails (`ramirezalfredo-p1`.`clientes`, CONSTRAINT `clientes_ibfk_1` FOREIGN KEY (`id_cliente`) REFERENCES `detalle_ventas` (`id_cliente`))
ERROR - 2022-06-20 22:07:36 --> Cannot add or update a child row: a foreign key constraint fails (`ramirezalfredo-p1`.`detalle_ventas`, CONSTRAINT `detalle_ventas_ibfk_1` FOREIGN KEY (`id_producto`) REFERENCES `productos` (`id_producto`))
ERROR - 2022-06-20 22:07:36 --> Unknown column 'ventas_detalle.id_ventas' in 'on clause'
CRITICAL - 2022-06-20 22:07:36 --> Call to a member function getResult() on bool
#0 C:\xampp\htdocs\RamirezAlfredo-P1\app\Controllers\CarritoController.php(206): App\Controllers\CarritoController->mostrar_compra('')
#1 C:\xampp\htdocs\RamirezAlfredo-P1\app\Controllers\CarritoController.php(123): App\Controllers\CarritoController->comprar_carrito()
#2 C:\xampp\htdocs\RamirezAlfredo-P1\system\CodeIgniter.php(832): App\Controllers\CarritoController->verificar_compra()
#3 C:\xampp\htdocs\RamirezAlfredo-P1\system\CodeIgniter.php(419): CodeIgniter\CodeIgniter->runController(Object(App\Controllers\CarritoController))
#4 C:\xampp\htdocs\RamirezAlfredo-P1\system\CodeIgniter.php(326): CodeIgniter\CodeIgniter->handleRequest(NULL, Object(Config\Cache), false)
#5 C:\xampp\htdocs\RamirezAlfredo-P1\index.php(37): CodeIgniter\CodeIgniter->run()
#6 {main}
ERROR - 2022-06-20 22:08:22 --> Cannot add or update a child row: a foreign key constraint fails (`ramirezalfredo-p1`.`clientes`, CONSTRAINT `clientes_ibfk_1` FOREIGN KEY (`id_cliente`) REFERENCES `detalle_ventas` (`id_cliente`))
ERROR - 2022-06-20 22:08:22 --> Cannot add or update a child row: a foreign key constraint fails (`ramirezalfredo-p1`.`detalle_ventas`, CONSTRAINT `detalle_ventas_ibfk_1` FOREIGN KEY (`id_producto`) REFERENCES `productos` (`id_producto`))
ERROR - 2022-06-20 22:08:22 --> Cannot add or update a child row: a foreign key constraint fails (`ramirezalfredo-p1`.`detalle_ventas`, CONSTRAINT `detalle_ventas_ibfk_2` FOREIGN KEY (`id_ventas`) REFERENCES `cabecera_ventas` (`id_ventas`))
ERROR - 2022-06-20 22:08:22 --> Unknown column 'ventas_detalle.id_ventas' in 'on clause'
CRITICAL - 2022-06-20 22:08:22 --> Call to a member function getResult() on bool
#0 C:\xampp\htdocs\RamirezAlfredo-P1\app\Controllers\CarritoController.php(206): App\Controllers\CarritoController->mostrar_compra('')
#1 C:\xampp\htdocs\RamirezAlfredo-P1\app\Controllers\CarritoController.php(123): App\Controllers\CarritoController->comprar_carrito()
#2 C:\xampp\htdocs\RamirezAlfredo-P1\system\CodeIgniter.php(832): App\Controllers\CarritoController->verificar_compra()
#3 C:\xampp\htdocs\RamirezAlfredo-P1\system\CodeIgniter.php(419): CodeIgniter\CodeIgniter->runController(Object(App\Controllers\CarritoController))
#4 C:\xampp\htdocs\RamirezAlfredo-P1\system\CodeIgniter.php(326): CodeIgniter\CodeIgniter->handleRequest(NULL, Object(Config\Cache), false)
#5 C:\xampp\htdocs\RamirezAlfredo-P1\index.php(37): CodeIgniter\CodeIgniter->run()
#6 {main}
ERROR - 2022-06-20 22:09:16 --> Cannot add or update a child row: a foreign key constraint fails (`ramirezalfredo-p1`.`clientes`, CONSTRAINT `clientes_ibfk_1` FOREIGN KEY (`id_cliente`) REFERENCES `detalle_ventas` (`id_cliente`))
ERROR - 2022-06-20 22:09:16 --> Cannot add or update a child row: a foreign key constraint fails (`ramirezalfredo-p1`.`detalle_ventas`, CONSTRAINT `detalle_ventas_ibfk_1` FOREIGN KEY (`id_producto`) REFERENCES `productos` (`id_producto`))
ERROR - 2022-06-20 22:09:16 --> Cannot add or update a child row: a foreign key constraint fails (`ramirezalfredo-p1`.`detalle_ventas`, CONSTRAINT `detalle_ventas_ibfk_2` FOREIGN KEY (`id_ventas`) REFERENCES `cabecera_ventas` (`id_ventas`))
ERROR - 2022-06-20 22:09:16 --> Unknown column 'ventas_detalle.id_ventas' in 'on clause'
CRITICAL - 2022-06-20 22:09:16 --> Call to a member function getResult() on bool
#0 C:\xampp\htdocs\RamirezAlfredo-P1\app\Controllers\CarritoController.php(206): App\Controllers\CarritoController->mostrar_compra('')
#1 C:\xampp\htdocs\RamirezAlfredo-P1\app\Controllers\CarritoController.php(123): App\Controllers\CarritoController->comprar_carrito()
#2 C:\xampp\htdocs\RamirezAlfredo-P1\system\CodeIgniter.php(832): App\Controllers\CarritoController->verificar_compra()
#3 C:\xampp\htdocs\RamirezAlfredo-P1\system\CodeIgniter.php(419): CodeIgniter\CodeIgniter->runController(Object(App\Controllers\CarritoController))
#4 C:\xampp\htdocs\RamirezAlfredo-P1\system\CodeIgniter.php(326): CodeIgniter\CodeIgniter->handleRequest(NULL, Object(Config\Cache), false)
#5 C:\xampp\htdocs\RamirezAlfredo-P1\index.php(37): CodeIgniter\CodeIgniter->run()
#6 {main}
ERROR - 2022-06-20 22:09:45 --> Cannot add or update a child row: a foreign key constraint fails (`ramirezalfredo-p1`.`clientes`, CONSTRAINT `clientes_ibfk_1` FOREIGN KEY (`id_cliente`) REFERENCES `detalle_ventas` (`id_cliente`))
ERROR - 2022-06-20 22:09:45 --> Unknown column 'ventas_detalle.id_ventas' in 'on clause'
CRITICAL - 2022-06-20 22:09:45 --> Call to a member function getResult() on bool
#0 C:\xampp\htdocs\RamirezAlfredo-P1\app\Controllers\CarritoController.php(206): App\Controllers\CarritoController->mostrar_compra('')
#1 C:\xampp\htdocs\RamirezAlfredo-P1\app\Controllers\CarritoController.php(123): App\Controllers\CarritoController->comprar_carrito()
#2 C:\xampp\htdocs\RamirezAlfredo-P1\system\CodeIgniter.php(832): App\Controllers\CarritoController->verificar_compra()
#3 C:\xampp\htdocs\RamirezAlfredo-P1\system\CodeIgniter.php(419): CodeIgniter\CodeIgniter->runController(Object(App\Controllers\CarritoController))
#4 C:\xampp\htdocs\RamirezAlfredo-P1\system\CodeIgniter.php(326): CodeIgniter\CodeIgniter->handleRequest(NULL, Object(Config\Cache), false)
#5 C:\xampp\htdocs\RamirezAlfredo-P1\index.php(37): CodeIgniter\CodeIgniter->run()
#6 {main}
ERROR - 2022-06-20 22:11:02 --> Cannot add or update a child row: a foreign key constraint fails (`ramirezalfredo-p1`.`clientes`, CONSTRAINT `clientes_ibfk_1` FOREIGN KEY (`id_cliente`) REFERENCES `detalle_ventas` (`id_cliente`))
ERROR - 2022-06-20 22:11:02 --> Unknown column 'ventas_detalle.id_ventas' in 'on clause'
CRITICAL - 2022-06-20 22:11:02 --> Call to a member function getResult() on bool
#0 C:\xampp\htdocs\RamirezAlfredo-P1\app\Controllers\CarritoController.php(206): App\Controllers\CarritoController->mostrar_compra('')
#1 C:\xampp\htdocs\RamirezAlfredo-P1\app\Controllers\CarritoController.php(123): App\Controllers\CarritoController->comprar_carrito()
#2 C:\xampp\htdocs\RamirezAlfredo-P1\system\CodeIgniter.php(832): App\Controllers\CarritoController->verificar_compra()
#3 C:\xampp\htdocs\RamirezAlfredo-P1\system\CodeIgniter.php(419): CodeIgniter\CodeIgniter->runController(Object(App\Controllers\CarritoController))
#4 C:\xampp\htdocs\RamirezAlfredo-P1\system\CodeIgniter.php(326): CodeIgniter\CodeIgniter->handleRequest(NULL, Object(Config\Cache), false)
#5 C:\xampp\htdocs\RamirezAlfredo-P1\index.php(37): CodeIgniter\CodeIgniter->run()
#6 {main}
ERROR - 2022-06-20 22:11:39 --> Cannot add or update a child row: a foreign key constraint fails (`ramirezalfredo-p1`.`clientes`, CONSTRAINT `clientes_ibfk_1` FOREIGN KEY (`id_cliente`) REFERENCES `detalle_ventas` (`id_cliente`))
ERROR - 2022-06-20 22:11:39 --> Unknown column 'ventas_detalle.id_ventas' in 'on clause'
CRITICAL - 2022-06-20 22:11:39 --> Call to a member function getResult() on bool
#0 C:\xampp\htdocs\RamirezAlfredo-P1\app\Controllers\CarritoController.php(206): App\Controllers\CarritoController->mostrar_compra('')
#1 C:\xampp\htdocs\RamirezAlfredo-P1\app\Controllers\CarritoController.php(123): App\Controllers\CarritoController->comprar_carrito()
#2 C:\xampp\htdocs\RamirezAlfredo-P1\system\CodeIgniter.php(832): App\Controllers\CarritoController->verificar_compra()
#3 C:\xampp\htdocs\RamirezAlfredo-P1\system\CodeIgniter.php(419): CodeIgniter\CodeIgniter->runController(Object(App\Controllers\CarritoController))
#4 C:\xampp\htdocs\RamirezAlfredo-P1\system\CodeIgniter.php(326): CodeIgniter\CodeIgniter->handleRequest(NULL, Object(Config\Cache), false)
#5 C:\xampp\htdocs\RamirezAlfredo-P1\index.php(37): CodeIgniter\CodeIgniter->run()
#6 {main}
ERROR - 2022-06-20 22:11:59 --> Cannot add or update a child row: a foreign key constraint fails (`ramirezalfredo-p1`.`clientes`, CONSTRAINT `clientes_ibfk_1` FOREIGN KEY (`id_cliente`) REFERENCES `detalle_ventas` (`id_cliente`))
ERROR - 2022-06-20 22:11:59 --> Unknown column 'ventas_detalle.id_ventas' in 'on clause'
CRITICAL - 2022-06-20 22:11:59 --> Call to a member function getResult() on bool
#0 C:\xampp\htdocs\RamirezAlfredo-P1\app\Controllers\CarritoController.php(206): App\Controllers\CarritoController->mostrar_compra('')
#1 C:\xampp\htdocs\RamirezAlfredo-P1\app\Controllers\CarritoController.php(123): App\Controllers\CarritoController->comprar_carrito()
#2 C:\xampp\htdocs\RamirezAlfredo-P1\system\CodeIgniter.php(832): App\Controllers\CarritoController->verificar_compra()
#3 C:\xampp\htdocs\RamirezAlfredo-P1\system\CodeIgniter.php(419): CodeIgniter\CodeIgniter->runController(Object(App\Controllers\CarritoController))
#4 C:\xampp\htdocs\RamirezAlfredo-P1\system\CodeIgniter.php(326): CodeIgniter\CodeIgniter->handleRequest(NULL, Object(Config\Cache), false)
#5 C:\xampp\htdocs\RamirezAlfredo-P1\index.php(37): CodeIgniter\CodeIgniter->run()
#6 {main}
ERROR - 2022-06-20 22:13:32 --> Unknown column 'ventas_detalle.id_ventas' in 'on clause'
CRITICAL - 2022-06-20 22:13:32 --> Call to a member function getResult() on bool
#0 C:\xampp\htdocs\RamirezAlfredo-P1\app\Controllers\CarritoController.php(206): App\Controllers\CarritoController->mostrar_compra('')
#1 C:\xampp\htdocs\RamirezAlfredo-P1\app\Controllers\CarritoController.php(123): App\Controllers\CarritoController->comprar_carrito()
#2 C:\xampp\htdocs\RamirezAlfredo-P1\system\CodeIgniter.php(832): App\Controllers\CarritoController->verificar_compra()
#3 C:\xampp\htdocs\RamirezAlfredo-P1\system\CodeIgniter.php(419): CodeIgniter\CodeIgniter->runController(Object(App\Controllers\CarritoController))
#4 C:\xampp\htdocs\RamirezAlfredo-P1\system\CodeIgniter.php(326): CodeIgniter\CodeIgniter->handleRequest(NULL, Object(Config\Cache), false)
#5 C:\xampp\htdocs\RamirezAlfredo-P1\index.php(37): CodeIgniter\CodeIgniter->run()
#6 {main}
ERROR - 2022-06-20 22:14:08 --> You have an error in your SQL syntax; check the manual that corresponds to your MariaDB server version for the right syntax to use near ':13:' at line 3
CRITICAL - 2022-06-20 22:14:08 --> Call to a member function getResult() on bool
#0 C:\xampp\htdocs\RamirezAlfredo-P1\system\BaseModel.php(584): CodeIgniter\Model->doFindAll(0, 0)
#1 C:\xampp\htdocs\RamirezAlfredo-P1\app\Controllers\CarritoController.php(168): CodeIgniter\BaseModel->findAll()
#2 C:\xampp\htdocs\RamirezAlfredo-P1\app\Controllers\CarritoController.php(123): App\Controllers\CarritoController->comprar_carrito()
#3 C:\xampp\htdocs\RamirezAlfredo-P1\system\CodeIgniter.php(832): App\Controllers\CarritoController->verificar_compra()
#4 C:\xampp\htdocs\RamirezAlfredo-P1\system\CodeIgniter.php(419): CodeIgniter\CodeIgniter->runController(Object(App\Controllers\CarritoController))
#5 C:\xampp\htdocs\RamirezAlfredo-P1\system\CodeIgniter.php(326): CodeIgniter\CodeIgniter->handleRequest(NULL, Object(Config\Cache), false)
#6 C:\xampp\htdocs\RamirezAlfredo-P1\index.php(37): CodeIgniter\CodeIgniter->run()
#7 {main}
ERROR - 2022-06-20 22:14:29 --> Unknown column 'ventas_detalle.id_ventas' in 'on clause'
CRITICAL - 2022-06-20 22:14:29 --> Call to a member function getResult() on bool
#0 C:\xampp\htdocs\RamirezAlfredo-P1\app\Controllers\CarritoController.php(206): App\Controllers\CarritoController->mostrar_compra('')
#1 C:\xampp\htdocs\RamirezAlfredo-P1\app\Controllers\CarritoController.php(123): App\Controllers\CarritoController->comprar_carrito()
#2 C:\xampp\htdocs\RamirezAlfredo-P1\system\CodeIgniter.php(832): App\Controllers\CarritoController->verificar_compra()
#3 C:\xampp\htdocs\RamirezAlfredo-P1\system\CodeIgniter.php(419): CodeIgniter\CodeIgniter->runController(Object(App\Controllers\CarritoController))
#4 C:\xampp\htdocs\RamirezAlfredo-P1\system\CodeIgniter.php(326): CodeIgniter\CodeIgniter->handleRequest(NULL, Object(Config\Cache), false)
#5 C:\xampp\htdocs\RamirezAlfredo-P1\index.php(37): CodeIgniter\CodeIgniter->run()
#6 {main}
ERROR - 2022-06-20 22:15:47 --> Unknown column 'ventas_detalle.id_ventas' in 'on clause'
CRITICAL - 2022-06-20 22:15:47 --> Call to a member function getResult() on bool
#0 C:\xampp\htdocs\RamirezAlfredo-P1\app\Controllers\CarritoController.php(206): App\Controllers\CarritoController->mostrar_compra('')
#1 C:\xampp\htdocs\RamirezAlfredo-P1\app\Controllers\CarritoController.php(123): App\Controllers\CarritoController->comprar_carrito()
#2 C:\xampp\htdocs\RamirezAlfredo-P1\system\CodeIgniter.php(832): App\Controllers\CarritoController->verificar_compra()
#3 C:\xampp\htdocs\RamirezAlfredo-P1\system\CodeIgniter.php(419): CodeIgniter\CodeIgniter->runController(Object(App\Controllers\CarritoController))
#4 C:\xampp\htdocs\RamirezAlfredo-P1\system\CodeIgniter.php(326): CodeIgniter\CodeIgniter->handleRequest(NULL, Object(Config\Cache), false)
#5 C:\xampp\htdocs\RamirezAlfredo-P1\index.php(37): CodeIgniter\CodeIgniter->run()
#6 {main}
ERROR - 2022-06-20 22:16:36 --> Unknown column 'ventas_detalle.id_ventas' in 'on clause'
CRITICAL - 2022-06-20 22:16:36 --> Call to a member function getResult() on bool
#0 C:\xampp\htdocs\RamirezAlfredo-P1\app\Controllers\CarritoController.php(206): App\Controllers\CarritoController->mostrar_compra('')
#1 C:\xampp\htdocs\RamirezAlfredo-P1\app\Controllers\CarritoController.php(123): App\Controllers\CarritoController->comprar_carrito()
#2 C:\xampp\htdocs\RamirezAlfredo-P1\system\CodeIgniter.php(832): App\Controllers\CarritoController->verificar_compra()
#3 C:\xampp\htdocs\RamirezAlfredo-P1\system\CodeIgniter.php(419): CodeIgniter\CodeIgniter->runController(Object(App\Controllers\CarritoController))
#4 C:\xampp\htdocs\RamirezAlfredo-P1\system\CodeIgniter.php(326): CodeIgniter\CodeIgniter->handleRequest(NULL, Object(Config\Cache), false)
#5 C:\xampp\htdocs\RamirezAlfredo-P1\index.php(37): CodeIgniter\CodeIgniter->run()
#6 {main}
ERROR - 2022-06-20 22:17:25 --> Unknown column 'ventas_detalle.id_ventas' in 'on clause'
CRITICAL - 2022-06-20 22:17:25 --> Call to a member function getResult() on bool
#0 C:\xampp\htdocs\RamirezAlfredo-P1\app\Controllers\CarritoController.php(206): App\Controllers\CarritoController->mostrar_compra('')
#1 C:\xampp\htdocs\RamirezAlfredo-P1\app\Controllers\CarritoController.php(123): App\Controllers\CarritoController->comprar_carrito()
#2 C:\xampp\htdocs\RamirezAlfredo-P1\system\CodeIgniter.php(832): App\Controllers\CarritoController->verificar_compra()
#3 C:\xampp\htdocs\RamirezAlfredo-P1\system\CodeIgniter.php(419): CodeIgniter\CodeIgniter->runController(Object(App\Controllers\CarritoController))
#4 C:\xampp\htdocs\RamirezAlfredo-P1\system\CodeIgniter.php(326): CodeIgniter\CodeIgniter->handleRequest(NULL, Object(Config\Cache), false)
#5 C:\xampp\htdocs\RamirezAlfredo-P1\index.php(37): CodeIgniter\CodeIgniter->run()
#6 {main}
ERROR - 2022-06-20 22:18:35 --> Unknown column 'ventas_detalle.id_ventas' in 'on clause'
CRITICAL - 2022-06-20 22:18:35 --> Call to a member function getResult() on bool
#0 C:\xampp\htdocs\RamirezAlfredo-P1\app\Controllers\CarritoController.php(206): App\Controllers\CarritoController->mostrar_compra('')
#1 C:\xampp\htdocs\RamirezAlfredo-P1\app\Controllers\CarritoController.php(123): App\Controllers\CarritoController->comprar_carrito()
#2 C:\xampp\htdocs\RamirezAlfredo-P1\system\CodeIgniter.php(832): App\Controllers\CarritoController->verificar_compra()
#3 C:\xampp\htdocs\RamirezAlfredo-P1\system\CodeIgniter.php(419): CodeIgniter\CodeIgniter->runController(Object(App\Controllers\CarritoController))
#4 C:\xampp\htdocs\RamirezAlfredo-P1\system\CodeIgniter.php(326): CodeIgniter\CodeIgniter->handleRequest(NULL, Object(Config\Cache), false)
#5 C:\xampp\htdocs\RamirezAlfredo-P1\index.php(37): CodeIgniter\CodeIgniter->run()
#6 {main}
ERROR - 2022-06-20 22:19:35 --> Unknown column 'ventas_detalle.id_ventas' in 'on clause'
CRITICAL - 2022-06-20 22:19:35 --> Call to a member function getResult() on bool
#0 C:\xampp\htdocs\RamirezAlfredo-P1\app\Controllers\CarritoController.php(206): App\Controllers\CarritoController->mostrar_compra('')
#1 C:\xampp\htdocs\RamirezAlfredo-P1\app\Controllers\CarritoController.php(123): App\Controllers\CarritoController->comprar_carrito()
#2 C:\xampp\htdocs\RamirezAlfredo-P1\system\CodeIgniter.php(832): App\Controllers\CarritoController->verificar_compra()
#3 C:\xampp\htdocs\RamirezAlfredo-P1\system\CodeIgniter.php(419): CodeIgniter\CodeIgniter->runController(Object(App\Controllers\CarritoController))
#4 C:\xampp\htdocs\RamirezAlfredo-P1\system\CodeIgniter.php(326): CodeIgniter\CodeIgniter->handleRequest(NULL, Object(Config\Cache), false)
#5 C:\xampp\htdocs\RamirezAlfredo-P1\index.php(37): CodeIgniter\CodeIgniter->run()
#6 {main}
ERROR - 2022-06-20 22:20:12 --> Unknown column 'ventas_detalle.id_ventas' in 'on clause'
CRITICAL - 2022-06-20 22:20:12 --> Call to a member function getResult() on bool
#0 C:\xampp\htdocs\RamirezAlfredo-P1\app\Controllers\CarritoController.php(206): App\Controllers\CarritoController->mostrar_compra('')
#1 C:\xampp\htdocs\RamirezAlfredo-P1\app\Controllers\CarritoController.php(123): App\Controllers\CarritoController->comprar_carrito()
#2 C:\xampp\htdocs\RamirezAlfredo-P1\system\CodeIgniter.php(832): App\Controllers\CarritoController->verificar_compra()
#3 C:\xampp\htdocs\RamirezAlfredo-P1\system\CodeIgniter.php(419): CodeIgniter\CodeIgniter->runController(Object(App\Controllers\CarritoController))
#4 C:\xampp\htdocs\RamirezAlfredo-P1\system\CodeIgniter.php(326): CodeIgniter\CodeIgniter->handleRequest(NULL, Object(Config\Cache), false)
#5 C:\xampp\htdocs\RamirezAlfredo-P1\index.php(37): CodeIgniter\CodeIgniter->run()
#6 {main}
ERROR - 2022-06-20 22:20:47 --> Unknown column 'ventas_detalle.id_ventas' in 'on clause'
CRITICAL - 2022-06-20 22:20:47 --> Call to a member function getResult() on bool
#0 C:\xampp\htdocs\RamirezAlfredo-P1\app\Controllers\CarritoController.php(206): App\Controllers\CarritoController->mostrar_compra('')
#1 C:\xampp\htdocs\RamirezAlfredo-P1\app\Controllers\CarritoController.php(123): App\Controllers\CarritoController->comprar_carrito()
#2 C:\xampp\htdocs\RamirezAlfredo-P1\system\CodeIgniter.php(832): App\Controllers\CarritoController->verificar_compra()
#3 C:\xampp\htdocs\RamirezAlfredo-P1\system\CodeIgniter.php(419): CodeIgniter\CodeIgniter->runController(Object(App\Controllers\CarritoController))
#4 C:\xampp\htdocs\RamirezAlfredo-P1\system\CodeIgniter.php(326): CodeIgniter\CodeIgniter->handleRequest(NULL, Object(Config\Cache), false)
#5 C:\xampp\htdocs\RamirezAlfredo-P1\index.php(37): CodeIgniter\CodeIgniter->run()
#6 {main}
ERROR - 2022-06-20 22:21:00 --> Unknown column 'ventas_detalle.id_ventas' in 'on clause'
CRITICAL - 2022-06-20 22:21:00 --> Call to a member function getResult() on bool
#0 C:\xampp\htdocs\RamirezAlfredo-P1\app\Controllers\CarritoController.php(206): App\Controllers\CarritoController->mostrar_compra('')
#1 C:\xampp\htdocs\RamirezAlfredo-P1\app\Controllers\CarritoController.php(123): App\Controllers\CarritoController->comprar_carrito()
#2 C:\xampp\htdocs\RamirezAlfredo-P1\system\CodeIgniter.php(832): App\Controllers\CarritoController->verificar_compra()
#3 C:\xampp\htdocs\RamirezAlfredo-P1\system\CodeIgniter.php(419): CodeIgniter\CodeIgniter->runController(Object(App\Controllers\CarritoController))
#4 C:\xampp\htdocs\RamirezAlfredo-P1\system\CodeIgniter.php(326): CodeIgniter\CodeIgniter->handleRequest(NULL, Object(Config\Cache), false)
#5 C:\xampp\htdocs\RamirezAlfredo-P1\index.php(37): CodeIgniter\CodeIgniter->run()
#6 {main}
ERROR - 2022-06-20 22:21:35 --> Unknown column 'ventas_detalle.id_ventas' in 'on clause'
CRITICAL - 2022-06-20 22:21:35 --> Call to a member function getResult() on bool
#0 C:\xampp\htdocs\RamirezAlfredo-P1\app\Controllers\CarritoController.php(203): App\Controllers\CarritoController->mostrar_compra('')
#1 C:\xampp\htdocs\RamirezAlfredo-P1\app\Controllers\CarritoController.php(123): App\Controllers\CarritoController->comprar_carrito()
#2 C:\xampp\htdocs\RamirezAlfredo-P1\system\CodeIgniter.php(832): App\Controllers\CarritoController->verificar_compra()
#3 C:\xampp\htdocs\RamirezAlfredo-P1\system\CodeIgniter.php(419): CodeIgniter\CodeIgniter->runController(Object(App\Controllers\CarritoController))
#4 C:\xampp\htdocs\RamirezAlfredo-P1\system\CodeIgniter.php(326): CodeIgniter\CodeIgniter->handleRequest(NULL, Object(Config\Cache), false)
#5 C:\xampp\htdocs\RamirezAlfredo-P1\index.php(37): CodeIgniter\CodeIgniter->run()
#6 {main}
ERROR - 2022-06-20 22:23:21 --> Unknown column 'ventas_detalle.id_ventas' in 'on clause'
CRITICAL - 2022-06-20 22:23:21 --> Call to a member function getResult() on bool
#0 C:\xampp\htdocs\RamirezAlfredo-P1\app\Controllers\CarritoController.php(203): App\Controllers\CarritoController->mostrar_compra('')
#1 C:\xampp\htdocs\RamirezAlfredo-P1\app\Controllers\CarritoController.php(123): App\Controllers\CarritoController->comprar_carrito()
#2 C:\xampp\htdocs\RamirezAlfredo-P1\system\CodeIgniter.php(832): App\Controllers\CarritoController->verificar_compra()
#3 C:\xampp\htdocs\RamirezAlfredo-P1\system\CodeIgniter.php(419): CodeIgniter\CodeIgniter->runController(Object(App\Controllers\CarritoController))
#4 C:\xampp\htdocs\RamirezAlfredo-P1\system\CodeIgniter.php(326): CodeIgniter\CodeIgniter->handleRequest(NULL, Object(Config\Cache), false)
#5 C:\xampp\htdocs\RamirezAlfredo-P1\index.php(37): CodeIgniter\CodeIgniter->run()
#6 {main}
ERROR - 2022-06-20 22:23:50 --> Unknown column 'ventas_detalle.id_ventas' in 'on clause'
CRITICAL - 2022-06-20 22:23:50 --> Call to a member function getResult() on bool
#0 C:\xampp\htdocs\RamirezAlfredo-P1\app\Controllers\CarritoController.php(203): App\Controllers\CarritoController->mostrar_compra('')
#1 C:\xampp\htdocs\RamirezAlfredo-P1\app\Controllers\CarritoController.php(123): App\Controllers\CarritoController->comprar_carrito()
#2 C:\xampp\htdocs\RamirezAlfredo-P1\system\CodeIgniter.php(832): App\Controllers\CarritoController->verificar_compra()
#3 C:\xampp\htdocs\RamirezAlfredo-P1\system\CodeIgniter.php(419): CodeIgniter\CodeIgniter->runController(Object(App\Controllers\CarritoController))
#4 C:\xampp\htdocs\RamirezAlfredo-P1\system\CodeIgniter.php(326): CodeIgniter\CodeIgniter->handleRequest(NULL, Object(Config\Cache), false)
#5 C:\xampp\htdocs\RamirezAlfredo-P1\index.php(37): CodeIgniter\CodeIgniter->run()
#6 {main}
ERROR - 2022-06-20 22:24:48 --> You have an error in your SQL syntax; check the manual that corresponds to your MariaDB server version for the right syntax to use near ':26:' at line 3
CRITICAL - 2022-06-20 22:24:48 --> Call to a member function getResult() on bool
#0 C:\xampp\htdocs\RamirezAlfredo-P1\system\BaseModel.php(584): CodeIgniter\Model->doFindAll(0, 0)
#1 C:\xampp\htdocs\RamirezAlfredo-P1\app\Controllers\CarritoController.php(165): CodeIgniter\BaseModel->findAll()
#2 C:\xampp\htdocs\RamirezAlfredo-P1\app\Controllers\CarritoController.php(123): App\Controllers\CarritoController->comprar_carrito()
#3 C:\xampp\htdocs\RamirezAlfredo-P1\system\CodeIgniter.php(832): App\Controllers\CarritoController->verificar_compra()
#4 C:\xampp\htdocs\RamirezAlfredo-P1\system\CodeIgniter.php(419): CodeIgniter\CodeIgniter->runController(Object(App\Controllers\CarritoController))
#5 C:\xampp\htdocs\RamirezAlfredo-P1\system\CodeIgniter.php(326): CodeIgniter\CodeIgniter->handleRequest(NULL, Object(Config\Cache), false)
#6 C:\xampp\htdocs\RamirezAlfredo-P1\index.php(37): CodeIgniter\CodeIgniter->run()
#7 {main}
ERROR - 2022-06-20 22:25:01 --> You have an error in your SQL syntax; check the manual that corresponds to your MariaDB server version for the right syntax to use near ':27:' at line 3
CRITICAL - 2022-06-20 22:25:01 --> Call to a member function getResult() on bool
#0 C:\xampp\htdocs\RamirezAlfredo-P1\system\BaseModel.php(584): CodeIgniter\Model->doFindAll(0, 0)
#1 C:\xampp\htdocs\RamirezAlfredo-P1\app\Controllers\CarritoController.php(165): CodeIgniter\BaseModel->findAll()
#2 C:\xampp\htdocs\RamirezAlfredo-P1\app\Controllers\CarritoController.php(123): App\Controllers\CarritoController->comprar_carrito()
#3 C:\xampp\htdocs\RamirezAlfredo-P1\system\CodeIgniter.php(832): App\Controllers\CarritoController->verificar_compra()
#4 C:\xampp\htdocs\RamirezAlfredo-P1\system\CodeIgniter.php(419): CodeIgniter\CodeIgniter->runController(Object(App\Controllers\CarritoController))
#5 C:\xampp\htdocs\RamirezAlfredo-P1\system\CodeIgniter.php(326): CodeIgniter\CodeIgniter->handleRequest(NULL, Object(Config\Cache), false)
#6 C:\xampp\htdocs\RamirezAlfredo-P1\index.php(37): CodeIgniter\CodeIgniter->run()
#7 {main}
ERROR - 2022-06-20 22:25:19 --> You have an error in your SQL syntax; check the manual that corresponds to your MariaDB server version for the right syntax to use near ':28:' at line 3
CRITICAL - 2022-06-20 22:25:19 --> Call to a member function getResult() on bool
#0 C:\xampp\htdocs\RamirezAlfredo-P1\system\BaseModel.php(584): CodeIgniter\Model->doFindAll(0, 0)
#1 C:\xampp\htdocs\RamirezAlfredo-P1\app\Controllers\CarritoController.php(165): CodeIgniter\BaseModel->findAll()
#2 C:\xampp\htdocs\RamirezAlfredo-P1\app\Controllers\CarritoController.php(123): App\Controllers\CarritoController->comprar_carrito()
#3 C:\xampp\htdocs\RamirezAlfredo-P1\system\CodeIgniter.php(832): App\Controllers\CarritoController->verificar_compra()
#4 C:\xampp\htdocs\RamirezAlfredo-P1\system\CodeIgniter.php(419): CodeIgniter\CodeIgniter->runController(Object(App\Controllers\CarritoController))
#5 C:\xampp\htdocs\RamirezAlfredo-P1\system\CodeIgniter.php(326): CodeIgniter\CodeIgniter->handleRequest(NULL, Object(Config\Cache), false)
#6 C:\xampp\htdocs\RamirezAlfredo-P1\index.php(37): CodeIgniter\CodeIgniter->run()
#7 {main}
ERROR - 2022-06-20 22:27:05 --> Unknown column 'ventas_detalle.id_ventas' in 'on clause'
CRITICAL - 2022-06-20 22:27:05 --> Call to a member function getResult() on bool
#0 C:\xampp\htdocs\RamirezAlfredo-P1\app\Controllers\CarritoController.php(203): App\Controllers\CarritoController->mostrar_compra('')
#1 C:\xampp\htdocs\RamirezAlfredo-P1\app\Controllers\CarritoController.php(123): App\Controllers\CarritoController->comprar_carrito()
#2 C:\xampp\htdocs\RamirezAlfredo-P1\system\CodeIgniter.php(832): App\Controllers\CarritoController->verificar_compra()
#3 C:\xampp\htdocs\RamirezAlfredo-P1\system\CodeIgniter.php(419): CodeIgniter\CodeIgniter->runController(Object(App\Controllers\CarritoController))
#4 C:\xampp\htdocs\RamirezAlfredo-P1\system\CodeIgniter.php(326): CodeIgniter\CodeIgniter->handleRequest(NULL, Object(Config\Cache), false)
#5 C:\xampp\htdocs\RamirezAlfredo-P1\index.php(37): CodeIgniter\CodeIgniter->run()
#6 {main}
ERROR - 2022-06-20 22:27:56 --> Unknown column 'ventas_detalle.id_ventas' in 'on clause'
CRITICAL - 2022-06-20 22:27:56 --> Call to a member function getResult() on bool
#0 C:\xampp\htdocs\RamirezAlfredo-P1\app\Controllers\CarritoController.php(203): App\Controllers\CarritoController->mostrar_compra('')
#1 C:\xampp\htdocs\RamirezAlfredo-P1\app\Controllers\CarritoController.php(123): App\Controllers\CarritoController->comprar_carrito()
#2 C:\xampp\htdocs\RamirezAlfredo-P1\system\CodeIgniter.php(832): App\Controllers\CarritoController->verificar_compra()
#3 C:\xampp\htdocs\RamirezAlfredo-P1\system\CodeIgniter.php(419): CodeIgniter\CodeIgniter->runController(Object(App\Controllers\CarritoController))
#4 C:\xampp\htdocs\RamirezAlfredo-P1\system\CodeIgniter.php(326): CodeIgniter\CodeIgniter->handleRequest(NULL, Object(Config\Cache), false)
#5 C:\xampp\htdocs\RamirezAlfredo-P1\index.php(37): CodeIgniter\CodeIgniter->run()
#6 {main}
ERROR - 2022-06-20 22:28:28 --> You have an error in your SQL syntax; check the manual that corresponds to your MariaDB server version for the right syntax to use near ':32:' at line 3
CRITICAL - 2022-06-20 22:28:28 --> Call to a member function getResult() on bool
#0 C:\xampp\htdocs\RamirezAlfredo-P1\system\BaseModel.php(584): CodeIgniter\Model->doFindAll(0, 0)
#1 C:\xampp\htdocs\RamirezAlfredo-P1\app\Controllers\CarritoController.php(165): CodeIgniter\BaseModel->findAll()
#2 C:\xampp\htdocs\RamirezAlfredo-P1\app\Controllers\CarritoController.php(123): App\Controllers\CarritoController->comprar_carrito()
#3 C:\xampp\htdocs\RamirezAlfredo-P1\system\CodeIgniter.php(832): App\Controllers\CarritoController->verificar_compra()
#4 C:\xampp\htdocs\RamirezAlfredo-P1\system\CodeIgniter.php(419): CodeIgniter\CodeIgniter->runController(Object(App\Controllers\CarritoController))
#5 C:\xampp\htdocs\RamirezAlfredo-P1\system\CodeIgniter.php(326): CodeIgniter\CodeIgniter->handleRequest(NULL, Object(Config\Cache), false)
#6 C:\xampp\htdocs\RamirezAlfredo-P1\index.php(37): CodeIgniter\CodeIgniter->run()
#7 {main}
ERROR - 2022-06-20 22:28:56 --> Unknown column 'ventas_detalle.id_ventas' in 'on clause'
CRITICAL - 2022-06-20 22:28:56 --> Call to a member function getResult() on bool
#0 C:\xampp\htdocs\RamirezAlfredo-P1\app\Controllers\CarritoController.php(203): App\Controllers\CarritoController->mostrar_compra('')
#1 C:\xampp\htdocs\RamirezAlfredo-P1\app\Controllers\CarritoController.php(123): App\Controllers\CarritoController->comprar_carrito()
#2 C:\xampp\htdocs\RamirezAlfredo-P1\system\CodeIgniter.php(832): App\Controllers\CarritoController->verificar_compra()
#3 C:\xampp\htdocs\RamirezAlfredo-P1\system\CodeIgniter.php(419): CodeIgniter\CodeIgniter->runController(Object(App\Controllers\CarritoController))
#4 C:\xampp\htdocs\RamirezAlfredo-P1\system\CodeIgniter.php(326): CodeIgniter\CodeIgniter->handleRequest(NULL, Object(Config\Cache), false)
#5 C:\xampp\htdocs\RamirezAlfredo-P1\index.php(37): CodeIgniter\CodeIgniter->run()
#6 {main}
CRITICAL - 2022-06-20 22:47:52 --> Invalid file: usuario/dashboard.php
#0 C:\xampp\htdocs\RamirezAlfredo-P1\system\View\View.php(198): CodeIgniter\Exceptions\FrameworkException::forInvalidFile('usuario/dashboa...')
#1 C:\xampp\htdocs\RamirezAlfredo-P1\system\Common.php(1089): CodeIgniter\View\View->render('usuario/dashboa...', Array, true)
#2 C:\xampp\htdocs\RamirezAlfredo-P1\app\Controllers\Dashboard.php(19): view('usuario/dashboa...', Array)
#3 C:\xampp\htdocs\RamirezAlfredo-P1\system\CodeIgniter.php(832): App\Controllers\Dashboard->index()
#4 C:\xampp\htdocs\RamirezAlfredo-P1\system\CodeIgniter.php(419): CodeIgniter\CodeIgniter->runController(Object(App\Controllers\Dashboard))
#5 C:\xampp\htdocs\RamirezAlfredo-P1\system\CodeIgniter.php(326): CodeIgniter\CodeIgniter->handleRequest(NULL, Object(Config\Cache), false)
#6 C:\xampp\htdocs\RamirezAlfredo-P1\index.php(37): CodeIgniter\CodeIgniter->run()
#7 {main}
CRITICAL - 2022-06-20 22:48:21 --> Invalid file: usuario/dashboard.php
#0 C:\xampp\htdocs\RamirezAlfredo-P1\system\View\View.php(198): CodeIgniter\Exceptions\FrameworkException::forInvalidFile('usuario/dashboa...')
#1 C:\xampp\htdocs\RamirezAlfredo-P1\system\Common.php(1089): CodeIgniter\View\View->render('usuario/dashboa...', Array, true)
#2 C:\xampp\htdocs\RamirezAlfredo-P1\app\Controllers\Dashboard.php(19): view('usuario/dashboa...', Array)
#3 C:\xampp\htdocs\RamirezAlfredo-P1\system\CodeIgniter.php(832): App\Controllers\Dashboard->index()
#4 C:\xampp\htdocs\RamirezAlfredo-P1\system\CodeIgniter.php(419): CodeIgniter\CodeIgniter->runController(Object(App\Controllers\Dashboard))
#5 C:\xampp\htdocs\RamirezAlfredo-P1\system\CodeIgniter.php(326): CodeIgniter\CodeIgniter->handleRequest(NULL, Object(Config\Cache), false)
#6 C:\xampp\htdocs\RamirezAlfredo-P1\index.php(37): CodeIgniter\CodeIgniter->run()
#7 {main}
CRITICAL - 2022-06-20 22:48:53 --> Invalid file: usuario/dashboard.php
#0 C:\xampp\htdocs\RamirezAlfredo-P1\system\View\View.php(198): CodeIgniter\Exceptions\FrameworkException::forInvalidFile('usuario/dashboa...')
#1 C:\xampp\htdocs\RamirezAlfredo-P1\system\Common.php(1089): CodeIgniter\View\View->render('usuario/dashboa...', Array, true)
#2 C:\xampp\htdocs\RamirezAlfredo-P1\app\Controllers\Dashboard.php(19): view('usuario/dashboa...', Array)
#3 C:\xampp\htdocs\RamirezAlfredo-P1\system\CodeIgniter.php(832): App\Controllers\Dashboard->index()
#4 C:\xampp\htdocs\RamirezAlfredo-P1\system\CodeIgniter.php(419): CodeIgniter\CodeIgniter->runController(Object(App\Controllers\Dashboard))
#5 C:\xampp\htdocs\RamirezAlfredo-P1\system\CodeIgniter.php(326): CodeIgniter\CodeIgniter->handleRequest(NULL, Object(Config\Cache), false)
#6 C:\xampp\htdocs\RamirezAlfredo-P1\index.php(37): CodeIgniter\CodeIgniter->run()
#7 {main}
CRITICAL - 2022-06-20 23:05:48 --> Cannot access protected property CodeIgniter\Database\MySQLi\Builder::$db
#0 C:\xampp\htdocs\RamirezAlfredo-P1\system\CodeIgniter.php(832): App\Controllers\CarritoController->mostrar_detalles()
#1 C:\xampp\htdocs\RamirezAlfredo-P1\system\CodeIgniter.php(419): CodeIgniter\CodeIgniter->runController(Object(App\Controllers\CarritoController))
#2 C:\xampp\htdocs\RamirezAlfredo-P1\system\CodeIgniter.php(326): CodeIgniter\CodeIgniter->handleRequest(NULL, Object(Config\Cache), false)
#3 C:\xampp\htdocs\RamirezAlfredo-P1\index.php(37): CodeIgniter\CodeIgniter->run()
#4 {main}
CRITICAL - 2022-06-20 23:35:53 --> Invalid file: usuario/dashboard.php
#0 C:\xampp\htdocs\RamirezAlfredo-P1\system\View\View.php(198): CodeIgniter\Exceptions\FrameworkException::forInvalidFile('usuario/dashboa...')
#1 C:\xampp\htdocs\RamirezAlfredo-P1\system\Common.php(1089): CodeIgniter\View\View->render('usuario/dashboa...', Array, true)
#2 C:\xampp\htdocs\RamirezAlfredo-P1\app\Controllers\CategoriaController.php(28): view('usuario/dashboa...')
#3 C:\xampp\htdocs\RamirezAlfredo-P1\system\CodeIgniter.php(832): App\Controllers\CategoriaController->categorias()
#4 C:\xampp\htdocs\RamirezAlfredo-P1\system\CodeIgniter.php(419): CodeIgniter\CodeIgniter->runController(Object(App\Controllers\CategoriaController))
#5 C:\xampp\htdocs\RamirezAlfredo-P1\system\CodeIgniter.php(326): CodeIgniter\CodeIgniter->handleRequest(NULL, Object(Config\Cache), false)
#6 C:\xampp\htdocs\RamirezAlfredo-P1\index.php(37): CodeIgniter\CodeIgniter->run()
#7 {main}
CRITICAL - 2022-06-20 23:43:12 --> Invalid file: productos/listado_categoria.php
#0 C:\xampp\htdocs\RamirezAlfredo-P1\system\View\View.php(198): CodeIgniter\Exceptions\FrameworkException::forInvalidFile('productos/lista...')
#1 C:\xampp\htdocs\RamirezAlfredo-P1\system\Common.php(1089): CodeIgniter\View\View->render('productos/lista...', Array, true)
#2 C:\xampp\htdocs\RamirezAlfredo-P1\app\Controllers\CategoriaController.php(18): view('productos/lista...', Array)
#3 C:\xampp\htdocs\RamirezAlfredo-P1\system\CodeIgniter.php(832): App\Controllers\CategoriaController->mostrar_categoria()
#4 C:\xampp\htdocs\RamirezAlfredo-P1\system\CodeIgniter.php(419): CodeIgniter\CodeIgniter->runController(Object(App\Controllers\CategoriaController))
#5 C:\xampp\htdocs\RamirezAlfredo-P1\system\CodeIgniter.php(326): CodeIgniter\CodeIgniter->handleRequest(NULL, Object(Config\Cache), false)
#6 C:\xampp\htdocs\RamirezAlfredo-P1\index.php(37): CodeIgniter\CodeIgniter->run()
#7 {main}
CRITICAL - 2022-06-20 23:46:17 --> Undefined variable: categorias
#0 C:\xampp\htdocs\RamirezAlfredo-P1\app\Views\productos\addproducto.php(23): CodeIgniter\Debug\Exceptions->errorHandler(8, 'Undefined varia...', 'C:\\xampp\\htdocs...', 23, Array)
#1 C:\xampp\htdocs\RamirezAlfredo-P1\system\View\View.php(210): include('C:\\xampp\\htdocs...')
#2 C:\xampp\htdocs\RamirezAlfredo-P1\system\View\View.php(213): CodeIgniter\View\View->CodeIgniter\View\{closure}()
#3 C:\xampp\htdocs\RamirezAlfredo-P1\system\Common.php(1089): CodeIgniter\View\View->render('productos/addpr...', Array, true)
#4 C:\xampp\htdocs\RamirezAlfredo-P1\app\Controllers\ProductoController.php(56): view('productos/addpr...')
#5 C:\xampp\htdocs\RamirezAlfredo-P1\system\CodeIgniter.php(832): App\Controllers\ProductoController->create()
#6 C:\xampp\htdocs\RamirezAlfredo-P1\system\CodeIgniter.php(419): CodeIgniter\CodeIgniter->runController(Object(App\Controllers\ProductoController))
#7 C:\xampp\htdocs\RamirezAlfredo-P1\system\CodeIgniter.php(326): CodeIgniter\CodeIgniter->handleRequest(NULL, Object(Config\Cache), false)
#8 C:\xampp\htdocs\RamirezAlfredo-P1\index.php(37): CodeIgniter\CodeIgniter->run()
#9 {main}
CRITICAL - 2022-06-20 23:47:52 --> Undefined variable: categorias
#0 C:\xampp\htdocs\RamirezAlfredo-P1\app\Views\productos\addproducto.php(23): CodeIgniter\Debug\Exceptions->errorHandler(8, 'Undefined varia...', 'C:\\xampp\\htdocs...', 23, Array)
#1 C:\xampp\htdocs\RamirezAlfredo-P1\system\View\View.php(210): include('C:\\xampp\\htdocs...')
#2 C:\xampp\htdocs\RamirezAlfredo-P1\system\View\View.php(213): CodeIgniter\View\View->CodeIgniter\View\{closure}()
#3 C:\xampp\htdocs\RamirezAlfredo-P1\system\Common.php(1089): CodeIgniter\View\View->render('productos/addpr...', Array, true)
#4 C:\xampp\htdocs\RamirezAlfredo-P1\app\Controllers\ProductoController.php(58): view('productos/addpr...')
#5 C:\xampp\htdocs\RamirezAlfredo-P1\system\CodeIgniter.php(832): App\Controllers\ProductoController->create()
#6 C:\xampp\htdocs\RamirezAlfredo-P1\system\CodeIgniter.php(419): CodeIgniter\CodeIgniter->runController(Object(App\Controllers\ProductoController))
#7 C:\xampp\htdocs\RamirezAlfredo-P1\system\CodeIgniter.php(326): CodeIgniter\CodeIgniter->handleRequest(NULL, Object(Config\Cache), false)
#8 C:\xampp\htdocs\RamirezAlfredo-P1\index.php(37): CodeIgniter\CodeIgniter->run()
#9 {main}
CRITICAL - 2022-06-20 23:47:54 --> Undefined variable: categorias
#0 C:\xampp\htdocs\RamirezAlfredo-P1\app\Views\productos\addproducto.php(23): CodeIgniter\Debug\Exceptions->errorHandler(8, 'Undefined varia...', 'C:\\xampp\\htdocs...', 23, Array)
#1 C:\xampp\htdocs\RamirezAlfredo-P1\system\View\View.php(210): include('C:\\xampp\\htdocs...')
#2 C:\xampp\htdocs\RamirezAlfredo-P1\system\View\View.php(213): CodeIgniter\View\View->CodeIgniter\View\{closure}()
#3 C:\xampp\htdocs\RamirezAlfredo-P1\system\Common.php(1089): CodeIgniter\View\View->render('productos/addpr...', Array, true)
#4 C:\xampp\htdocs\RamirezAlfredo-P1\app\Controllers\ProductoController.php(58): view('productos/addpr...')
#5 C:\xampp\htdocs\RamirezAlfredo-P1\system\CodeIgniter.php(832): App\Controllers\ProductoController->create()
#6 C:\xampp\htdocs\RamirezAlfredo-P1\system\CodeIgniter.php(419): CodeIgniter\CodeIgniter->runController(Object(App\Controllers\ProductoController))
#7 C:\xampp\htdocs\RamirezAlfredo-P1\system\CodeIgniter.php(326): CodeIgniter\CodeIgniter->handleRequest(NULL, Object(Config\Cache), false)
#8 C:\xampp\htdocs\RamirezAlfredo-P1\index.php(37): CodeIgniter\CodeIgniter->run()
#9 {main}
