CRITICAL - 2022-04-14 17:24:32 --> Invalid file: header.php
#0 C:\xampp\htdocs\servicio-tecnico\system\View\View.php(198): CodeIgniter\Exceptions\FrameworkException::forInvalidFile('header.php')
#1 C:\xampp\htdocs\servicio-tecnico\system\Common.php(1089): CodeIgniter\View\View->render('header', Array, true)
#2 C:\xampp\htdocs\servicio-tecnico\app\Controllers\Home.php(9): view('header')
#3 C:\xampp\htdocs\servicio-tecnico\system\CodeIgniter.php(832): App\Controllers\Home->index()
#4 C:\xampp\htdocs\servicio-tecnico\system\CodeIgniter.php(419): CodeIgniter\CodeIgniter->runController(Object(App\Controllers\Home))
#5 C:\xampp\htdocs\servicio-tecnico\system\CodeIgniter.php(326): CodeIgniter\CodeIgniter->handleRequest(NULL, Object(Config\Cache), false)
#6 C:\xampp\htdocs\servicio-tecnico\index.php(37): CodeIgniter\CodeIgniter->run()
#7 {main}
CRITICAL - 2022-04-14 17:25:53 --> Invalid file: header.php
#0 C:\xampp\htdocs\servicio-tecnico\system\View\View.php(198): CodeIgniter\Exceptions\FrameworkException::forInvalidFile('header.php')
#1 C:\xampp\htdocs\servicio-tecnico\system\Common.php(1089): CodeIgniter\View\View->render('header', Array, true)
#2 C:\xampp\htdocs\servicio-tecnico\app\Controllers\Home.php(9): view('header')
#3 C:\xampp\htdocs\servicio-tecnico\system\CodeIgniter.php(832): App\Controllers\Home->index()
#4 C:\xampp\htdocs\servicio-tecnico\system\CodeIgniter.php(419): CodeIgniter\CodeIgniter->runController(Object(App\Controllers\Home))
#5 C:\xampp\htdocs\servicio-tecnico\system\CodeIgniter.php(326): CodeIgniter\CodeIgniter->handleRequest(NULL, Object(Config\Cache), false)
#6 C:\xampp\htdocs\servicio-tecnico\index.php(37): CodeIgniter\CodeIgniter->run()
#7 {main}
CRITICAL - 2022-04-14 17:36:38 --> Undefined property: CodeIgniter\View\View::$uri
#0 C:\xampp\htdocs\servicio-tecnico\app\Views\front\menu.php(13): CodeIgniter\Debug\Exceptions->errorHandler(8, 'Undefined prope...', 'C:\\xampp\\htdocs...', 13, Array)
#1 C:\xampp\htdocs\servicio-tecnico\system\View\View.php(210): include('C:\\xampp\\htdocs...')
#2 C:\xampp\htdocs\servicio-tecnico\system\View\View.php(213): CodeIgniter\View\View->CodeIgniter\View\{closure}()
#3 C:\xampp\htdocs\servicio-tecnico\system\Common.php(1089): CodeIgniter\View\View->render('front/menu', Array, true)
#4 C:\xampp\htdocs\servicio-tecnico\app\Controllers\Home.php(11): view('front/menu')
#5 C:\xampp\htdocs\servicio-tecnico\system\CodeIgniter.php(832): App\Controllers\Home->index()
#6 C:\xampp\htdocs\servicio-tecnico\system\CodeIgniter.php(419): CodeIgniter\CodeIgniter->runController(Object(App\Controllers\Home))
#7 C:\xampp\htdocs\servicio-tecnico\system\CodeIgniter.php(326): CodeIgniter\CodeIgniter->handleRequest(NULL, Object(Config\Cache), false)
#8 C:\xampp\htdocs\servicio-tecnico\index.php(37): CodeIgniter\CodeIgniter->run()
#9 {main}
CRITICAL - 2022-04-14 18:19:43 --> Undefined property: CodeIgniter\View\View::$uri
#0 C:\xampp\htdocs\servicio-tecnico\app\Views\front\menu.php(13): CodeIgniter\Debug\Exceptions->errorHandler(8, 'Undefined prope...', 'C:\\xampp\\htdocs...', 13, Array)
#1 C:\xampp\htdocs\servicio-tecnico\system\View\View.php(210): include('C:\\xampp\\htdocs...')
#2 C:\xampp\htdocs\servicio-tecnico\system\View\View.php(213): CodeIgniter\View\View->CodeIgniter\View\{closure}()
#3 C:\xampp\htdocs\servicio-tecnico\system\Common.php(1089): CodeIgniter\View\View->render('front/menu', Array, true)
#4 C:\xampp\htdocs\servicio-tecnico\app\Controllers\Home.php(11): view('front/menu')
#5 C:\xampp\htdocs\servicio-tecnico\system\CodeIgniter.php(832): App\Controllers\Home->index()
#6 C:\xampp\htdocs\servicio-tecnico\system\CodeIgniter.php(419): CodeIgniter\CodeIgniter->runController(Object(App\Controllers\Home))
#7 C:\xampp\htdocs\servicio-tecnico\system\CodeIgniter.php(326): CodeIgniter\CodeIgniter->handleRequest(NULL, Object(Config\Cache), false)
#8 C:\xampp\htdocs\servicio-tecnico\index.php(37): CodeIgniter\CodeIgniter->run()
#9 {main}
CRITICAL - 2022-04-14 18:21:16 --> Undefined property: CodeIgniter\View\View::$uri
#0 C:\xampp\htdocs\servicio-tecnico\app\Views\front\menu.php(13): CodeIgniter\Debug\Exceptions->errorHandler(8, 'Undefined prope...', 'C:\\xampp\\htdocs...', 13, Array)
#1 C:\xampp\htdocs\servicio-tecnico\system\View\View.php(210): include('C:\\xampp\\htdocs...')
#2 C:\xampp\htdocs\servicio-tecnico\system\View\View.php(213): CodeIgniter\View\View->CodeIgniter\View\{closure}()
#3 C:\xampp\htdocs\servicio-tecnico\system\Common.php(1089): CodeIgniter\View\View->render('front/menu', Array, true)
#4 C:\xampp\htdocs\servicio-tecnico\app\Controllers\Home.php(11): view('front/menu')
#5 C:\xampp\htdocs\servicio-tecnico\system\CodeIgniter.php(832): App\Controllers\Home->index()
#6 C:\xampp\htdocs\servicio-tecnico\system\CodeIgniter.php(419): CodeIgniter\CodeIgniter->runController(Object(App\Controllers\Home))
#7 C:\xampp\htdocs\servicio-tecnico\system\CodeIgniter.php(326): CodeIgniter\CodeIgniter->handleRequest(NULL, Object(Config\Cache), false)
#8 C:\xampp\htdocs\servicio-tecnico\index.php(37): CodeIgniter\CodeIgniter->run()
#9 {main}
CRITICAL - 2022-04-14 18:22:08 --> Undefined property: CodeIgniter\View\View::$uri
#0 C:\xampp\htdocs\servicio-tecnico\app\Views\front\menu.php(13): CodeIgniter\Debug\Exceptions->errorHandler(8, 'Undefined prope...', 'C:\\xampp\\htdocs...', 13, Array)
#1 C:\xampp\htdocs\servicio-tecnico\system\View\View.php(210): include('C:\\xampp\\htdocs...')
#2 C:\xampp\htdocs\servicio-tecnico\system\View\View.php(213): CodeIgniter\View\View->CodeIgniter\View\{closure}()
#3 C:\xampp\htdocs\servicio-tecnico\system\Common.php(1089): CodeIgniter\View\View->render('front/menu', Array, true)
#4 C:\xampp\htdocs\servicio-tecnico\app\Controllers\Home.php(11): view('front/menu')
#5 C:\xampp\htdocs\servicio-tecnico\system\CodeIgniter.php(832): App\Controllers\Home->index()
#6 C:\xampp\htdocs\servicio-tecnico\system\CodeIgniter.php(419): CodeIgniter\CodeIgniter->runController(Object(App\Controllers\Home))
#7 C:\xampp\htdocs\servicio-tecnico\system\CodeIgniter.php(326): CodeIgniter\CodeIgniter->handleRequest(NULL, Object(Config\Cache), false)
#8 C:\xampp\htdocs\servicio-tecnico\index.php(37): CodeIgniter\CodeIgniter->run()
#9 {main}
CRITICAL - 2022-04-14 18:24:00 --> Undefined property: CodeIgniter\View\View::$uri
#0 C:\xampp\htdocs\servicio-tecnico\app\Views\front\menu.php(13): CodeIgniter\Debug\Exceptions->errorHandler(8, 'Undefined prope...', 'C:\\xampp\\htdocs...', 13, Array)
#1 C:\xampp\htdocs\servicio-tecnico\system\View\View.php(210): include('C:\\xampp\\htdocs...')
#2 C:\xampp\htdocs\servicio-tecnico\system\View\View.php(213): CodeIgniter\View\View->CodeIgniter\View\{closure}()
#3 C:\xampp\htdocs\servicio-tecnico\system\Common.php(1089): CodeIgniter\View\View->render('front/menu', Array, true)
#4 C:\xampp\htdocs\servicio-tecnico\app\Controllers\Home.php(11): view('front/menu')
#5 C:\xampp\htdocs\servicio-tecnico\system\CodeIgniter.php(832): App\Controllers\Home->index()
#6 C:\xampp\htdocs\servicio-tecnico\system\CodeIgniter.php(419): CodeIgniter\CodeIgniter->runController(Object(App\Controllers\Home))
#7 C:\xampp\htdocs\servicio-tecnico\system\CodeIgniter.php(326): CodeIgniter\CodeIgniter->handleRequest(NULL, Object(Config\Cache), false)
#8 C:\xampp\htdocs\servicio-tecnico\index.php(37): CodeIgniter\CodeIgniter->run()
#9 {main}
CRITICAL - 2022-04-14 18:28:57 --> Undefined property: CodeIgniter\View\View::$uri
#0 C:\xampp\htdocs\servicio-tecnico\app\Views\front\menu.php(13): CodeIgniter\Debug\Exceptions->errorHandler(8, 'Undefined prope...', 'C:\\xampp\\htdocs...', 13, Array)
#1 C:\xampp\htdocs\servicio-tecnico\system\View\View.php(210): include('C:\\xampp\\htdocs...')
#2 C:\xampp\htdocs\servicio-tecnico\system\View\View.php(213): CodeIgniter\View\View->CodeIgniter\View\{closure}()
#3 C:\xampp\htdocs\servicio-tecnico\system\Common.php(1089): CodeIgniter\View\View->render('front/menu', Array, true)
#4 C:\xampp\htdocs\servicio-tecnico\app\Controllers\Home.php(11): view('front/menu')
#5 C:\xampp\htdocs\servicio-tecnico\system\CodeIgniter.php(832): App\Controllers\Home->index()
#6 C:\xampp\htdocs\servicio-tecnico\system\CodeIgniter.php(419): CodeIgniter\CodeIgniter->runController(Object(App\Controllers\Home))
#7 C:\xampp\htdocs\servicio-tecnico\system\CodeIgniter.php(326): CodeIgniter\CodeIgniter->handleRequest(NULL, Object(Config\Cache), false)
#8 C:\xampp\htdocs\servicio-tecnico\index.php(37): CodeIgniter\CodeIgniter->run()
#9 {main}
CRITICAL - 2022-04-14 18:35:04 --> Undefined property: CodeIgniter\View\View::$uri
#0 C:\xampp\htdocs\servicio-tecnico\app\Views\front\menu.php(13): CodeIgniter\Debug\Exceptions->errorHandler(8, 'Undefined prope...', 'C:\\xampp\\htdocs...', 13, Array)
#1 C:\xampp\htdocs\servicio-tecnico\system\View\View.php(210): include('C:\\xampp\\htdocs...')
#2 C:\xampp\htdocs\servicio-tecnico\system\View\View.php(213): CodeIgniter\View\View->CodeIgniter\View\{closure}()
#3 C:\xampp\htdocs\servicio-tecnico\system\Common.php(1089): CodeIgniter\View\View->render('front/menu', Array, true)
#4 C:\xampp\htdocs\servicio-tecnico\app\Controllers\Home.php(11): view('front/menu')
#5 C:\xampp\htdocs\servicio-tecnico\system\CodeIgniter.php(832): App\Controllers\Home->index()
#6 C:\xampp\htdocs\servicio-tecnico\system\CodeIgniter.php(419): CodeIgniter\CodeIgniter->runController(Object(App\Controllers\Home))
#7 C:\xampp\htdocs\servicio-tecnico\system\CodeIgniter.php(326): CodeIgniter\CodeIgniter->handleRequest(NULL, Object(Config\Cache), false)
#8 C:\xampp\htdocs\servicio-tecnico\index.php(37): CodeIgniter\CodeIgniter->run()
#9 {main}
CRITICAL - 2022-04-14 18:36:15 --> Undefined property: CodeIgniter\View\View::$uri
#0 C:\xampp\htdocs\servicio-tecnico\app\Views\front\menu.php(13): CodeIgniter\Debug\Exceptions->errorHandler(8, 'Undefined prope...', 'C:\\xampp\\htdocs...', 13, Array)
#1 C:\xampp\htdocs\servicio-tecnico\system\View\View.php(210): include('C:\\xampp\\htdocs...')
#2 C:\xampp\htdocs\servicio-tecnico\system\View\View.php(213): CodeIgniter\View\View->CodeIgniter\View\{closure}()
#3 C:\xampp\htdocs\servicio-tecnico\system\Common.php(1089): CodeIgniter\View\View->render('front/menu', Array, true)
#4 C:\xampp\htdocs\servicio-tecnico\app\Controllers\Home.php(11): view('front/menu')
#5 C:\xampp\htdocs\servicio-tecnico\system\CodeIgniter.php(832): App\Controllers\Home->index()
#6 C:\xampp\htdocs\servicio-tecnico\system\CodeIgniter.php(419): CodeIgniter\CodeIgniter->runController(Object(App\Controllers\Home))
#7 C:\xampp\htdocs\servicio-tecnico\system\CodeIgniter.php(326): CodeIgniter\CodeIgniter->handleRequest(NULL, Object(Config\Cache), false)
#8 C:\xampp\htdocs\servicio-tecnico\index.php(37): CodeIgniter\CodeIgniter->run()
#9 {main}
CRITICAL - 2022-04-14 18:36:16 --> Undefined property: CodeIgniter\View\View::$uri
#0 C:\xampp\htdocs\servicio-tecnico\app\Views\front\menu.php(13): CodeIgniter\Debug\Exceptions->errorHandler(8, 'Undefined prope...', 'C:\\xampp\\htdocs...', 13, Array)
#1 C:\xampp\htdocs\servicio-tecnico\system\View\View.php(210): include('C:\\xampp\\htdocs...')
#2 C:\xampp\htdocs\servicio-tecnico\system\View\View.php(213): CodeIgniter\View\View->CodeIgniter\View\{closure}()
#3 C:\xampp\htdocs\servicio-tecnico\system\Common.php(1089): CodeIgniter\View\View->render('front/menu', Array, true)
#4 C:\xampp\htdocs\servicio-tecnico\app\Controllers\Home.php(11): view('front/menu')
#5 C:\xampp\htdocs\servicio-tecnico\system\CodeIgniter.php(832): App\Controllers\Home->index()
#6 C:\xampp\htdocs\servicio-tecnico\system\CodeIgniter.php(419): CodeIgniter\CodeIgniter->runController(Object(App\Controllers\Home))
#7 C:\xampp\htdocs\servicio-tecnico\system\CodeIgniter.php(326): CodeIgniter\CodeIgniter->handleRequest(NULL, Object(Config\Cache), false)
#8 C:\xampp\htdocs\servicio-tecnico\index.php(37): CodeIgniter\CodeIgniter->run()
#9 {main}
CRITICAL - 2022-04-14 18:38:48 --> Undefined property: CodeIgniter\View\View::$uri
#0 C:\xampp\htdocs\servicio-tecnico\app\Views\front\menu.php(13): CodeIgniter\Debug\Exceptions->errorHandler(8, 'Undefined prope...', 'C:\\xampp\\htdocs...', 13, Array)
#1 C:\xampp\htdocs\servicio-tecnico\system\View\View.php(210): include('C:\\xampp\\htdocs...')
#2 C:\xampp\htdocs\servicio-tecnico\system\View\View.php(213): CodeIgniter\View\View->CodeIgniter\View\{closure}()
#3 C:\xampp\htdocs\servicio-tecnico\system\Common.php(1089): CodeIgniter\View\View->render('front/menu', Array, true)
#4 C:\xampp\htdocs\servicio-tecnico\app\Controllers\Home.php(11): view('front/menu')
#5 C:\xampp\htdocs\servicio-tecnico\system\CodeIgniter.php(832): App\Controllers\Home->index()
#6 C:\xampp\htdocs\servicio-tecnico\system\CodeIgniter.php(419): CodeIgniter\CodeIgniter->runController(Object(App\Controllers\Home))
#7 C:\xampp\htdocs\servicio-tecnico\system\CodeIgniter.php(326): CodeIgniter\CodeIgniter->handleRequest(NULL, Object(Config\Cache), false)
#8 C:\xampp\htdocs\servicio-tecnico\index.php(37): CodeIgniter\CodeIgniter->run()
#9 {main}
CRITICAL - 2022-04-14 18:38:49 --> Undefined property: CodeIgniter\View\View::$uri
#0 C:\xampp\htdocs\servicio-tecnico\app\Views\front\menu.php(13): CodeIgniter\Debug\Exceptions->errorHandler(8, 'Undefined prope...', 'C:\\xampp\\htdocs...', 13, Array)
#1 C:\xampp\htdocs\servicio-tecnico\system\View\View.php(210): include('C:\\xampp\\htdocs...')
#2 C:\xampp\htdocs\servicio-tecnico\system\View\View.php(213): CodeIgniter\View\View->CodeIgniter\View\{closure}()
#3 C:\xampp\htdocs\servicio-tecnico\system\Common.php(1089): CodeIgniter\View\View->render('front/menu', Array, true)
#4 C:\xampp\htdocs\servicio-tecnico\app\Controllers\Home.php(11): view('front/menu')
#5 C:\xampp\htdocs\servicio-tecnico\system\CodeIgniter.php(832): App\Controllers\Home->index()
#6 C:\xampp\htdocs\servicio-tecnico\system\CodeIgniter.php(419): CodeIgniter\CodeIgniter->runController(Object(App\Controllers\Home))
#7 C:\xampp\htdocs\servicio-tecnico\system\CodeIgniter.php(326): CodeIgniter\CodeIgniter->handleRequest(NULL, Object(Config\Cache), false)
#8 C:\xampp\htdocs\servicio-tecnico\index.php(37): CodeIgniter\CodeIgniter->run()
#9 {main}
CRITICAL - 2022-04-14 18:38:50 --> Undefined property: CodeIgniter\View\View::$uri
#0 C:\xampp\htdocs\servicio-tecnico\app\Views\front\menu.php(13): CodeIgniter\Debug\Exceptions->errorHandler(8, 'Undefined prope...', 'C:\\xampp\\htdocs...', 13, Array)
#1 C:\xampp\htdocs\servicio-tecnico\system\View\View.php(210): include('C:\\xampp\\htdocs...')
#2 C:\xampp\htdocs\servicio-tecnico\system\View\View.php(213): CodeIgniter\View\View->CodeIgniter\View\{closure}()
#3 C:\xampp\htdocs\servicio-tecnico\system\Common.php(1089): CodeIgniter\View\View->render('front/menu', Array, true)
#4 C:\xampp\htdocs\servicio-tecnico\app\Controllers\Home.php(11): view('front/menu')
#5 C:\xampp\htdocs\servicio-tecnico\system\CodeIgniter.php(832): App\Controllers\Home->index()
#6 C:\xampp\htdocs\servicio-tecnico\system\CodeIgniter.php(419): CodeIgniter\CodeIgniter->runController(Object(App\Controllers\Home))
#7 C:\xampp\htdocs\servicio-tecnico\system\CodeIgniter.php(326): CodeIgniter\CodeIgniter->handleRequest(NULL, Object(Config\Cache), false)
#8 C:\xampp\htdocs\servicio-tecnico\index.php(37): CodeIgniter\CodeIgniter->run()
#9 {main}
